[0.012s] Invoking command in '/home/o2p9/ros_space/build/tutorial_pkg': CMAKE_PREFIX_PATH=/opt/ros/iron /usr/bin/cmake /home/o2p9/ros_space/tutorial_pkg -DCMAKE_INSTALL_PREFIX=/home/o2p9/ros_space/install/tutorial_pkg
[0.145s] -- The C compiler identification is GNU 11.4.0
[0.264s] -- The CXX compiler identification is GNU 11.4.0
[0.273s] -- Detecting C compiler ABI info
[0.356s] -- Detecting C compiler ABI info - done
[0.365s] -- Check for working C compiler: /usr/bin/cc - skipped
[0.365s] -- Detecting C compile features
[0.366s] -- Detecting C compile features - done
[0.369s] -- Detecting CXX compiler ABI info
[0.465s] -- Detecting CXX compiler ABI info - done
[0.474s] -- Check for working CXX compiler: /usr/bin/c++ - skipped
[0.474s] -- Detecting CXX compile features
[0.475s] -- Detecting CXX compile features - done
[0.478s] -- Found ament_cmake: 2.0.7 (/opt/ros/iron/share/ament_cmake/cmake)
[0.676s] -- Found Python3: /usr/bin/python3.10 (found version "3.10.12") found components: Interpreter 
[0.791s] -- Found ament_lint_auto: 0.14.4 (/opt/ros/iron/share/ament_lint_auto/cmake)
[0.886s] -- Added test 'lint_cmake' to check CMake code style
[0.888s] -- Added test 'xmllint' to check XML markup files
[0.889s] -- Configuring done
[0.893s] -- Generating done
[0.895s] -- Build files have been written to: /home/o2p9/ros_space/build/tutorial_pkg
[0.900s] Invoked command in '/home/o2p9/ros_space/build/tutorial_pkg' returned '0': CMAKE_PREFIX_PATH=/opt/ros/iron /usr/bin/cmake /home/o2p9/ros_space/tutorial_pkg -DCMAKE_INSTALL_PREFIX=/home/o2p9/ros_space/install/tutorial_pkg
[0.903s] Invoking command in '/home/o2p9/ros_space/build/tutorial_pkg': CMAKE_PREFIX_PATH=/opt/ros/iron /usr/bin/cmake --build /home/o2p9/ros_space/build/tutorial_pkg -- -j4 -l4
[0.947s] Invoked command in '/home/o2p9/ros_space/build/tutorial_pkg' returned '0': CMAKE_PREFIX_PATH=/opt/ros/iron /usr/bin/cmake --build /home/o2p9/ros_space/build/tutorial_pkg -- -j4 -l4
[0.959s] Invoking command in '/home/o2p9/ros_space/build/tutorial_pkg': CMAKE_PREFIX_PATH=/opt/ros/iron /usr/bin/cmake --install /home/o2p9/ros_space/build/tutorial_pkg
[0.967s] -- Install configuration: ""
[0.967s] -- Installing: /home/o2p9/ros_space/install/tutorial_pkg/share/ament_index/resource_index/package_run_dependencies/tutorial_pkg
[0.968s] -- Installing: /home/o2p9/ros_space/install/tutorial_pkg/share/ament_index/resource_index/parent_prefix_path/tutorial_pkg
[0.968s] -- Installing: /home/o2p9/ros_space/install/tutorial_pkg/share/tutorial_pkg/environment/ament_prefix_path.sh
[0.968s] -- Installing: /home/o2p9/ros_space/install/tutorial_pkg/share/tutorial_pkg/environment/ament_prefix_path.dsv
[0.968s] -- Installing: /home/o2p9/ros_space/install/tutorial_pkg/share/tutorial_pkg/environment/path.sh
[0.968s] -- Installing: /home/o2p9/ros_space/install/tutorial_pkg/share/tutorial_pkg/environment/path.dsv
[0.968s] -- Installing: /home/o2p9/ros_space/install/tutorial_pkg/share/tutorial_pkg/local_setup.bash
[0.969s] -- Installing: /home/o2p9/ros_space/install/tutorial_pkg/share/tutorial_pkg/local_setup.sh
[0.969s] -- Installing: /home/o2p9/ros_space/install/tutorial_pkg/share/tutorial_pkg/local_setup.zsh
[0.969s] -- Installing: /home/o2p9/ros_space/install/tutorial_pkg/share/tutorial_pkg/local_setup.dsv
[0.969s] -- Installing: /home/o2p9/ros_space/install/tutorial_pkg/share/tutorial_pkg/package.dsv
[0.970s] -- Installing: /home/o2p9/ros_space/install/tutorial_pkg/share/ament_index/resource_index/packages/tutorial_pkg
[0.970s] -- Installing: /home/o2p9/ros_space/install/tutorial_pkg/share/tutorial_pkg/cmake/tutorial_pkgConfig.cmake
[0.970s] -- Installing: /home/o2p9/ros_space/install/tutorial_pkg/share/tutorial_pkg/cmake/tutorial_pkgConfig-version.cmake
[0.970s] -- Installing: /home/o2p9/ros_space/install/tutorial_pkg/share/tutorial_pkg/package.xml
[0.972s] Invoked command in '/home/o2p9/ros_space/build/tutorial_pkg' returned '0': CMAKE_PREFIX_PATH=/opt/ros/iron /usr/bin/cmake --install /home/o2p9/ros_space/build/tutorial_pkg
