[0.022s] Invoking command in '/home/o2p9/ros_space/build/kobuki_ros_interfaces': CMAKE_PREFIX_PATH=${CMAKE_PREFIX_PATH}:/opt/ros/iron /usr/bin/cmake --build /home/o2p9/ros_space/build/kobuki_ros_interfaces -- -j4 -l4
[0.104s] [  1%] Built target kobuki_ros_interfaces__rosidl_generator_type_description
[0.135s] [  1%] Built target ament_cmake_python_copy_kobuki_ros_interfaces
[0.173s] [  1%] Built target kobuki_ros_interfaces__cpp
[0.208s] [ 29%] Built target kobuki_ros_interfaces__rosidl_generator_c
[0.546s] [ 38%] Built target kobuki_ros_interfaces__rosidl_typesupport_cpp
[0.564s] [ 48%] Built target kobuki_ros_interfaces__rosidl_typesupport_fastrtps_cpp
[0.669s] [ 58%] Built target kobuki_ros_interfaces__rosidl_typesupport_fastrtps_c
[0.814s] [ 68%] Built target kobuki_ros_interfaces__rosidl_typesupport_introspection_c
[0.828s] [ 78%] Built target kobuki_ros_interfaces__rosidl_typesupport_c
[0.920s] [ 88%] Built target kobuki_ros_interfaces__rosidl_typesupport_introspection_cpp
[1.033s] [ 88%] Built target kobuki_ros_interfaces
[1.146s] [ 88%] Built target kobuki_ros_interfaces__py
[1.309s] [ 97%] Built target kobuki_ros_interfaces__rosidl_generator_py
[1.502s] [ 98%] Built target kobuki_ros_interfaces__rosidl_typesupport_introspection_c__pyext
[1.508s] [ 99%] Built target kobuki_ros_interfaces__rosidl_typesupport_fastrtps_c__pyext
[1.516s] [100%] Built target kobuki_ros_interfaces__rosidl_typesupport_c__pyext
[1.742s] running egg_info
[1.743s] writing kobuki_ros_interfaces.egg-info/PKG-INFO
[1.744s] writing dependency_links to kobuki_ros_interfaces.egg-info/dependency_links.txt
[1.744s] writing top-level names to kobuki_ros_interfaces.egg-info/top_level.txt
[1.750s] reading manifest file 'kobuki_ros_interfaces.egg-info/SOURCES.txt'
[1.751s] writing manifest file 'kobuki_ros_interfaces.egg-info/SOURCES.txt'
[1.785s] [100%] Built target ament_cmake_python_build_kobuki_ros_interfaces_egg
[1.802s] Invoked command in '/home/o2p9/ros_space/build/kobuki_ros_interfaces' returned '0': CMAKE_PREFIX_PATH=${CMAKE_PREFIX_PATH}:/opt/ros/iron /usr/bin/cmake --build /home/o2p9/ros_space/build/kobuki_ros_interfaces -- -j4 -l4
[1.804s] Invoking command in '/home/o2p9/ros_space/build/kobuki_ros_interfaces': CMAKE_PREFIX_PATH=${CMAKE_PREFIX_PATH}:/opt/ros/iron /usr/bin/cmake --install /home/o2p9/ros_space/build/kobuki_ros_interfaces
[1.813s] -- Install configuration: ""
[1.814s] -- Up-to-date: /home/o2p9/ros_space/install/kobuki_ros_interfaces/share/ament_index/resource_index/rosidl_interfaces/kobuki_ros_interfaces
[1.814s] -- Up-to-date: /home/o2p9/ros_space/install/kobuki_ros_interfaces/share/kobuki_ros_interfaces/msg/BumperEvent.json
[1.814s] -- Up-to-date: /home/o2p9/ros_space/install/kobuki_ros_interfaces/share/kobuki_ros_interfaces/msg/CliffEvent.json
[1.814s] -- Up-to-date: /home/o2p9/ros_space/install/kobuki_ros_interfaces/share/kobuki_ros_interfaces/msg/DigitalOutput.json
[1.814s] -- Up-to-date: /home/o2p9/ros_space/install/kobuki_ros_interfaces/share/kobuki_ros_interfaces/msg/ExternalPower.json
[1.815s] -- Up-to-date: /home/o2p9/ros_space/install/kobuki_ros_interfaces/share/kobuki_ros_interfaces/msg/Led.json
[1.815s] -- Up-to-date: /home/o2p9/ros_space/install/kobuki_ros_interfaces/share/kobuki_ros_interfaces/msg/PowerSystemEvent.json
[1.815s] -- Up-to-date: /home/o2p9/ros_space/install/kobuki_ros_interfaces/share/kobuki_ros_interfaces/msg/SensorState.json
[1.815s] -- Up-to-date: /home/o2p9/ros_space/install/kobuki_ros_interfaces/share/kobuki_ros_interfaces/msg/VersionInfo.json
[1.815s] -- Up-to-date: /home/o2p9/ros_space/install/kobuki_ros_interfaces/share/kobuki_ros_interfaces/msg/ControllerInfo.json
[1.815s] -- Up-to-date: /home/o2p9/ros_space/install/kobuki_ros_interfaces/share/kobuki_ros_interfaces/msg/ButtonEvent.json
[1.815s] -- Up-to-date: /home/o2p9/ros_space/install/kobuki_ros_interfaces/share/kobuki_ros_interfaces/msg/DigitalInputEvent.json
[1.816s] -- Up-to-date: /home/o2p9/ros_space/install/kobuki_ros_interfaces/share/kobuki_ros_interfaces/msg/DockInfraRed.json
[1.816s] -- Up-to-date: /home/o2p9/ros_space/install/kobuki_ros_interfaces/share/kobuki_ros_interfaces/msg/KeyboardInput.json
[1.816s] -- Up-to-date: /home/o2p9/ros_space/install/kobuki_ros_interfaces/share/kobuki_ros_interfaces/msg/MotorPower.json
[1.816s] -- Up-to-date: /home/o2p9/ros_space/install/kobuki_ros_interfaces/share/kobuki_ros_interfaces/msg/RobotStateEvent.json
[1.816s] -- Up-to-date: /home/o2p9/ros_space/install/kobuki_ros_interfaces/share/kobuki_ros_interfaces/msg/Sound.json
[1.816s] -- Up-to-date: /home/o2p9/ros_space/install/kobuki_ros_interfaces/share/kobuki_ros_interfaces/msg/ScanAngle.json
[1.816s] -- Up-to-date: /home/o2p9/ros_space/install/kobuki_ros_interfaces/share/kobuki_ros_interfaces/msg/WheelDropEvent.json
[1.816s] -- Up-to-date: /home/o2p9/ros_space/install/kobuki_ros_interfaces/share/kobuki_ros_interfaces/action/AutoDocking.json
[1.816s] -- Up-to-date: /home/o2p9/ros_space/install/kobuki_ros_interfaces/include/kobuki_ros_interfaces/kobuki_ros_interfaces
[1.817s] -- Up-to-date: /home/o2p9/ros_space/install/kobuki_ros_interfaces/include/kobuki_ros_interfaces/kobuki_ros_interfaces/action
[1.817s] -- Up-to-date: /home/o2p9/ros_space/install/kobuki_ros_interfaces/include/kobuki_ros_interfaces/kobuki_ros_interfaces/action/detail
[1.817s] -- Up-to-date: /home/o2p9/ros_space/install/kobuki_ros_interfaces/include/kobuki_ros_interfaces/kobuki_ros_interfaces/action/detail/auto_docking__functions.h
[1.817s] -- Installing: /home/o2p9/ros_space/install/kobuki_ros_interfaces/include/kobuki_ros_interfaces/kobuki_ros_interfaces/action/detail/auto_docking__type_support.c
[1.817s] -- Up-to-date: /home/o2p9/ros_space/install/kobuki_ros_interfaces/include/kobuki_ros_interfaces/kobuki_ros_interfaces/action/detail/auto_docking__description.c
[1.817s] -- Up-to-date: /home/o2p9/ros_space/install/kobuki_ros_interfaces/include/kobuki_ros_interfaces/kobuki_ros_interfaces/action/detail/auto_docking__functions.c
[1.817s] -- Up-to-date: /home/o2p9/ros_space/install/kobuki_ros_interfaces/include/kobuki_ros_interfaces/kobuki_ros_interfaces/action/detail/auto_docking__struct.h
[1.817s] -- Up-to-date: /home/o2p9/ros_space/install/kobuki_ros_interfaces/include/kobuki_ros_interfaces/kobuki_ros_interfaces/action/detail/auto_docking__type_support.h
[1.817s] -- Up-to-date: /home/o2p9/ros_space/install/kobuki_ros_interfaces/include/kobuki_ros_interfaces/kobuki_ros_interfaces/action/auto_docking.h
[1.818s] -- Up-to-date: /home/o2p9/ros_space/install/kobuki_ros_interfaces/include/kobuki_ros_interfaces/kobuki_ros_interfaces/msg
[1.818s] -- Up-to-date: /home/o2p9/ros_space/install/kobuki_ros_interfaces/include/kobuki_ros_interfaces/kobuki_ros_interfaces/msg/robot_state_event.h
[1.818s] -- Up-to-date: /home/o2p9/ros_space/install/kobuki_ros_interfaces/include/kobuki_ros_interfaces/kobuki_ros_interfaces/msg/digital_input_event.h
[1.819s] -- Up-to-date: /home/o2p9/ros_space/install/kobuki_ros_interfaces/include/kobuki_ros_interfaces/kobuki_ros_interfaces/msg/detail
[1.819s] -- Up-to-date: /home/o2p9/ros_space/install/kobuki_ros_interfaces/include/kobuki_ros_interfaces/kobuki_ros_interfaces/msg/detail/robot_state_event__description.c
[1.819s] -- Up-to-date: /home/o2p9/ros_space/install/kobuki_ros_interfaces/include/kobuki_ros_interfaces/kobuki_ros_interfaces/msg/detail/dock_infra_red__type_support.h
[1.819s] -- Up-to-date: /home/o2p9/ros_space/install/kobuki_ros_interfaces/include/kobuki_ros_interfaces/kobuki_ros_interfaces/msg/detail/controller_info__type_support.h
[1.819s] -- Up-to-date: /home/o2p9/ros_space/install/kobuki_ros_interfaces/include/kobuki_ros_interfaces/kobuki_ros_interfaces/msg/detail/motor_power__type_support.h
[1.819s] -- Up-to-date: /home/o2p9/ros_space/install/kobuki_ros_interfaces/include/kobuki_ros_interfaces/kobuki_ros_interfaces/msg/detail/controller_info__functions.h
[1.819s] -- Up-to-date: /home/o2p9/ros_space/install/kobuki_ros_interfaces/include/kobuki_ros_interfaces/kobuki_ros_interfaces/msg/detail/version_info__description.c
[1.819s] -- Up-to-date: /home/o2p9/ros_space/install/kobuki_ros_interfaces/include/kobuki_ros_interfaces/kobuki_ros_interfaces/msg/detail/version_info__functions.h
[1.819s] -- Installing: /home/o2p9/ros_space/install/kobuki_ros_interfaces/include/kobuki_ros_interfaces/kobuki_ros_interfaces/msg/detail/cliff_event__type_support.c
[1.820s] -- Up-to-date: /home/o2p9/ros_space/install/kobuki_ros_interfaces/include/kobuki_ros_interfaces/kobuki_ros_interfaces/msg/detail/cliff_event__functions.c
[1.820s] -- Up-to-date: /home/o2p9/ros_space/install/kobuki_ros_interfaces/include/kobuki_ros_interfaces/kobuki_ros_interfaces/msg/detail/wheel_drop_event__description.c
[1.820s] -- Installing: /home/o2p9/ros_space/install/kobuki_ros_interfaces/include/kobuki_ros_interfaces/kobuki_ros_interfaces/msg/detail/sound__type_support.c
[1.820s] -- Up-to-date: /home/o2p9/ros_space/install/kobuki_ros_interfaces/include/kobuki_ros_interfaces/kobuki_ros_interfaces/msg/detail/sensor_state__struct.h
[1.820s] -- Up-to-date: /home/o2p9/ros_space/install/kobuki_ros_interfaces/include/kobuki_ros_interfaces/kobuki_ros_interfaces/msg/detail/sensor_state__functions.h
[1.820s] -- Up-to-date: /home/o2p9/ros_space/install/kobuki_ros_interfaces/include/kobuki_ros_interfaces/kobuki_ros_interfaces/msg/detail/scan_angle__functions.c
[1.821s] -- Installing: /home/o2p9/ros_space/install/kobuki_ros_interfaces/include/kobuki_ros_interfaces/kobuki_ros_interfaces/msg/detail/keyboard_input__type_support.c
[1.821s] -- Installing: /home/o2p9/ros_space/install/kobuki_ros_interfaces/include/kobuki_ros_interfaces/kobuki_ros_interfaces/msg/detail/scan_angle__type_support.c
[1.821s] -- Up-to-date: /home/o2p9/ros_space/install/kobuki_ros_interfaces/include/kobuki_ros_interfaces/kobuki_ros_interfaces/msg/detail/led__description.c
[1.821s] -- Up-to-date: /home/o2p9/ros_space/install/kobuki_ros_interfaces/include/kobuki_ros_interfaces/kobuki_ros_interfaces/msg/detail/external_power__struct.h
[1.821s] -- Up-to-date: /home/o2p9/ros_space/install/kobuki_ros_interfaces/include/kobuki_ros_interfaces/kobuki_ros_interfaces/msg/detail/motor_power__functions.h
[1.821s] -- Installing: /home/o2p9/ros_space/install/kobuki_ros_interfaces/include/kobuki_ros_interfaces/kobuki_ros_interfaces/msg/detail/led__type_support.c
[1.821s] -- Up-to-date: /home/o2p9/ros_space/install/kobuki_ros_interfaces/include/kobuki_ros_interfaces/kobuki_ros_interfaces/msg/detail/bumper_event__type_support.h
[1.821s] -- Installing: /home/o2p9/ros_space/install/kobuki_ros_interfaces/include/kobuki_ros_interfaces/kobuki_ros_interfaces/msg/detail/dock_infra_red__type_support.c
[1.822s] -- Up-to-date: /home/o2p9/ros_space/install/kobuki_ros_interfaces/include/kobuki_ros_interfaces/kobuki_ros_interfaces/msg/detail/dock_infra_red__description.c
[1.822s] -- Up-to-date: /home/o2p9/ros_space/install/kobuki_ros_interfaces/include/kobuki_ros_interfaces/kobuki_ros_interfaces/msg/detail/power_system_event__struct.h
[1.822s] -- Up-to-date: /home/o2p9/ros_space/install/kobuki_ros_interfaces/include/kobuki_ros_interfaces/kobuki_ros_interfaces/msg/detail/digital_input_event__type_support.h
[1.822s] -- Up-to-date: /home/o2p9/ros_space/install/kobuki_ros_interfaces/include/kobuki_ros_interfaces/kobuki_ros_interfaces/msg/detail/cliff_event__description.c
[1.822s] -- Up-to-date: /home/o2p9/ros_space/install/kobuki_ros_interfaces/include/kobuki_ros_interfaces/kobuki_ros_interfaces/msg/detail/sound__struct.h
[1.822s] -- Up-to-date: /home/o2p9/ros_space/install/kobuki_ros_interfaces/include/kobuki_ros_interfaces/kobuki_ros_interfaces/msg/detail/scan_angle__description.c
[1.822s] -- Up-to-date: /home/o2p9/ros_space/install/kobuki_ros_interfaces/include/kobuki_ros_interfaces/kobuki_ros_interfaces/msg/detail/bumper_event__struct.h
[1.822s] -- Installing: /home/o2p9/ros_space/install/kobuki_ros_interfaces/include/kobuki_ros_interfaces/kobuki_ros_interfaces/msg/detail/motor_power__type_support.c
[1.822s] -- Up-to-date: /home/o2p9/ros_space/install/kobuki_ros_interfaces/include/kobuki_ros_interfaces/kobuki_ros_interfaces/msg/detail/bumper_event__description.c
[1.823s] -- Up-to-date: /home/o2p9/ros_space/install/kobuki_ros_interfaces/include/kobuki_ros_interfaces/kobuki_ros_interfaces/msg/detail/power_system_event__type_support.h
[1.823s] -- Up-to-date: /home/o2p9/ros_space/install/kobuki_ros_interfaces/include/kobuki_ros_interfaces/kobuki_ros_interfaces/msg/detail/digital_output__type_support.h
[1.823s] -- Up-to-date: /home/o2p9/ros_space/install/kobuki_ros_interfaces/include/kobuki_ros_interfaces/kobuki_ros_interfaces/msg/detail/dock_infra_red__functions.h
[1.823s] -- Up-to-date: /home/o2p9/ros_space/install/kobuki_ros_interfaces/include/kobuki_ros_interfaces/kobuki_ros_interfaces/msg/detail/scan_angle__type_support.h
[1.823s] -- Up-to-date: /home/o2p9/ros_space/install/kobuki_ros_interfaces/include/kobuki_ros_interfaces/kobuki_ros_interfaces/msg/detail/sound__type_support.h
[1.823s] -- Up-to-date: /home/o2p9/ros_space/install/kobuki_ros_interfaces/include/kobuki_ros_interfaces/kobuki_ros_interfaces/msg/detail/controller_info__struct.h
[1.824s] -- Installing: /home/o2p9/ros_space/install/kobuki_ros_interfaces/include/kobuki_ros_interfaces/kobuki_ros_interfaces/msg/detail/power_system_event__type_support.c
[1.824s] -- Installing: /home/o2p9/ros_space/install/kobuki_ros_interfaces/include/kobuki_ros_interfaces/kobuki_ros_interfaces/msg/detail/wheel_drop_event__type_support.c
[1.824s] -- Up-to-date: /home/o2p9/ros_space/install/kobuki_ros_interfaces/include/kobuki_ros_interfaces/kobuki_ros_interfaces/msg/detail/button_event__functions.h
[1.824s] -- Up-to-date: /home/o2p9/ros_space/install/kobuki_ros_interfaces/include/kobuki_ros_interfaces/kobuki_ros_interfaces/msg/detail/led__functions.c
[1.824s] -- Up-to-date: /home/o2p9/ros_space/install/kobuki_ros_interfaces/include/kobuki_ros_interfaces/kobuki_ros_interfaces/msg/detail/digital_output__functions.c
[1.824s] -- Installing: /home/o2p9/ros_space/install/kobuki_ros_interfaces/include/kobuki_ros_interfaces/kobuki_ros_interfaces/msg/detail/button_event__type_support.c
[1.824s] -- Up-to-date: /home/o2p9/ros_space/install/kobuki_ros_interfaces/include/kobuki_ros_interfaces/kobuki_ros_interfaces/msg/detail/power_system_event__description.c
[1.824s] -- Up-to-date: /home/o2p9/ros_space/install/kobuki_ros_interfaces/include/kobuki_ros_interfaces/kobuki_ros_interfaces/msg/detail/digital_input_event__struct.h
[1.825s] -- Up-to-date: /home/o2p9/ros_space/install/kobuki_ros_interfaces/include/kobuki_ros_interfaces/kobuki_ros_interfaces/msg/detail/digital_output__functions.h
[1.825s] -- Up-to-date: /home/o2p9/ros_space/install/kobuki_ros_interfaces/include/kobuki_ros_interfaces/kobuki_ros_interfaces/msg/detail/sensor_state__functions.c
[1.825s] -- Up-to-date: /home/o2p9/ros_space/install/kobuki_ros_interfaces/include/kobuki_ros_interfaces/kobuki_ros_interfaces/msg/detail/version_info__type_support.h
[1.825s] -- Installing: /home/o2p9/ros_space/install/kobuki_ros_interfaces/include/kobuki_ros_interfaces/kobuki_ros_interfaces/msg/detail/controller_info__type_support.c
[1.825s] -- Up-to-date: /home/o2p9/ros_space/install/kobuki_ros_interfaces/include/kobuki_ros_interfaces/kobuki_ros_interfaces/msg/detail/cliff_event__functions.h
[1.825s] -- Installing: /home/o2p9/ros_space/install/kobuki_ros_interfaces/include/kobuki_ros_interfaces/kobuki_ros_interfaces/msg/detail/bumper_event__type_support.c
[1.826s] -- Up-to-date: /home/o2p9/ros_space/install/kobuki_ros_interfaces/include/kobuki_ros_interfaces/kobuki_ros_interfaces/msg/detail/keyboard_input__description.c
[1.826s] -- Installing: /home/o2p9/ros_space/install/kobuki_ros_interfaces/include/kobuki_ros_interfaces/kobuki_ros_interfaces/msg/detail/robot_state_event__type_support.c
[1.826s] -- Up-to-date: /home/o2p9/ros_space/install/kobuki_ros_interfaces/include/kobuki_ros_interfaces/kobuki_ros_interfaces/msg/detail/sound__description.c
[1.826s] -- Up-to-date: /home/o2p9/ros_space/install/kobuki_ros_interfaces/include/kobuki_ros_interfaces/kobuki_ros_interfaces/msg/detail/sound__functions.c
[1.826s] -- Up-to-date: /home/o2p9/ros_space/install/kobuki_ros_interfaces/include/kobuki_ros_interfaces/kobuki_ros_interfaces/msg/detail/controller_info__description.c
[1.826s] -- Up-to-date: /home/o2p9/ros_space/install/kobuki_ros_interfaces/include/kobuki_ros_interfaces/kobuki_ros_interfaces/msg/detail/button_event__type_support.h
[1.826s] -- Installing: /home/o2p9/ros_space/install/kobuki_ros_interfaces/include/kobuki_ros_interfaces/kobuki_ros_interfaces/msg/detail/digital_input_event__type_support.c
[1.826s] -- Installing: /home/o2p9/ros_space/install/kobuki_ros_interfaces/include/kobuki_ros_interfaces/kobuki_ros_interfaces/msg/detail/version_info__type_support.c
[1.826s] -- Up-to-date: /home/o2p9/ros_space/install/kobuki_ros_interfaces/include/kobuki_ros_interfaces/kobuki_ros_interfaces/msg/detail/sound__functions.h
[1.827s] -- Up-to-date: /home/o2p9/ros_space/install/kobuki_ros_interfaces/include/kobuki_ros_interfaces/kobuki_ros_interfaces/msg/detail/keyboard_input__functions.h
[1.827s] -- Up-to-date: /home/o2p9/ros_space/install/kobuki_ros_interfaces/include/kobuki_ros_interfaces/kobuki_ros_interfaces/msg/detail/controller_info__functions.c
[1.827s] -- Up-to-date: /home/o2p9/ros_space/install/kobuki_ros_interfaces/include/kobuki_ros_interfaces/kobuki_ros_interfaces/msg/detail/robot_state_event__functions.c
[1.827s] -- Up-to-date: /home/o2p9/ros_space/install/kobuki_ros_interfaces/include/kobuki_ros_interfaces/kobuki_ros_interfaces/msg/detail/digital_output__description.c
[1.827s] -- Up-to-date: /home/o2p9/ros_space/install/kobuki_ros_interfaces/include/kobuki_ros_interfaces/kobuki_ros_interfaces/msg/detail/cliff_event__struct.h
[1.827s] -- Up-to-date: /home/o2p9/ros_space/install/kobuki_ros_interfaces/include/kobuki_ros_interfaces/kobuki_ros_interfaces/msg/detail/bumper_event__functions.h
[1.827s] -- Up-to-date: /home/o2p9/ros_space/install/kobuki_ros_interfaces/include/kobuki_ros_interfaces/kobuki_ros_interfaces/msg/detail/led__functions.h
[1.828s] -- Up-to-date: /home/o2p9/ros_space/install/kobuki_ros_interfaces/include/kobuki_ros_interfaces/kobuki_ros_interfaces/msg/detail/external_power__functions.h
[1.828s] -- Up-to-date: /home/o2p9/ros_space/install/kobuki_ros_interfaces/include/kobuki_ros_interfaces/kobuki_ros_interfaces/msg/detail/button_event__struct.h
[1.828s] -- Up-to-date: /home/o2p9/ros_space/install/kobuki_ros_interfaces/include/kobuki_ros_interfaces/kobuki_ros_interfaces/msg/detail/external_power__type_support.h
[1.828s] -- Installing: /home/o2p9/ros_space/install/kobuki_ros_interfaces/include/kobuki_ros_interfaces/kobuki_ros_interfaces/msg/detail/external_power__type_support.c
[1.828s] -- Up-to-date: /home/o2p9/ros_space/install/kobuki_ros_interfaces/include/kobuki_ros_interfaces/kobuki_ros_interfaces/msg/detail/version_info__functions.c
[1.828s] -- Up-to-date: /home/o2p9/ros_space/install/kobuki_ros_interfaces/include/kobuki_ros_interfaces/kobuki_ros_interfaces/msg/detail/motor_power__description.c
[1.828s] -- Up-to-date: /home/o2p9/ros_space/install/kobuki_ros_interfaces/include/kobuki_ros_interfaces/kobuki_ros_interfaces/msg/detail/dock_infra_red__struct.h
[1.828s] -- Up-to-date: /home/o2p9/ros_space/install/kobuki_ros_interfaces/include/kobuki_ros_interfaces/kobuki_ros_interfaces/msg/detail/led__struct.h
[1.828s] -- Up-to-date: /home/o2p9/ros_space/install/kobuki_ros_interfaces/include/kobuki_ros_interfaces/kobuki_ros_interfaces/msg/detail/motor_power__functions.c
[1.829s] -- Up-to-date: /home/o2p9/ros_space/install/kobuki_ros_interfaces/include/kobuki_ros_interfaces/kobuki_ros_interfaces/msg/detail/robot_state_event__type_support.h
[1.829s] -- Up-to-date: /home/o2p9/ros_space/install/kobuki_ros_interfaces/include/kobuki_ros_interfaces/kobuki_ros_interfaces/msg/detail/sensor_state__type_support.h
[1.829s] -- Up-to-date: /home/o2p9/ros_space/install/kobuki_ros_interfaces/include/kobuki_ros_interfaces/kobuki_ros_interfaces/msg/detail/keyboard_input__type_support.h
[1.829s] -- Up-to-date: /home/o2p9/ros_space/install/kobuki_ros_interfaces/include/kobuki_ros_interfaces/kobuki_ros_interfaces/msg/detail/external_power__functions.c
[1.829s] -- Up-to-date: /home/o2p9/ros_space/install/kobuki_ros_interfaces/include/kobuki_ros_interfaces/kobuki_ros_interfaces/msg/detail/wheel_drop_event__functions.h
[1.829s] -- Up-to-date: /home/o2p9/ros_space/install/kobuki_ros_interfaces/include/kobuki_ros_interfaces/kobuki_ros_interfaces/msg/detail/robot_state_event__struct.h
[1.829s] -- Up-to-date: /home/o2p9/ros_space/install/kobuki_ros_interfaces/include/kobuki_ros_interfaces/kobuki_ros_interfaces/msg/detail/external_power__description.c
[1.829s] -- Up-to-date: /home/o2p9/ros_space/install/kobuki_ros_interfaces/include/kobuki_ros_interfaces/kobuki_ros_interfaces/msg/detail/wheel_drop_event__functions.c
[1.829s] -- Installing: /home/o2p9/ros_space/install/kobuki_ros_interfaces/include/kobuki_ros_interfaces/kobuki_ros_interfaces/msg/detail/sensor_state__type_support.c
[1.830s] -- Up-to-date: /home/o2p9/ros_space/install/kobuki_ros_interfaces/include/kobuki_ros_interfaces/kobuki_ros_interfaces/msg/detail/wheel_drop_event__type_support.h
[1.830s] -- Up-to-date: /home/o2p9/ros_space/install/kobuki_ros_interfaces/include/kobuki_ros_interfaces/kobuki_ros_interfaces/msg/detail/wheel_drop_event__struct.h
[1.830s] -- Up-to-date: /home/o2p9/ros_space/install/kobuki_ros_interfaces/include/kobuki_ros_interfaces/kobuki_ros_interfaces/msg/detail/cliff_event__type_support.h
[1.830s] -- Up-to-date: /home/o2p9/ros_space/install/kobuki_ros_interfaces/include/kobuki_ros_interfaces/kobuki_ros_interfaces/msg/detail/power_system_event__functions.h
[1.831s] -- Up-to-date: /home/o2p9/ros_space/install/kobuki_ros_interfaces/include/kobuki_ros_interfaces/kobuki_ros_interfaces/msg/detail/button_event__description.c
[1.831s] -- Up-to-date: /home/o2p9/ros_space/install/kobuki_ros_interfaces/include/kobuki_ros_interfaces/kobuki_ros_interfaces/msg/detail/dock_infra_red__functions.c
[1.831s] -- Up-to-date: /home/o2p9/ros_space/install/kobuki_ros_interfaces/include/kobuki_ros_interfaces/kobuki_ros_interfaces/msg/detail/scan_angle__functions.h
[1.831s] -- Up-to-date: /home/o2p9/ros_space/install/kobuki_ros_interfaces/include/kobuki_ros_interfaces/kobuki_ros_interfaces/msg/detail/digital_output__struct.h
[1.831s] -- Up-to-date: /home/o2p9/ros_space/install/kobuki_ros_interfaces/include/kobuki_ros_interfaces/kobuki_ros_interfaces/msg/detail/button_event__functions.c
[1.831s] -- Up-to-date: /home/o2p9/ros_space/install/kobuki_ros_interfaces/include/kobuki_ros_interfaces/kobuki_ros_interfaces/msg/detail/motor_power__struct.h
[1.831s] -- Installing: /home/o2p9/ros_space/install/kobuki_ros_interfaces/include/kobuki_ros_interfaces/kobuki_ros_interfaces/msg/detail/digital_output__type_support.c
[1.832s] -- Up-to-date: /home/o2p9/ros_space/install/kobuki_ros_interfaces/include/kobuki_ros_interfaces/kobuki_ros_interfaces/msg/detail/keyboard_input__struct.h
[1.832s] -- Up-to-date: /home/o2p9/ros_space/install/kobuki_ros_interfaces/include/kobuki_ros_interfaces/kobuki_ros_interfaces/msg/detail/power_system_event__functions.c
[1.832s] -- Up-to-date: /home/o2p9/ros_space/install/kobuki_ros_interfaces/include/kobuki_ros_interfaces/kobuki_ros_interfaces/msg/detail/bumper_event__functions.c
[1.832s] -- Up-to-date: /home/o2p9/ros_space/install/kobuki_ros_interfaces/include/kobuki_ros_interfaces/kobuki_ros_interfaces/msg/detail/digital_input_event__functions.h
[1.832s] -- Up-to-date: /home/o2p9/ros_space/install/kobuki_ros_interfaces/include/kobuki_ros_interfaces/kobuki_ros_interfaces/msg/detail/robot_state_event__functions.h
[1.832s] -- Up-to-date: /home/o2p9/ros_space/install/kobuki_ros_interfaces/include/kobuki_ros_interfaces/kobuki_ros_interfaces/msg/detail/digital_input_event__functions.c
[1.832s] -- Up-to-date: /home/o2p9/ros_space/install/kobuki_ros_interfaces/include/kobuki_ros_interfaces/kobuki_ros_interfaces/msg/detail/scan_angle__struct.h
[1.833s] -- Up-to-date: /home/o2p9/ros_space/install/kobuki_ros_interfaces/include/kobuki_ros_interfaces/kobuki_ros_interfaces/msg/detail/digital_input_event__description.c
[1.833s] -- Up-to-date: /home/o2p9/ros_space/install/kobuki_ros_interfaces/include/kobuki_ros_interfaces/kobuki_ros_interfaces/msg/detail/sensor_state__description.c
[1.833s] -- Up-to-date: /home/o2p9/ros_space/install/kobuki_ros_interfaces/include/kobuki_ros_interfaces/kobuki_ros_interfaces/msg/detail/version_info__struct.h
[1.833s] -- Up-to-date: /home/o2p9/ros_space/install/kobuki_ros_interfaces/include/kobuki_ros_interfaces/kobuki_ros_interfaces/msg/detail/led__type_support.h
[1.833s] -- Up-to-date: /home/o2p9/ros_space/install/kobuki_ros_interfaces/include/kobuki_ros_interfaces/kobuki_ros_interfaces/msg/detail/keyboard_input__functions.c
[1.833s] -- Up-to-date: /home/o2p9/ros_space/install/kobuki_ros_interfaces/include/kobuki_ros_interfaces/kobuki_ros_interfaces/msg/wheel_drop_event.h
[1.833s] -- Up-to-date: /home/o2p9/ros_space/install/kobuki_ros_interfaces/include/kobuki_ros_interfaces/kobuki_ros_interfaces/msg/cliff_event.h
[1.834s] -- Up-to-date: /home/o2p9/ros_space/install/kobuki_ros_interfaces/include/kobuki_ros_interfaces/kobuki_ros_interfaces/msg/version_info.h
[1.834s] -- Up-to-date: /home/o2p9/ros_space/install/kobuki_ros_interfaces/include/kobuki_ros_interfaces/kobuki_ros_interfaces/msg/rosidl_generator_c__visibility_control.h
[1.834s] -- Up-to-date: /home/o2p9/ros_space/install/kobuki_ros_interfaces/include/kobuki_ros_interfaces/kobuki_ros_interfaces/msg/controller_info.h
[1.834s] -- Up-to-date: /home/o2p9/ros_space/install/kobuki_ros_interfaces/include/kobuki_ros_interfaces/kobuki_ros_interfaces/msg/motor_power.h
[1.834s] -- Up-to-date: /home/o2p9/ros_space/install/kobuki_ros_interfaces/include/kobuki_ros_interfaces/kobuki_ros_interfaces/msg/dock_infra_red.h
[1.834s] -- Up-to-date: /home/o2p9/ros_space/install/kobuki_ros_interfaces/include/kobuki_ros_interfaces/kobuki_ros_interfaces/msg/keyboard_input.h
[1.834s] -- Up-to-date: /home/o2p9/ros_space/install/kobuki_ros_interfaces/include/kobuki_ros_interfaces/kobuki_ros_interfaces/msg/digital_output.h
[1.834s] -- Up-to-date: /home/o2p9/ros_space/install/kobuki_ros_interfaces/include/kobuki_ros_interfaces/kobuki_ros_interfaces/msg/scan_angle.h
[1.835s] -- Up-to-date: /home/o2p9/ros_space/install/kobuki_ros_interfaces/include/kobuki_ros_interfaces/kobuki_ros_interfaces/msg/sensor_state.h
[1.835s] -- Up-to-date: /home/o2p9/ros_space/install/kobuki_ros_interfaces/include/kobuki_ros_interfaces/kobuki_ros_interfaces/msg/sound.h
[1.835s] -- Up-to-date: /home/o2p9/ros_space/install/kobuki_ros_interfaces/include/kobuki_ros_interfaces/kobuki_ros_interfaces/msg/button_event.h
[1.835s] -- Up-to-date: /home/o2p9/ros_space/install/kobuki_ros_interfaces/include/kobuki_ros_interfaces/kobuki_ros_interfaces/msg/bumper_event.h
[1.835s] -- Up-to-date: /home/o2p9/ros_space/install/kobuki_ros_interfaces/include/kobuki_ros_interfaces/kobuki_ros_interfaces/msg/external_power.h
[1.835s] -- Up-to-date: /home/o2p9/ros_space/install/kobuki_ros_interfaces/include/kobuki_ros_interfaces/kobuki_ros_interfaces/msg/led.h
[1.835s] -- Up-to-date: /home/o2p9/ros_space/install/kobuki_ros_interfaces/include/kobuki_ros_interfaces/kobuki_ros_interfaces/msg/power_system_event.h
[1.835s] -- Up-to-date: /home/o2p9/ros_space/install/kobuki_ros_interfaces/share/kobuki_ros_interfaces/environment/library_path.sh
[1.836s] -- Up-to-date: /home/o2p9/ros_space/install/kobuki_ros_interfaces/share/kobuki_ros_interfaces/environment/library_path.dsv
[1.836s] -- Up-to-date: /home/o2p9/ros_space/install/kobuki_ros_interfaces/lib/libkobuki_ros_interfaces__rosidl_generator_c.so
[1.836s] -- Up-to-date: /home/o2p9/ros_space/install/kobuki_ros_interfaces/include/kobuki_ros_interfaces/kobuki_ros_interfaces
[1.836s] -- Up-to-date: /home/o2p9/ros_space/install/kobuki_ros_interfaces/include/kobuki_ros_interfaces/kobuki_ros_interfaces/action
[1.836s] -- Up-to-date: /home/o2p9/ros_space/install/kobuki_ros_interfaces/include/kobuki_ros_interfaces/kobuki_ros_interfaces/action/detail
[1.836s] -- Up-to-date: /home/o2p9/ros_space/install/kobuki_ros_interfaces/include/kobuki_ros_interfaces/kobuki_ros_interfaces/action/detail/auto_docking__rosidl_typesupport_fastrtps_c.h
[1.836s] -- Up-to-date: /home/o2p9/ros_space/install/kobuki_ros_interfaces/include/kobuki_ros_interfaces/kobuki_ros_interfaces/msg
[1.836s] -- Up-to-date: /home/o2p9/ros_space/install/kobuki_ros_interfaces/include/kobuki_ros_interfaces/kobuki_ros_interfaces/msg/detail
[1.836s] -- Up-to-date: /home/o2p9/ros_space/install/kobuki_ros_interfaces/include/kobuki_ros_interfaces/kobuki_ros_interfaces/msg/detail/cliff_event__rosidl_typesupport_fastrtps_c.h
[1.837s] -- Up-to-date: /home/o2p9/ros_space/install/kobuki_ros_interfaces/include/kobuki_ros_interfaces/kobuki_ros_interfaces/msg/detail/scan_angle__rosidl_typesupport_fastrtps_c.h
[1.837s] -- Up-to-date: /home/o2p9/ros_space/install/kobuki_ros_interfaces/include/kobuki_ros_interfaces/kobuki_ros_interfaces/msg/detail/keyboard_input__rosidl_typesupport_fastrtps_c.h
[1.837s] -- Up-to-date: /home/o2p9/ros_space/install/kobuki_ros_interfaces/include/kobuki_ros_interfaces/kobuki_ros_interfaces/msg/detail/button_event__rosidl_typesupport_fastrtps_c.h
[1.837s] -- Up-to-date: /home/o2p9/ros_space/install/kobuki_ros_interfaces/include/kobuki_ros_interfaces/kobuki_ros_interfaces/msg/detail/motor_power__rosidl_typesupport_fastrtps_c.h
[1.837s] -- Up-to-date: /home/o2p9/ros_space/install/kobuki_ros_interfaces/include/kobuki_ros_interfaces/kobuki_ros_interfaces/msg/detail/version_info__rosidl_typesupport_fastrtps_c.h
[1.837s] -- Up-to-date: /home/o2p9/ros_space/install/kobuki_ros_interfaces/include/kobuki_ros_interfaces/kobuki_ros_interfaces/msg/detail/bumper_event__rosidl_typesupport_fastrtps_c.h
[1.837s] -- Up-to-date: /home/o2p9/ros_space/install/kobuki_ros_interfaces/include/kobuki_ros_interfaces/kobuki_ros_interfaces/msg/detail/dock_infra_red__rosidl_typesupport_fastrtps_c.h
[1.837s] -- Up-to-date: /home/o2p9/ros_space/install/kobuki_ros_interfaces/include/kobuki_ros_interfaces/kobuki_ros_interfaces/msg/detail/digital_output__rosidl_typesupport_fastrtps_c.h
[1.837s] -- Up-to-date: /home/o2p9/ros_space/install/kobuki_ros_interfaces/include/kobuki_ros_interfaces/kobuki_ros_interfaces/msg/detail/led__rosidl_typesupport_fastrtps_c.h
[1.838s] -- Up-to-date: /home/o2p9/ros_space/install/kobuki_ros_interfaces/include/kobuki_ros_interfaces/kobuki_ros_interfaces/msg/detail/sound__rosidl_typesupport_fastrtps_c.h
[1.838s] -- Up-to-date: /home/o2p9/ros_space/install/kobuki_ros_interfaces/include/kobuki_ros_interfaces/kobuki_ros_interfaces/msg/detail/digital_input_event__rosidl_typesupport_fastrtps_c.h
[1.838s] -- Up-to-date: /home/o2p9/ros_space/install/kobuki_ros_interfaces/include/kobuki_ros_interfaces/kobuki_ros_interfaces/msg/detail/controller_info__rosidl_typesupport_fastrtps_c.h
[1.838s] -- Up-to-date: /home/o2p9/ros_space/install/kobuki_ros_interfaces/include/kobuki_ros_interfaces/kobuki_ros_interfaces/msg/detail/wheel_drop_event__rosidl_typesupport_fastrtps_c.h
[1.838s] -- Up-to-date: /home/o2p9/ros_space/install/kobuki_ros_interfaces/include/kobuki_ros_interfaces/kobuki_ros_interfaces/msg/detail/sensor_state__rosidl_typesupport_fastrtps_c.h
[1.838s] -- Up-to-date: /home/o2p9/ros_space/install/kobuki_ros_interfaces/include/kobuki_ros_interfaces/kobuki_ros_interfaces/msg/detail/power_system_event__rosidl_typesupport_fastrtps_c.h
[1.839s] -- Up-to-date: /home/o2p9/ros_space/install/kobuki_ros_interfaces/include/kobuki_ros_interfaces/kobuki_ros_interfaces/msg/detail/robot_state_event__rosidl_typesupport_fastrtps_c.h
[1.839s] -- Up-to-date: /home/o2p9/ros_space/install/kobuki_ros_interfaces/include/kobuki_ros_interfaces/kobuki_ros_interfaces/msg/detail/external_power__rosidl_typesupport_fastrtps_c.h
[1.839s] -- Up-to-date: /home/o2p9/ros_space/install/kobuki_ros_interfaces/include/kobuki_ros_interfaces/kobuki_ros_interfaces/msg/rosidl_typesupport_fastrtps_c__visibility_control.h
[1.840s] -- Up-to-date: /home/o2p9/ros_space/install/kobuki_ros_interfaces/lib/libkobuki_ros_interfaces__rosidl_typesupport_fastrtps_c.so
[1.840s] -- Up-to-date: /home/o2p9/ros_space/install/kobuki_ros_interfaces/include/kobuki_ros_interfaces/kobuki_ros_interfaces
[1.840s] -- Up-to-date: /home/o2p9/ros_space/install/kobuki_ros_interfaces/include/kobuki_ros_interfaces/kobuki_ros_interfaces/action
[1.840s] -- Up-to-date: /home/o2p9/ros_space/install/kobuki_ros_interfaces/include/kobuki_ros_interfaces/kobuki_ros_interfaces/action/detail
[1.841s] -- Up-to-date: /home/o2p9/ros_space/install/kobuki_ros_interfaces/include/kobuki_ros_interfaces/kobuki_ros_interfaces/action/detail/auto_docking__struct.hpp
[1.841s] -- Up-to-date: /home/o2p9/ros_space/install/kobuki_ros_interfaces/include/kobuki_ros_interfaces/kobuki_ros_interfaces/action/detail/auto_docking__builder.hpp
[1.841s] -- Up-to-date: /home/o2p9/ros_space/install/kobuki_ros_interfaces/include/kobuki_ros_interfaces/kobuki_ros_interfaces/action/detail/auto_docking__traits.hpp
[1.842s] -- Up-to-date: /home/o2p9/ros_space/install/kobuki_ros_interfaces/include/kobuki_ros_interfaces/kobuki_ros_interfaces/action/auto_docking.hpp
[1.842s] -- Up-to-date: /home/o2p9/ros_space/install/kobuki_ros_interfaces/include/kobuki_ros_interfaces/kobuki_ros_interfaces/msg
[1.842s] -- Up-to-date: /home/o2p9/ros_space/install/kobuki_ros_interfaces/include/kobuki_ros_interfaces/kobuki_ros_interfaces/msg/sensor_state.hpp
[1.842s] -- Up-to-date: /home/o2p9/ros_space/install/kobuki_ros_interfaces/include/kobuki_ros_interfaces/kobuki_ros_interfaces/msg/external_power.hpp
[1.842s] -- Up-to-date: /home/o2p9/ros_space/install/kobuki_ros_interfaces/include/kobuki_ros_interfaces/kobuki_ros_interfaces/msg/detail
[1.842s] -- Up-to-date: /home/o2p9/ros_space/install/kobuki_ros_interfaces/include/kobuki_ros_interfaces/kobuki_ros_interfaces/msg/detail/version_info__traits.hpp
[1.842s] -- Up-to-date: /home/o2p9/ros_space/install/kobuki_ros_interfaces/include/kobuki_ros_interfaces/kobuki_ros_interfaces/msg/detail/keyboard_input__builder.hpp
[1.843s] -- Up-to-date: /home/o2p9/ros_space/install/kobuki_ros_interfaces/include/kobuki_ros_interfaces/kobuki_ros_interfaces/msg/detail/robot_state_event__traits.hpp
[1.843s] -- Up-to-date: /home/o2p9/ros_space/install/kobuki_ros_interfaces/include/kobuki_ros_interfaces/kobuki_ros_interfaces/msg/detail/sound__builder.hpp
[1.843s] -- Up-to-date: /home/o2p9/ros_space/install/kobuki_ros_interfaces/include/kobuki_ros_interfaces/kobuki_ros_interfaces/msg/detail/power_system_event__struct.hpp
[1.843s] -- Up-to-date: /home/o2p9/ros_space/install/kobuki_ros_interfaces/include/kobuki_ros_interfaces/kobuki_ros_interfaces/msg/detail/digital_input_event__traits.hpp
[1.843s] -- Up-to-date: /home/o2p9/ros_space/install/kobuki_ros_interfaces/include/kobuki_ros_interfaces/kobuki_ros_interfaces/msg/detail/external_power__builder.hpp
[1.843s] -- Up-to-date: /home/o2p9/ros_space/install/kobuki_ros_interfaces/include/kobuki_ros_interfaces/kobuki_ros_interfaces/msg/detail/version_info__struct.hpp
[1.843s] -- Up-to-date: /home/o2p9/ros_space/install/kobuki_ros_interfaces/include/kobuki_ros_interfaces/kobuki_ros_interfaces/msg/detail/external_power__struct.hpp
[1.844s] -- Up-to-date: /home/o2p9/ros_space/install/kobuki_ros_interfaces/include/kobuki_ros_interfaces/kobuki_ros_interfaces/msg/detail/cliff_event__struct.hpp
[1.844s] -- Up-to-date: /home/o2p9/ros_space/install/kobuki_ros_interfaces/include/kobuki_ros_interfaces/kobuki_ros_interfaces/msg/detail/motor_power__builder.hpp
[1.844s] -- Up-to-date: /home/o2p9/ros_space/install/kobuki_ros_interfaces/include/kobuki_ros_interfaces/kobuki_ros_interfaces/msg/detail/dock_infra_red__builder.hpp
[1.844s] -- Up-to-date: /home/o2p9/ros_space/install/kobuki_ros_interfaces/include/kobuki_ros_interfaces/kobuki_ros_interfaces/msg/detail/led__struct.hpp
[1.844s] -- Up-to-date: /home/o2p9/ros_space/install/kobuki_ros_interfaces/include/kobuki_ros_interfaces/kobuki_ros_interfaces/msg/detail/version_info__builder.hpp
[1.844s] -- Up-to-date: /home/o2p9/ros_space/install/kobuki_ros_interfaces/include/kobuki_ros_interfaces/kobuki_ros_interfaces/msg/detail/cliff_event__builder.hpp
[1.845s] -- Up-to-date: /home/o2p9/ros_space/install/kobuki_ros_interfaces/include/kobuki_ros_interfaces/kobuki_ros_interfaces/msg/detail/controller_info__struct.hpp
[1.845s] -- Up-to-date: /home/o2p9/ros_space/install/kobuki_ros_interfaces/include/kobuki_ros_interfaces/kobuki_ros_interfaces/msg/detail/keyboard_input__struct.hpp
[1.845s] -- Up-to-date: /home/o2p9/ros_space/install/kobuki_ros_interfaces/include/kobuki_ros_interfaces/kobuki_ros_interfaces/msg/detail/dock_infra_red__traits.hpp
[1.845s] -- Up-to-date: /home/o2p9/ros_space/install/kobuki_ros_interfaces/include/kobuki_ros_interfaces/kobuki_ros_interfaces/msg/detail/digital_output__struct.hpp
[1.845s] -- Up-to-date: /home/o2p9/ros_space/install/kobuki_ros_interfaces/include/kobuki_ros_interfaces/kobuki_ros_interfaces/msg/detail/sound__struct.hpp
[1.845s] -- Up-to-date: /home/o2p9/ros_space/install/kobuki_ros_interfaces/include/kobuki_ros_interfaces/kobuki_ros_interfaces/msg/detail/digital_output__traits.hpp
[1.845s] -- Up-to-date: /home/o2p9/ros_space/install/kobuki_ros_interfaces/include/kobuki_ros_interfaces/kobuki_ros_interfaces/msg/detail/bumper_event__struct.hpp
[1.845s] -- Up-to-date: /home/o2p9/ros_space/install/kobuki_ros_interfaces/include/kobuki_ros_interfaces/kobuki_ros_interfaces/msg/detail/button_event__builder.hpp
[1.846s] -- Up-to-date: /home/o2p9/ros_space/install/kobuki_ros_interfaces/include/kobuki_ros_interfaces/kobuki_ros_interfaces/msg/detail/wheel_drop_event__struct.hpp
[1.846s] -- Up-to-date: /home/o2p9/ros_space/install/kobuki_ros_interfaces/include/kobuki_ros_interfaces/kobuki_ros_interfaces/msg/detail/power_system_event__builder.hpp
[1.846s] -- Up-to-date: /home/o2p9/ros_space/install/kobuki_ros_interfaces/include/kobuki_ros_interfaces/kobuki_ros_interfaces/msg/detail/scan_angle__traits.hpp
[1.846s] -- Up-to-date: /home/o2p9/ros_space/install/kobuki_ros_interfaces/include/kobuki_ros_interfaces/kobuki_ros_interfaces/msg/detail/scan_angle__builder.hpp
[1.846s] -- Up-to-date: /home/o2p9/ros_space/install/kobuki_ros_interfaces/include/kobuki_ros_interfaces/kobuki_ros_interfaces/msg/detail/digital_output__builder.hpp
[1.846s] -- Up-to-date: /home/o2p9/ros_space/install/kobuki_ros_interfaces/include/kobuki_ros_interfaces/kobuki_ros_interfaces/msg/detail/wheel_drop_event__builder.hpp
[1.846s] -- Up-to-date: /home/o2p9/ros_space/install/kobuki_ros_interfaces/include/kobuki_ros_interfaces/kobuki_ros_interfaces/msg/detail/dock_infra_red__struct.hpp
[1.847s] -- Up-to-date: /home/o2p9/ros_space/install/kobuki_ros_interfaces/include/kobuki_ros_interfaces/kobuki_ros_interfaces/msg/detail/controller_info__builder.hpp
[1.847s] -- Up-to-date: /home/o2p9/ros_space/install/kobuki_ros_interfaces/include/kobuki_ros_interfaces/kobuki_ros_interfaces/msg/detail/button_event__struct.hpp
[1.847s] -- Up-to-date: /home/o2p9/ros_space/install/kobuki_ros_interfaces/include/kobuki_ros_interfaces/kobuki_ros_interfaces/msg/detail/controller_info__traits.hpp
[1.847s] -- Up-to-date: /home/o2p9/ros_space/install/kobuki_ros_interfaces/include/kobuki_ros_interfaces/kobuki_ros_interfaces/msg/detail/bumper_event__builder.hpp
[1.847s] -- Up-to-date: /home/o2p9/ros_space/install/kobuki_ros_interfaces/include/kobuki_ros_interfaces/kobuki_ros_interfaces/msg/detail/motor_power__traits.hpp
[1.847s] -- Up-to-date: /home/o2p9/ros_space/install/kobuki_ros_interfaces/include/kobuki_ros_interfaces/kobuki_ros_interfaces/msg/detail/sound__traits.hpp
[1.847s] -- Up-to-date: /home/o2p9/ros_space/install/kobuki_ros_interfaces/include/kobuki_ros_interfaces/kobuki_ros_interfaces/msg/detail/sensor_state__builder.hpp
[1.847s] -- Up-to-date: /home/o2p9/ros_space/install/kobuki_ros_interfaces/include/kobuki_ros_interfaces/kobuki_ros_interfaces/msg/detail/button_event__traits.hpp
[1.848s] -- Up-to-date: /home/o2p9/ros_space/install/kobuki_ros_interfaces/include/kobuki_ros_interfaces/kobuki_ros_interfaces/msg/detail/power_system_event__traits.hpp
[1.848s] -- Up-to-date: /home/o2p9/ros_space/install/kobuki_ros_interfaces/include/kobuki_ros_interfaces/kobuki_ros_interfaces/msg/detail/sensor_state__traits.hpp
[1.848s] -- Up-to-date: /home/o2p9/ros_space/install/kobuki_ros_interfaces/include/kobuki_ros_interfaces/kobuki_ros_interfaces/msg/detail/digital_input_event__builder.hpp
[1.848s] -- Up-to-date: /home/o2p9/ros_space/install/kobuki_ros_interfaces/include/kobuki_ros_interfaces/kobuki_ros_interfaces/msg/detail/led__builder.hpp
[1.848s] -- Up-to-date: /home/o2p9/ros_space/install/kobuki_ros_interfaces/include/kobuki_ros_interfaces/kobuki_ros_interfaces/msg/detail/sensor_state__struct.hpp
[1.848s] -- Up-to-date: /home/o2p9/ros_space/install/kobuki_ros_interfaces/include/kobuki_ros_interfaces/kobuki_ros_interfaces/msg/detail/motor_power__struct.hpp
[1.848s] -- Up-to-date: /home/o2p9/ros_space/install/kobuki_ros_interfaces/include/kobuki_ros_interfaces/kobuki_ros_interfaces/msg/detail/robot_state_event__builder.hpp
[1.849s] -- Up-to-date: /home/o2p9/ros_space/install/kobuki_ros_interfaces/include/kobuki_ros_interfaces/kobuki_ros_interfaces/msg/detail/bumper_event__traits.hpp
[1.849s] -- Up-to-date: /home/o2p9/ros_space/install/kobuki_ros_interfaces/include/kobuki_ros_interfaces/kobuki_ros_interfaces/msg/detail/scan_angle__struct.hpp
[1.849s] -- Up-to-date: /home/o2p9/ros_space/install/kobuki_ros_interfaces/include/kobuki_ros_interfaces/kobuki_ros_interfaces/msg/detail/robot_state_event__struct.hpp
[1.849s] -- Up-to-date: /home/o2p9/ros_space/install/kobuki_ros_interfaces/include/kobuki_ros_interfaces/kobuki_ros_interfaces/msg/detail/led__traits.hpp
[1.849s] -- Up-to-date: /home/o2p9/ros_space/install/kobuki_ros_interfaces/include/kobuki_ros_interfaces/kobuki_ros_interfaces/msg/detail/digital_input_event__struct.hpp
[1.849s] -- Up-to-date: /home/o2p9/ros_space/install/kobuki_ros_interfaces/include/kobuki_ros_interfaces/kobuki_ros_interfaces/msg/detail/wheel_drop_event__traits.hpp
[1.849s] -- Up-to-date: /home/o2p9/ros_space/install/kobuki_ros_interfaces/include/kobuki_ros_interfaces/kobuki_ros_interfaces/msg/detail/keyboard_input__traits.hpp
[1.849s] -- Up-to-date: /home/o2p9/ros_space/install/kobuki_ros_interfaces/include/kobuki_ros_interfaces/kobuki_ros_interfaces/msg/detail/external_power__traits.hpp
[1.850s] -- Up-to-date: /home/o2p9/ros_space/install/kobuki_ros_interfaces/include/kobuki_ros_interfaces/kobuki_ros_interfaces/msg/detail/cliff_event__traits.hpp
[1.850s] -- Up-to-date: /home/o2p9/ros_space/install/kobuki_ros_interfaces/include/kobuki_ros_interfaces/kobuki_ros_interfaces/msg/digital_output.hpp
[1.850s] -- Up-to-date: /home/o2p9/ros_space/install/kobuki_ros_interfaces/include/kobuki_ros_interfaces/kobuki_ros_interfaces/msg/version_info.hpp
[1.850s] -- Up-to-date: /home/o2p9/ros_space/install/kobuki_ros_interfaces/include/kobuki_ros_interfaces/kobuki_ros_interfaces/msg/controller_info.hpp
[1.850s] -- Up-to-date: /home/o2p9/ros_space/install/kobuki_ros_interfaces/include/kobuki_ros_interfaces/kobuki_ros_interfaces/msg/robot_state_event.hpp
[1.850s] -- Up-to-date: /home/o2p9/ros_space/install/kobuki_ros_interfaces/include/kobuki_ros_interfaces/kobuki_ros_interfaces/msg/digital_input_event.hpp
[1.850s] -- Up-to-date: /home/o2p9/ros_space/install/kobuki_ros_interfaces/include/kobuki_ros_interfaces/kobuki_ros_interfaces/msg/motor_power.hpp
[1.850s] -- Up-to-date: /home/o2p9/ros_space/install/kobuki_ros_interfaces/include/kobuki_ros_interfaces/kobuki_ros_interfaces/msg/sound.hpp
[1.851s] -- Up-to-date: /home/o2p9/ros_space/install/kobuki_ros_interfaces/include/kobuki_ros_interfaces/kobuki_ros_interfaces/msg/wheel_drop_event.hpp
[1.851s] -- Up-to-date: /home/o2p9/ros_space/install/kobuki_ros_interfaces/include/kobuki_ros_interfaces/kobuki_ros_interfaces/msg/led.hpp
[1.851s] -- Up-to-date: /home/o2p9/ros_space/install/kobuki_ros_interfaces/include/kobuki_ros_interfaces/kobuki_ros_interfaces/msg/dock_infra_red.hpp
[1.851s] -- Up-to-date: /home/o2p9/ros_space/install/kobuki_ros_interfaces/include/kobuki_ros_interfaces/kobuki_ros_interfaces/msg/cliff_event.hpp
[1.851s] -- Up-to-date: /home/o2p9/ros_space/install/kobuki_ros_interfaces/include/kobuki_ros_interfaces/kobuki_ros_interfaces/msg/button_event.hpp
[1.851s] -- Up-to-date: /home/o2p9/ros_space/install/kobuki_ros_interfaces/include/kobuki_ros_interfaces/kobuki_ros_interfaces/msg/power_system_event.hpp
[1.851s] -- Up-to-date: /home/o2p9/ros_space/install/kobuki_ros_interfaces/include/kobuki_ros_interfaces/kobuki_ros_interfaces/msg/bumper_event.hpp
[1.851s] -- Up-to-date: /home/o2p9/ros_space/install/kobuki_ros_interfaces/include/kobuki_ros_interfaces/kobuki_ros_interfaces/msg/keyboard_input.hpp
[1.852s] -- Up-to-date: /home/o2p9/ros_space/install/kobuki_ros_interfaces/include/kobuki_ros_interfaces/kobuki_ros_interfaces/msg/scan_angle.hpp
[1.852s] -- Up-to-date: /home/o2p9/ros_space/install/kobuki_ros_interfaces/include/kobuki_ros_interfaces/kobuki_ros_interfaces
[1.852s] -- Up-to-date: /home/o2p9/ros_space/install/kobuki_ros_interfaces/include/kobuki_ros_interfaces/kobuki_ros_interfaces/action
[1.852s] -- Up-to-date: /home/o2p9/ros_space/install/kobuki_ros_interfaces/include/kobuki_ros_interfaces/kobuki_ros_interfaces/action/detail
[1.852s] -- Up-to-date: /home/o2p9/ros_space/install/kobuki_ros_interfaces/include/kobuki_ros_interfaces/kobuki_ros_interfaces/action/detail/auto_docking__rosidl_typesupport_fastrtps_cpp.hpp
[1.852s] -- Up-to-date: /home/o2p9/ros_space/install/kobuki_ros_interfaces/include/kobuki_ros_interfaces/kobuki_ros_interfaces/action/detail/dds_fastrtps
[1.852s] -- Up-to-date: /home/o2p9/ros_space/install/kobuki_ros_interfaces/include/kobuki_ros_interfaces/kobuki_ros_interfaces/msg
[1.853s] -- Up-to-date: /home/o2p9/ros_space/install/kobuki_ros_interfaces/include/kobuki_ros_interfaces/kobuki_ros_interfaces/msg/detail
[1.853s] -- Up-to-date: /home/o2p9/ros_space/install/kobuki_ros_interfaces/include/kobuki_ros_interfaces/kobuki_ros_interfaces/msg/detail/power_system_event__rosidl_typesupport_fastrtps_cpp.hpp
[1.853s] -- Up-to-date: /home/o2p9/ros_space/install/kobuki_ros_interfaces/include/kobuki_ros_interfaces/kobuki_ros_interfaces/msg/detail/external_power__rosidl_typesupport_fastrtps_cpp.hpp
[1.853s] -- Up-to-date: /home/o2p9/ros_space/install/kobuki_ros_interfaces/include/kobuki_ros_interfaces/kobuki_ros_interfaces/msg/detail/digital_input_event__rosidl_typesupport_fastrtps_cpp.hpp
[1.853s] -- Up-to-date: /home/o2p9/ros_space/install/kobuki_ros_interfaces/include/kobuki_ros_interfaces/kobuki_ros_interfaces/msg/detail/bumper_event__rosidl_typesupport_fastrtps_cpp.hpp
[1.853s] -- Up-to-date: /home/o2p9/ros_space/install/kobuki_ros_interfaces/include/kobuki_ros_interfaces/kobuki_ros_interfaces/msg/detail/dock_infra_red__rosidl_typesupport_fastrtps_cpp.hpp
[1.853s] -- Up-to-date: /home/o2p9/ros_space/install/kobuki_ros_interfaces/include/kobuki_ros_interfaces/kobuki_ros_interfaces/msg/detail/button_event__rosidl_typesupport_fastrtps_cpp.hpp
[1.853s] -- Up-to-date: /home/o2p9/ros_space/install/kobuki_ros_interfaces/include/kobuki_ros_interfaces/kobuki_ros_interfaces/msg/detail/keyboard_input__rosidl_typesupport_fastrtps_cpp.hpp
[1.854s] -- Up-to-date: /home/o2p9/ros_space/install/kobuki_ros_interfaces/include/kobuki_ros_interfaces/kobuki_ros_interfaces/msg/detail/motor_power__rosidl_typesupport_fastrtps_cpp.hpp
[1.854s] -- Up-to-date: /home/o2p9/ros_space/install/kobuki_ros_interfaces/include/kobuki_ros_interfaces/kobuki_ros_interfaces/msg/detail/controller_info__rosidl_typesupport_fastrtps_cpp.hpp
[1.854s] -- Up-to-date: /home/o2p9/ros_space/install/kobuki_ros_interfaces/include/kobuki_ros_interfaces/kobuki_ros_interfaces/msg/detail/sound__rosidl_typesupport_fastrtps_cpp.hpp
[1.854s] -- Up-to-date: /home/o2p9/ros_space/install/kobuki_ros_interfaces/include/kobuki_ros_interfaces/kobuki_ros_interfaces/msg/detail/robot_state_event__rosidl_typesupport_fastrtps_cpp.hpp
[1.854s] -- Up-to-date: /home/o2p9/ros_space/install/kobuki_ros_interfaces/include/kobuki_ros_interfaces/kobuki_ros_interfaces/msg/detail/dds_fastrtps
[1.854s] -- Up-to-date: /home/o2p9/ros_space/install/kobuki_ros_interfaces/include/kobuki_ros_interfaces/kobuki_ros_interfaces/msg/detail/scan_angle__rosidl_typesupport_fastrtps_cpp.hpp
[1.854s] -- Up-to-date: /home/o2p9/ros_space/install/kobuki_ros_interfaces/include/kobuki_ros_interfaces/kobuki_ros_interfaces/msg/detail/led__rosidl_typesupport_fastrtps_cpp.hpp
[1.854s] -- Up-to-date: /home/o2p9/ros_space/install/kobuki_ros_interfaces/include/kobuki_ros_interfaces/kobuki_ros_interfaces/msg/detail/sensor_state__rosidl_typesupport_fastrtps_cpp.hpp
[1.855s] -- Up-to-date: /home/o2p9/ros_space/install/kobuki_ros_interfaces/include/kobuki_ros_interfaces/kobuki_ros_interfaces/msg/detail/cliff_event__rosidl_typesupport_fastrtps_cpp.hpp
[1.855s] -- Up-to-date: /home/o2p9/ros_space/install/kobuki_ros_interfaces/include/kobuki_ros_interfaces/kobuki_ros_interfaces/msg/detail/digital_output__rosidl_typesupport_fastrtps_cpp.hpp
[1.855s] -- Up-to-date: /home/o2p9/ros_space/install/kobuki_ros_interfaces/include/kobuki_ros_interfaces/kobuki_ros_interfaces/msg/detail/wheel_drop_event__rosidl_typesupport_fastrtps_cpp.hpp
[1.855s] -- Up-to-date: /home/o2p9/ros_space/install/kobuki_ros_interfaces/include/kobuki_ros_interfaces/kobuki_ros_interfaces/msg/detail/version_info__rosidl_typesupport_fastrtps_cpp.hpp
[1.855s] -- Up-to-date: /home/o2p9/ros_space/install/kobuki_ros_interfaces/include/kobuki_ros_interfaces/kobuki_ros_interfaces/msg/rosidl_typesupport_fastrtps_cpp__visibility_control.h
[1.855s] -- Up-to-date: /home/o2p9/ros_space/install/kobuki_ros_interfaces/lib/libkobuki_ros_interfaces__rosidl_typesupport_fastrtps_cpp.so
[1.855s] -- Up-to-date: /home/o2p9/ros_space/install/kobuki_ros_interfaces/include/kobuki_ros_interfaces/kobuki_ros_interfaces
[1.856s] -- Up-to-date: /home/o2p9/ros_space/install/kobuki_ros_interfaces/include/kobuki_ros_interfaces/kobuki_ros_interfaces/action
[1.856s] -- Up-to-date: /home/o2p9/ros_space/install/kobuki_ros_interfaces/include/kobuki_ros_interfaces/kobuki_ros_interfaces/action/detail
[1.856s] -- Installing: /home/o2p9/ros_space/install/kobuki_ros_interfaces/include/kobuki_ros_interfaces/kobuki_ros_interfaces/action/detail/auto_docking__type_support.c
[1.856s] -- Up-to-date: /home/o2p9/ros_space/install/kobuki_ros_interfaces/include/kobuki_ros_interfaces/kobuki_ros_interfaces/action/detail/auto_docking__rosidl_typesupport_introspection_c.h
[1.856s] -- Up-to-date: /home/o2p9/ros_space/install/kobuki_ros_interfaces/include/kobuki_ros_interfaces/kobuki_ros_interfaces/msg
[1.856s] -- Up-to-date: /home/o2p9/ros_space/install/kobuki_ros_interfaces/include/kobuki_ros_interfaces/kobuki_ros_interfaces/msg/detail
[1.856s] -- Installing: /home/o2p9/ros_space/install/kobuki_ros_interfaces/include/kobuki_ros_interfaces/kobuki_ros_interfaces/msg/detail/cliff_event__type_support.c
[1.856s] -- Installing: /home/o2p9/ros_space/install/kobuki_ros_interfaces/include/kobuki_ros_interfaces/kobuki_ros_interfaces/msg/detail/sound__type_support.c
[1.857s] -- Installing: /home/o2p9/ros_space/install/kobuki_ros_interfaces/include/kobuki_ros_interfaces/kobuki_ros_interfaces/msg/detail/keyboard_input__type_support.c
[1.857s] -- Installing: /home/o2p9/ros_space/install/kobuki_ros_interfaces/include/kobuki_ros_interfaces/kobuki_ros_interfaces/msg/detail/scan_angle__type_support.c
[1.857s] -- Installing: /home/o2p9/ros_space/install/kobuki_ros_interfaces/include/kobuki_ros_interfaces/kobuki_ros_interfaces/msg/detail/led__type_support.c
[1.857s] -- Installing: /home/o2p9/ros_space/install/kobuki_ros_interfaces/include/kobuki_ros_interfaces/kobuki_ros_interfaces/msg/detail/dock_infra_red__type_support.c
[1.857s] -- Up-to-date: /home/o2p9/ros_space/install/kobuki_ros_interfaces/include/kobuki_ros_interfaces/kobuki_ros_interfaces/msg/detail/dock_infra_red__rosidl_typesupport_introspection_c.h
[1.857s] -- Installing: /home/o2p9/ros_space/install/kobuki_ros_interfaces/include/kobuki_ros_interfaces/kobuki_ros_interfaces/msg/detail/motor_power__type_support.c
[1.857s] -- Up-to-date: /home/o2p9/ros_space/install/kobuki_ros_interfaces/include/kobuki_ros_interfaces/kobuki_ros_interfaces/msg/detail/controller_info__rosidl_typesupport_introspection_c.h
[1.857s] -- Up-to-date: /home/o2p9/ros_space/install/kobuki_ros_interfaces/include/kobuki_ros_interfaces/kobuki_ros_interfaces/msg/detail/scan_angle__rosidl_typesupport_introspection_c.h
[1.857s] -- Installing: /home/o2p9/ros_space/install/kobuki_ros_interfaces/include/kobuki_ros_interfaces/kobuki_ros_interfaces/msg/detail/power_system_event__type_support.c
[1.858s] -- Up-to-date: /home/o2p9/ros_space/install/kobuki_ros_interfaces/include/kobuki_ros_interfaces/kobuki_ros_interfaces/msg/detail/bumper_event__rosidl_typesupport_introspection_c.h
[1.858s] -- Installing: /home/o2p9/ros_space/install/kobuki_ros_interfaces/include/kobuki_ros_interfaces/kobuki_ros_interfaces/msg/detail/wheel_drop_event__type_support.c
[1.858s] -- Up-to-date: /home/o2p9/ros_space/install/kobuki_ros_interfaces/include/kobuki_ros_interfaces/kobuki_ros_interfaces/msg/detail/power_system_event__rosidl_typesupport_introspection_c.h
[1.858s] -- Installing: /home/o2p9/ros_space/install/kobuki_ros_interfaces/include/kobuki_ros_interfaces/kobuki_ros_interfaces/msg/detail/button_event__type_support.c
[1.858s] -- Up-to-date: /home/o2p9/ros_space/install/kobuki_ros_interfaces/include/kobuki_ros_interfaces/kobuki_ros_interfaces/msg/detail/motor_power__rosidl_typesupport_introspection_c.h
[1.858s] -- Installing: /home/o2p9/ros_space/install/kobuki_ros_interfaces/include/kobuki_ros_interfaces/kobuki_ros_interfaces/msg/detail/controller_info__type_support.c
[1.858s] -- Installing: /home/o2p9/ros_space/install/kobuki_ros_interfaces/include/kobuki_ros_interfaces/kobuki_ros_interfaces/msg/detail/bumper_event__type_support.c
[1.858s] -- Installing: /home/o2p9/ros_space/install/kobuki_ros_interfaces/include/kobuki_ros_interfaces/kobuki_ros_interfaces/msg/detail/robot_state_event__type_support.c
[1.859s] -- Up-to-date: /home/o2p9/ros_space/install/kobuki_ros_interfaces/include/kobuki_ros_interfaces/kobuki_ros_interfaces/msg/detail/led__rosidl_typesupport_introspection_c.h
[1.859s] -- Up-to-date: /home/o2p9/ros_space/install/kobuki_ros_interfaces/include/kobuki_ros_interfaces/kobuki_ros_interfaces/msg/detail/external_power__rosidl_typesupport_introspection_c.h
[1.859s] -- Up-to-date: /home/o2p9/ros_space/install/kobuki_ros_interfaces/include/kobuki_ros_interfaces/kobuki_ros_interfaces/msg/detail/robot_state_event__rosidl_typesupport_introspection_c.h
[1.859s] -- Up-to-date: /home/o2p9/ros_space/install/kobuki_ros_interfaces/include/kobuki_ros_interfaces/kobuki_ros_interfaces/msg/detail/keyboard_input__rosidl_typesupport_introspection_c.h
[1.859s] -- Installing: /home/o2p9/ros_space/install/kobuki_ros_interfaces/include/kobuki_ros_interfaces/kobuki_ros_interfaces/msg/detail/digital_input_event__type_support.c
[1.859s] -- Installing: /home/o2p9/ros_space/install/kobuki_ros_interfaces/include/kobuki_ros_interfaces/kobuki_ros_interfaces/msg/detail/version_info__type_support.c
[1.859s] -- Up-to-date: /home/o2p9/ros_space/install/kobuki_ros_interfaces/include/kobuki_ros_interfaces/kobuki_ros_interfaces/msg/detail/sound__rosidl_typesupport_introspection_c.h
[1.860s] -- Installing: /home/o2p9/ros_space/install/kobuki_ros_interfaces/include/kobuki_ros_interfaces/kobuki_ros_interfaces/msg/detail/external_power__type_support.c
[1.860s] -- Installing: /home/o2p9/ros_space/install/kobuki_ros_interfaces/include/kobuki_ros_interfaces/kobuki_ros_interfaces/msg/detail/sensor_state__type_support.c
[1.860s] -- Up-to-date: /home/o2p9/ros_space/install/kobuki_ros_interfaces/include/kobuki_ros_interfaces/kobuki_ros_interfaces/msg/detail/cliff_event__rosidl_typesupport_introspection_c.h
[1.860s] -- Up-to-date: /home/o2p9/ros_space/install/kobuki_ros_interfaces/include/kobuki_ros_interfaces/kobuki_ros_interfaces/msg/detail/sensor_state__rosidl_typesupport_introspection_c.h
[1.860s] -- Installing: /home/o2p9/ros_space/install/kobuki_ros_interfaces/include/kobuki_ros_interfaces/kobuki_ros_interfaces/msg/detail/digital_output__type_support.c
[1.860s] -- Up-to-date: /home/o2p9/ros_space/install/kobuki_ros_interfaces/include/kobuki_ros_interfaces/kobuki_ros_interfaces/msg/detail/button_event__rosidl_typesupport_introspection_c.h
[1.860s] -- Up-to-date: /home/o2p9/ros_space/install/kobuki_ros_interfaces/include/kobuki_ros_interfaces/kobuki_ros_interfaces/msg/detail/wheel_drop_event__rosidl_typesupport_introspection_c.h
[1.860s] -- Up-to-date: /home/o2p9/ros_space/install/kobuki_ros_interfaces/include/kobuki_ros_interfaces/kobuki_ros_interfaces/msg/detail/version_info__rosidl_typesupport_introspection_c.h
[1.861s] -- Up-to-date: /home/o2p9/ros_space/install/kobuki_ros_interfaces/include/kobuki_ros_interfaces/kobuki_ros_interfaces/msg/detail/digital_output__rosidl_typesupport_introspection_c.h
[1.861s] -- Up-to-date: /home/o2p9/ros_space/install/kobuki_ros_interfaces/include/kobuki_ros_interfaces/kobuki_ros_interfaces/msg/detail/digital_input_event__rosidl_typesupport_introspection_c.h
[1.861s] -- Up-to-date: /home/o2p9/ros_space/install/kobuki_ros_interfaces/include/kobuki_ros_interfaces/kobuki_ros_interfaces/msg/rosidl_typesupport_introspection_c__visibility_control.h
[1.861s] -- Up-to-date: /home/o2p9/ros_space/install/kobuki_ros_interfaces/lib/libkobuki_ros_interfaces__rosidl_typesupport_introspection_c.so
[1.861s] -- Up-to-date: /home/o2p9/ros_space/install/kobuki_ros_interfaces/lib/libkobuki_ros_interfaces__rosidl_typesupport_c.so
[1.861s] -- Up-to-date: /home/o2p9/ros_space/install/kobuki_ros_interfaces/include/kobuki_ros_interfaces/kobuki_ros_interfaces
[1.861s] -- Up-to-date: /home/o2p9/ros_space/install/kobuki_ros_interfaces/include/kobuki_ros_interfaces/kobuki_ros_interfaces/action
[1.862s] -- Up-to-date: /home/o2p9/ros_space/install/kobuki_ros_interfaces/include/kobuki_ros_interfaces/kobuki_ros_interfaces/action/detail
[1.862s] -- Up-to-date: /home/o2p9/ros_space/install/kobuki_ros_interfaces/include/kobuki_ros_interfaces/kobuki_ros_interfaces/action/detail/auto_docking__type_support.cpp
[1.862s] -- Up-to-date: /home/o2p9/ros_space/install/kobuki_ros_interfaces/include/kobuki_ros_interfaces/kobuki_ros_interfaces/action/detail/auto_docking__rosidl_typesupport_introspection_cpp.hpp
[1.862s] -- Up-to-date: /home/o2p9/ros_space/install/kobuki_ros_interfaces/include/kobuki_ros_interfaces/kobuki_ros_interfaces/msg
[1.862s] -- Up-to-date: /home/o2p9/ros_space/install/kobuki_ros_interfaces/include/kobuki_ros_interfaces/kobuki_ros_interfaces/msg/detail
[1.862s] -- Up-to-date: /home/o2p9/ros_space/install/kobuki_ros_interfaces/include/kobuki_ros_interfaces/kobuki_ros_interfaces/msg/detail/robot_state_event__type_support.cpp
[1.862s] -- Up-to-date: /home/o2p9/ros_space/install/kobuki_ros_interfaces/include/kobuki_ros_interfaces/kobuki_ros_interfaces/msg/detail/keyboard_input__rosidl_typesupport_introspection_cpp.hpp
[1.862s] -- Up-to-date: /home/o2p9/ros_space/install/kobuki_ros_interfaces/include/kobuki_ros_interfaces/kobuki_ros_interfaces/msg/detail/digital_input_event__rosidl_typesupport_introspection_cpp.hpp
[1.863s] -- Up-to-date: /home/o2p9/ros_space/install/kobuki_ros_interfaces/include/kobuki_ros_interfaces/kobuki_ros_interfaces/msg/detail/sensor_state__rosidl_typesupport_introspection_cpp.hpp
[1.863s] -- Up-to-date: /home/o2p9/ros_space/install/kobuki_ros_interfaces/include/kobuki_ros_interfaces/kobuki_ros_interfaces/msg/detail/version_info__rosidl_typesupport_introspection_cpp.hpp
[1.863s] -- Up-to-date: /home/o2p9/ros_space/install/kobuki_ros_interfaces/include/kobuki_ros_interfaces/kobuki_ros_interfaces/msg/detail/external_power__rosidl_typesupport_introspection_cpp.hpp
[1.863s] -- Up-to-date: /home/o2p9/ros_space/install/kobuki_ros_interfaces/include/kobuki_ros_interfaces/kobuki_ros_interfaces/msg/detail/cliff_event__type_support.cpp
[1.863s] -- Up-to-date: /home/o2p9/ros_space/install/kobuki_ros_interfaces/include/kobuki_ros_interfaces/kobuki_ros_interfaces/msg/detail/motor_power__rosidl_typesupport_introspection_cpp.hpp
[1.863s] -- Up-to-date: /home/o2p9/ros_space/install/kobuki_ros_interfaces/include/kobuki_ros_interfaces/kobuki_ros_interfaces/msg/detail/bumper_event__rosidl_typesupport_introspection_cpp.hpp
[1.863s] -- Up-to-date: /home/o2p9/ros_space/install/kobuki_ros_interfaces/include/kobuki_ros_interfaces/kobuki_ros_interfaces/msg/detail/sound__rosidl_typesupport_introspection_cpp.hpp
[1.863s] -- Up-to-date: /home/o2p9/ros_space/install/kobuki_ros_interfaces/include/kobuki_ros_interfaces/kobuki_ros_interfaces/msg/detail/sound__type_support.cpp
[1.864s] -- Up-to-date: /home/o2p9/ros_space/install/kobuki_ros_interfaces/include/kobuki_ros_interfaces/kobuki_ros_interfaces/msg/detail/robot_state_event__rosidl_typesupport_introspection_cpp.hpp
[1.864s] -- Up-to-date: /home/o2p9/ros_space/install/kobuki_ros_interfaces/include/kobuki_ros_interfaces/kobuki_ros_interfaces/msg/detail/sensor_state__type_support.cpp
[1.864s] -- Up-to-date: /home/o2p9/ros_space/install/kobuki_ros_interfaces/include/kobuki_ros_interfaces/kobuki_ros_interfaces/msg/detail/digital_output__rosidl_typesupport_introspection_cpp.hpp
[1.864s] -- Up-to-date: /home/o2p9/ros_space/install/kobuki_ros_interfaces/include/kobuki_ros_interfaces/kobuki_ros_interfaces/msg/detail/button_event__rosidl_typesupport_introspection_cpp.hpp
[1.864s] -- Up-to-date: /home/o2p9/ros_space/install/kobuki_ros_interfaces/include/kobuki_ros_interfaces/kobuki_ros_interfaces/msg/detail/controller_info__rosidl_typesupport_introspection_cpp.hpp
[1.864s] -- Up-to-date: /home/o2p9/ros_space/install/kobuki_ros_interfaces/include/kobuki_ros_interfaces/kobuki_ros_interfaces/msg/detail/power_system_event__type_support.cpp
[1.864s] -- Up-to-date: /home/o2p9/ros_space/install/kobuki_ros_interfaces/include/kobuki_ros_interfaces/kobuki_ros_interfaces/msg/detail/scan_angle__rosidl_typesupport_introspection_cpp.hpp
[1.864s] -- Up-to-date: /home/o2p9/ros_space/install/kobuki_ros_interfaces/include/kobuki_ros_interfaces/kobuki_ros_interfaces/msg/detail/button_event__type_support.cpp
[1.865s] -- Up-to-date: /home/o2p9/ros_space/install/kobuki_ros_interfaces/include/kobuki_ros_interfaces/kobuki_ros_interfaces/msg/detail/digital_input_event__type_support.cpp
[1.865s] -- Up-to-date: /home/o2p9/ros_space/install/kobuki_ros_interfaces/include/kobuki_ros_interfaces/kobuki_ros_interfaces/msg/detail/cliff_event__rosidl_typesupport_introspection_cpp.hpp
[1.865s] -- Up-to-date: /home/o2p9/ros_space/install/kobuki_ros_interfaces/include/kobuki_ros_interfaces/kobuki_ros_interfaces/msg/detail/version_info__type_support.cpp
[1.865s] -- Up-to-date: /home/o2p9/ros_space/install/kobuki_ros_interfaces/include/kobuki_ros_interfaces/kobuki_ros_interfaces/msg/detail/wheel_drop_event__type_support.cpp
[1.865s] -- Up-to-date: /home/o2p9/ros_space/install/kobuki_ros_interfaces/include/kobuki_ros_interfaces/kobuki_ros_interfaces/msg/detail/motor_power__type_support.cpp
[1.865s] -- Up-to-date: /home/o2p9/ros_space/install/kobuki_ros_interfaces/include/kobuki_ros_interfaces/kobuki_ros_interfaces/msg/detail/power_system_event__rosidl_typesupport_introspection_cpp.hpp
[1.865s] -- Up-to-date: /home/o2p9/ros_space/install/kobuki_ros_interfaces/include/kobuki_ros_interfaces/kobuki_ros_interfaces/msg/detail/led__rosidl_typesupport_introspection_cpp.hpp
[1.865s] -- Up-to-date: /home/o2p9/ros_space/install/kobuki_ros_interfaces/include/kobuki_ros_interfaces/kobuki_ros_interfaces/msg/detail/controller_info__type_support.cpp
[1.866s] -- Up-to-date: /home/o2p9/ros_space/install/kobuki_ros_interfaces/include/kobuki_ros_interfaces/kobuki_ros_interfaces/msg/detail/scan_angle__type_support.cpp
[1.866s] -- Up-to-date: /home/o2p9/ros_space/install/kobuki_ros_interfaces/include/kobuki_ros_interfaces/kobuki_ros_interfaces/msg/detail/dock_infra_red__type_support.cpp
[1.866s] -- Up-to-date: /home/o2p9/ros_space/install/kobuki_ros_interfaces/include/kobuki_ros_interfaces/kobuki_ros_interfaces/msg/detail/dock_infra_red__rosidl_typesupport_introspection_cpp.hpp
[1.866s] -- Up-to-date: /home/o2p9/ros_space/install/kobuki_ros_interfaces/include/kobuki_ros_interfaces/kobuki_ros_interfaces/msg/detail/wheel_drop_event__rosidl_typesupport_introspection_cpp.hpp
[1.866s] -- Up-to-date: /home/o2p9/ros_space/install/kobuki_ros_interfaces/include/kobuki_ros_interfaces/kobuki_ros_interfaces/msg/detail/bumper_event__type_support.cpp
[1.866s] -- Up-to-date: /home/o2p9/ros_space/install/kobuki_ros_interfaces/include/kobuki_ros_interfaces/kobuki_ros_interfaces/msg/detail/digital_output__type_support.cpp
[1.866s] -- Up-to-date: /home/o2p9/ros_space/install/kobuki_ros_interfaces/include/kobuki_ros_interfaces/kobuki_ros_interfaces/msg/detail/led__type_support.cpp
[1.866s] -- Up-to-date: /home/o2p9/ros_space/install/kobuki_ros_interfaces/include/kobuki_ros_interfaces/kobuki_ros_interfaces/msg/detail/external_power__type_support.cpp
[1.867s] -- Up-to-date: /home/o2p9/ros_space/install/kobuki_ros_interfaces/include/kobuki_ros_interfaces/kobuki_ros_interfaces/msg/detail/keyboard_input__type_support.cpp
[1.867s] -- Up-to-date: /home/o2p9/ros_space/install/kobuki_ros_interfaces/lib/libkobuki_ros_interfaces__rosidl_typesupport_introspection_cpp.so
[1.867s] -- Up-to-date: /home/o2p9/ros_space/install/kobuki_ros_interfaces/lib/libkobuki_ros_interfaces__rosidl_typesupport_cpp.so
[1.867s] -- Up-to-date: /home/o2p9/ros_space/install/kobuki_ros_interfaces/share/kobuki_ros_interfaces/environment/pythonpath.sh
[1.867s] -- Up-to-date: /home/o2p9/ros_space/install/kobuki_ros_interfaces/share/kobuki_ros_interfaces/environment/pythonpath.dsv
[1.867s] -- Up-to-date: /home/o2p9/ros_space/install/kobuki_ros_interfaces/lib/python3.10/site-packages/kobuki_ros_interfaces-1.0.0-py3.10.egg-info
[1.867s] -- Installing: /home/o2p9/ros_space/install/kobuki_ros_interfaces/lib/python3.10/site-packages/kobuki_ros_interfaces-1.0.0-py3.10.egg-info/PKG-INFO
[1.867s] -- Installing: /home/o2p9/ros_space/install/kobuki_ros_interfaces/lib/python3.10/site-packages/kobuki_ros_interfaces-1.0.0-py3.10.egg-info/dependency_links.txt
[1.868s] -- Installing: /home/o2p9/ros_space/install/kobuki_ros_interfaces/lib/python3.10/site-packages/kobuki_ros_interfaces-1.0.0-py3.10.egg-info/SOURCES.txt
[1.868s] -- Installing: /home/o2p9/ros_space/install/kobuki_ros_interfaces/lib/python3.10/site-packages/kobuki_ros_interfaces-1.0.0-py3.10.egg-info/top_level.txt
[1.868s] -- Up-to-date: /home/o2p9/ros_space/install/kobuki_ros_interfaces/lib/python3.10/site-packages/kobuki_ros_interfaces
[1.868s] -- Up-to-date: /home/o2p9/ros_space/install/kobuki_ros_interfaces/lib/python3.10/site-packages/kobuki_ros_interfaces/_kobuki_ros_interfaces_s.ep.rosidl_typesupport_c.c
[1.868s] -- Up-to-date: /home/o2p9/ros_space/install/kobuki_ros_interfaces/lib/python3.10/site-packages/kobuki_ros_interfaces/_kobuki_ros_interfaces_s.ep.rosidl_typesupport_introspection_c.c
[1.868s] -- Up-to-date: /home/o2p9/ros_space/install/kobuki_ros_interfaces/lib/python3.10/site-packages/kobuki_ros_interfaces/kobuki_ros_interfaces_s__rosidl_typesupport_c.cpython-310-x86_64-linux-gnu.so
[1.868s] -- Up-to-date: /home/o2p9/ros_space/install/kobuki_ros_interfaces/lib/python3.10/site-packages/kobuki_ros_interfaces/kobuki_ros_interfaces_s__rosidl_typesupport_introspection_c.cpython-310-x86_64-linux-gnu.so
[1.868s] -- Up-to-date: /home/o2p9/ros_space/install/kobuki_ros_interfaces/lib/python3.10/site-packages/kobuki_ros_interfaces/libkobuki_ros_interfaces__rosidl_generator_py.so
[1.869s] -- Up-to-date: /home/o2p9/ros_space/install/kobuki_ros_interfaces/lib/python3.10/site-packages/kobuki_ros_interfaces/_kobuki_ros_interfaces_s.ep.rosidl_typesupport_fastrtps_c.c
[1.869s] -- Up-to-date: /home/o2p9/ros_space/install/kobuki_ros_interfaces/lib/python3.10/site-packages/kobuki_ros_interfaces/__init__.py
[1.869s] -- Up-to-date: /home/o2p9/ros_space/install/kobuki_ros_interfaces/lib/python3.10/site-packages/kobuki_ros_interfaces/action
[1.869s] -- Up-to-date: /home/o2p9/ros_space/install/kobuki_ros_interfaces/lib/python3.10/site-packages/kobuki_ros_interfaces/action/_auto_docking_s.c
[1.869s] -- Up-to-date: /home/o2p9/ros_space/install/kobuki_ros_interfaces/lib/python3.10/site-packages/kobuki_ros_interfaces/action/_auto_docking.py
[1.869s] -- Up-to-date: /home/o2p9/ros_space/install/kobuki_ros_interfaces/lib/python3.10/site-packages/kobuki_ros_interfaces/action/__init__.py
[1.869s] -- Up-to-date: /home/o2p9/ros_space/install/kobuki_ros_interfaces/lib/python3.10/site-packages/kobuki_ros_interfaces/kobuki_ros_interfaces_s__rosidl_typesupport_fastrtps_c.cpython-310-x86_64-linux-gnu.so
[1.869s] -- Up-to-date: /home/o2p9/ros_space/install/kobuki_ros_interfaces/lib/python3.10/site-packages/kobuki_ros_interfaces/msg
[1.870s] -- Up-to-date: /home/o2p9/ros_space/install/kobuki_ros_interfaces/lib/python3.10/site-packages/kobuki_ros_interfaces/msg/_cliff_event.py
[1.870s] -- Up-to-date: /home/o2p9/ros_space/install/kobuki_ros_interfaces/lib/python3.10/site-packages/kobuki_ros_interfaces/msg/_power_system_event.py
[1.870s] -- Up-to-date: /home/o2p9/ros_space/install/kobuki_ros_interfaces/lib/python3.10/site-packages/kobuki_ros_interfaces/msg/_button_event_s.c
[1.870s] -- Up-to-date: /home/o2p9/ros_space/install/kobuki_ros_interfaces/lib/python3.10/site-packages/kobuki_ros_interfaces/msg/_external_power.py
[1.870s] -- Up-to-date: /home/o2p9/ros_space/install/kobuki_ros_interfaces/lib/python3.10/site-packages/kobuki_ros_interfaces/msg/_bumper_event.py
[1.870s] -- Up-to-date: /home/o2p9/ros_space/install/kobuki_ros_interfaces/lib/python3.10/site-packages/kobuki_ros_interfaces/msg/_digital_input_event_s.c
[1.870s] -- Up-to-date: /home/o2p9/ros_space/install/kobuki_ros_interfaces/lib/python3.10/site-packages/kobuki_ros_interfaces/msg/_robot_state_event_s.c
[1.871s] -- Up-to-date: /home/o2p9/ros_space/install/kobuki_ros_interfaces/lib/python3.10/site-packages/kobuki_ros_interfaces/msg/_scan_angle.py
[1.871s] -- Up-to-date: /home/o2p9/ros_space/install/kobuki_ros_interfaces/lib/python3.10/site-packages/kobuki_ros_interfaces/msg/_digital_output_s.c
[1.871s] -- Up-to-date: /home/o2p9/ros_space/install/kobuki_ros_interfaces/lib/python3.10/site-packages/kobuki_ros_interfaces/msg/_sensor_state.py
[1.871s] -- Up-to-date: /home/o2p9/ros_space/install/kobuki_ros_interfaces/lib/python3.10/site-packages/kobuki_ros_interfaces/msg/_scan_angle_s.c
[1.871s] -- Up-to-date: /home/o2p9/ros_space/install/kobuki_ros_interfaces/lib/python3.10/site-packages/kobuki_ros_interfaces/msg/_motor_power.py
[1.871s] -- Up-to-date: /home/o2p9/ros_space/install/kobuki_ros_interfaces/lib/python3.10/site-packages/kobuki_ros_interfaces/msg/_digital_input_event.py
[1.871s] -- Up-to-date: /home/o2p9/ros_space/install/kobuki_ros_interfaces/lib/python3.10/site-packages/kobuki_ros_interfaces/msg/_controller_info.py
[1.871s] -- Up-to-date: /home/o2p9/ros_space/install/kobuki_ros_interfaces/lib/python3.10/site-packages/kobuki_ros_interfaces/msg/_robot_state_event.py
[1.872s] -- Up-to-date: /home/o2p9/ros_space/install/kobuki_ros_interfaces/lib/python3.10/site-packages/kobuki_ros_interfaces/msg/_cliff_event_s.c
[1.872s] -- Up-to-date: /home/o2p9/ros_space/install/kobuki_ros_interfaces/lib/python3.10/site-packages/kobuki_ros_interfaces/msg/_wheel_drop_event_s.c
[1.872s] -- Up-to-date: /home/o2p9/ros_space/install/kobuki_ros_interfaces/lib/python3.10/site-packages/kobuki_ros_interfaces/msg/_dock_infra_red_s.c
[1.872s] -- Up-to-date: /home/o2p9/ros_space/install/kobuki_ros_interfaces/lib/python3.10/site-packages/kobuki_ros_interfaces/msg/_version_info.py
[1.872s] -- Up-to-date: /home/o2p9/ros_space/install/kobuki_ros_interfaces/lib/python3.10/site-packages/kobuki_ros_interfaces/msg/_sensor_state_s.c
[1.872s] -- Up-to-date: /home/o2p9/ros_space/install/kobuki_ros_interfaces/lib/python3.10/site-packages/kobuki_ros_interfaces/msg/_external_power_s.c
[1.872s] -- Up-to-date: /home/o2p9/ros_space/install/kobuki_ros_interfaces/lib/python3.10/site-packages/kobuki_ros_interfaces/msg/_keyboard_input.py
[1.872s] -- Up-to-date: /home/o2p9/ros_space/install/kobuki_ros_interfaces/lib/python3.10/site-packages/kobuki_ros_interfaces/msg/_digital_output.py
[1.872s] -- Up-to-date: /home/o2p9/ros_space/install/kobuki_ros_interfaces/lib/python3.10/site-packages/kobuki_ros_interfaces/msg/_led_s.c
[1.873s] -- Up-to-date: /home/o2p9/ros_space/install/kobuki_ros_interfaces/lib/python3.10/site-packages/kobuki_ros_interfaces/msg/__init__.py
[1.873s] -- Up-to-date: /home/o2p9/ros_space/install/kobuki_ros_interfaces/lib/python3.10/site-packages/kobuki_ros_interfaces/msg/_dock_infra_red.py
[1.873s] -- Up-to-date: /home/o2p9/ros_space/install/kobuki_ros_interfaces/lib/python3.10/site-packages/kobuki_ros_interfaces/msg/_led.py
[1.873s] -- Up-to-date: /home/o2p9/ros_space/install/kobuki_ros_interfaces/lib/python3.10/site-packages/kobuki_ros_interfaces/msg/_version_info_s.c
[1.873s] -- Up-to-date: /home/o2p9/ros_space/install/kobuki_ros_interfaces/lib/python3.10/site-packages/kobuki_ros_interfaces/msg/_button_event.py
[1.873s] -- Up-to-date: /home/o2p9/ros_space/install/kobuki_ros_interfaces/lib/python3.10/site-packages/kobuki_ros_interfaces/msg/_controller_info_s.c
[1.873s] -- Up-to-date: /home/o2p9/ros_space/install/kobuki_ros_interfaces/lib/python3.10/site-packages/kobuki_ros_interfaces/msg/_motor_power_s.c
[1.874s] -- Up-to-date: /home/o2p9/ros_space/install/kobuki_ros_interfaces/lib/python3.10/site-packages/kobuki_ros_interfaces/msg/_sound.py
[1.874s] -- Up-to-date: /home/o2p9/ros_space/install/kobuki_ros_interfaces/lib/python3.10/site-packages/kobuki_ros_interfaces/msg/_keyboard_input_s.c
[1.874s] -- Up-to-date: /home/o2p9/ros_space/install/kobuki_ros_interfaces/lib/python3.10/site-packages/kobuki_ros_interfaces/msg/_bumper_event_s.c
[1.874s] -- Up-to-date: /home/o2p9/ros_space/install/kobuki_ros_interfaces/lib/python3.10/site-packages/kobuki_ros_interfaces/msg/_wheel_drop_event.py
[1.874s] -- Up-to-date: /home/o2p9/ros_space/install/kobuki_ros_interfaces/lib/python3.10/site-packages/kobuki_ros_interfaces/msg/_sound_s.c
[1.874s] -- Up-to-date: /home/o2p9/ros_space/install/kobuki_ros_interfaces/lib/python3.10/site-packages/kobuki_ros_interfaces/msg/_power_system_event_s.c
[1.891s] Listing '/home/o2p9/ros_space/install/kobuki_ros_interfaces/lib/python3.10/site-packages/kobuki_ros_interfaces'...
[1.891s] Listing '/home/o2p9/ros_space/install/kobuki_ros_interfaces/lib/python3.10/site-packages/kobuki_ros_interfaces/action'...
[1.891s] Listing '/home/o2p9/ros_space/install/kobuki_ros_interfaces/lib/python3.10/site-packages/kobuki_ros_interfaces/msg'...
[1.897s] -- Up-to-date: /home/o2p9/ros_space/install/kobuki_ros_interfaces/lib/python3.10/site-packages/kobuki_ros_interfaces/kobuki_ros_interfaces_s__rosidl_typesupport_fastrtps_c.cpython-310-x86_64-linux-gnu.so
[1.897s] -- Up-to-date: /home/o2p9/ros_space/install/kobuki_ros_interfaces/lib/python3.10/site-packages/kobuki_ros_interfaces/kobuki_ros_interfaces_s__rosidl_typesupport_introspection_c.cpython-310-x86_64-linux-gnu.so
[1.898s] -- Up-to-date: /home/o2p9/ros_space/install/kobuki_ros_interfaces/lib/python3.10/site-packages/kobuki_ros_interfaces/kobuki_ros_interfaces_s__rosidl_typesupport_c.cpython-310-x86_64-linux-gnu.so
[1.898s] -- Up-to-date: /home/o2p9/ros_space/install/kobuki_ros_interfaces/lib/libkobuki_ros_interfaces__rosidl_generator_py.so
[1.899s] -- Up-to-date: /home/o2p9/ros_space/install/kobuki_ros_interfaces/share/kobuki_ros_interfaces/msg/BumperEvent.idl
[1.899s] -- Up-to-date: /home/o2p9/ros_space/install/kobuki_ros_interfaces/share/kobuki_ros_interfaces/msg/CliffEvent.idl
[1.899s] -- Up-to-date: /home/o2p9/ros_space/install/kobuki_ros_interfaces/share/kobuki_ros_interfaces/msg/DigitalOutput.idl
[1.899s] -- Up-to-date: /home/o2p9/ros_space/install/kobuki_ros_interfaces/share/kobuki_ros_interfaces/msg/ExternalPower.idl
[1.900s] -- Up-to-date: /home/o2p9/ros_space/install/kobuki_ros_interfaces/share/kobuki_ros_interfaces/msg/Led.idl
[1.900s] -- Up-to-date: /home/o2p9/ros_space/install/kobuki_ros_interfaces/share/kobuki_ros_interfaces/msg/PowerSystemEvent.idl
[1.900s] -- Up-to-date: /home/o2p9/ros_space/install/kobuki_ros_interfaces/share/kobuki_ros_interfaces/msg/SensorState.idl
[1.900s] -- Up-to-date: /home/o2p9/ros_space/install/kobuki_ros_interfaces/share/kobuki_ros_interfaces/msg/VersionInfo.idl
[1.900s] -- Up-to-date: /home/o2p9/ros_space/install/kobuki_ros_interfaces/share/kobuki_ros_interfaces/msg/ControllerInfo.idl
[1.900s] -- Up-to-date: /home/o2p9/ros_space/install/kobuki_ros_interfaces/share/kobuki_ros_interfaces/msg/ButtonEvent.idl
[1.901s] -- Up-to-date: /home/o2p9/ros_space/install/kobuki_ros_interfaces/share/kobuki_ros_interfaces/msg/DigitalInputEvent.idl
[1.901s] -- Up-to-date: /home/o2p9/ros_space/install/kobuki_ros_interfaces/share/kobuki_ros_interfaces/msg/DockInfraRed.idl
[1.901s] -- Up-to-date: /home/o2p9/ros_space/install/kobuki_ros_interfaces/share/kobuki_ros_interfaces/msg/KeyboardInput.idl
[1.901s] -- Up-to-date: /home/o2p9/ros_space/install/kobuki_ros_interfaces/share/kobuki_ros_interfaces/msg/MotorPower.idl
[1.901s] -- Up-to-date: /home/o2p9/ros_space/install/kobuki_ros_interfaces/share/kobuki_ros_interfaces/msg/RobotStateEvent.idl
[1.901s] -- Up-to-date: /home/o2p9/ros_space/install/kobuki_ros_interfaces/share/kobuki_ros_interfaces/msg/Sound.idl
[1.901s] -- Up-to-date: /home/o2p9/ros_space/install/kobuki_ros_interfaces/share/kobuki_ros_interfaces/msg/ScanAngle.idl
[1.902s] -- Up-to-date: /home/o2p9/ros_space/install/kobuki_ros_interfaces/share/kobuki_ros_interfaces/msg/WheelDropEvent.idl
[1.902s] -- Up-to-date: /home/o2p9/ros_space/install/kobuki_ros_interfaces/share/kobuki_ros_interfaces/action/AutoDocking.idl
[1.902s] -- Up-to-date: /home/o2p9/ros_space/install/kobuki_ros_interfaces/share/kobuki_ros_interfaces/msg/BumperEvent.msg
[1.902s] -- Up-to-date: /home/o2p9/ros_space/install/kobuki_ros_interfaces/share/kobuki_ros_interfaces/msg/CliffEvent.msg
[1.902s] -- Up-to-date: /home/o2p9/ros_space/install/kobuki_ros_interfaces/share/kobuki_ros_interfaces/msg/DigitalOutput.msg
[1.902s] -- Up-to-date: /home/o2p9/ros_space/install/kobuki_ros_interfaces/share/kobuki_ros_interfaces/msg/ExternalPower.msg
[1.903s] -- Up-to-date: /home/o2p9/ros_space/install/kobuki_ros_interfaces/share/kobuki_ros_interfaces/msg/Led.msg
[1.903s] -- Up-to-date: /home/o2p9/ros_space/install/kobuki_ros_interfaces/share/kobuki_ros_interfaces/msg/PowerSystemEvent.msg
[1.903s] -- Up-to-date: /home/o2p9/ros_space/install/kobuki_ros_interfaces/share/kobuki_ros_interfaces/msg/SensorState.msg
[1.903s] -- Up-to-date: /home/o2p9/ros_space/install/kobuki_ros_interfaces/share/kobuki_ros_interfaces/msg/VersionInfo.msg
[1.903s] -- Up-to-date: /home/o2p9/ros_space/install/kobuki_ros_interfaces/share/kobuki_ros_interfaces/msg/ControllerInfo.msg
[1.903s] -- Up-to-date: /home/o2p9/ros_space/install/kobuki_ros_interfaces/share/kobuki_ros_interfaces/msg/ButtonEvent.msg
[1.904s] -- Up-to-date: /home/o2p9/ros_space/install/kobuki_ros_interfaces/share/kobuki_ros_interfaces/msg/DigitalInputEvent.msg
[1.904s] -- Up-to-date: /home/o2p9/ros_space/install/kobuki_ros_interfaces/share/kobuki_ros_interfaces/msg/DockInfraRed.msg
[1.904s] -- Up-to-date: /home/o2p9/ros_space/install/kobuki_ros_interfaces/share/kobuki_ros_interfaces/msg/KeyboardInput.msg
[1.904s] -- Up-to-date: /home/o2p9/ros_space/install/kobuki_ros_interfaces/share/kobuki_ros_interfaces/msg/MotorPower.msg
[1.904s] -- Up-to-date: /home/o2p9/ros_space/install/kobuki_ros_interfaces/share/kobuki_ros_interfaces/msg/RobotStateEvent.msg
[1.904s] -- Up-to-date: /home/o2p9/ros_space/install/kobuki_ros_interfaces/share/kobuki_ros_interfaces/msg/Sound.msg
[1.904s] -- Up-to-date: /home/o2p9/ros_space/install/kobuki_ros_interfaces/share/kobuki_ros_interfaces/msg/ScanAngle.msg
[1.905s] -- Up-to-date: /home/o2p9/ros_space/install/kobuki_ros_interfaces/share/kobuki_ros_interfaces/msg/WheelDropEvent.msg
[1.905s] -- Up-to-date: /home/o2p9/ros_space/install/kobuki_ros_interfaces/share/kobuki_ros_interfaces/action/AutoDocking.action
[1.905s] -- Up-to-date: /home/o2p9/ros_space/install/kobuki_ros_interfaces/share/ament_index/resource_index/package_run_dependencies/kobuki_ros_interfaces
[1.905s] -- Up-to-date: /home/o2p9/ros_space/install/kobuki_ros_interfaces/share/ament_index/resource_index/parent_prefix_path/kobuki_ros_interfaces
[1.905s] -- Up-to-date: /home/o2p9/ros_space/install/kobuki_ros_interfaces/share/kobuki_ros_interfaces/environment/ament_prefix_path.sh
[1.905s] -- Up-to-date: /home/o2p9/ros_space/install/kobuki_ros_interfaces/share/kobuki_ros_interfaces/environment/ament_prefix_path.dsv
[1.905s] -- Up-to-date: /home/o2p9/ros_space/install/kobuki_ros_interfaces/share/kobuki_ros_interfaces/environment/path.sh
[1.905s] -- Up-to-date: /home/o2p9/ros_space/install/kobuki_ros_interfaces/share/kobuki_ros_interfaces/environment/path.dsv
[1.905s] -- Up-to-date: /home/o2p9/ros_space/install/kobuki_ros_interfaces/share/kobuki_ros_interfaces/local_setup.bash
[1.906s] -- Up-to-date: /home/o2p9/ros_space/install/kobuki_ros_interfaces/share/kobuki_ros_interfaces/local_setup.sh
[1.906s] -- Up-to-date: /home/o2p9/ros_space/install/kobuki_ros_interfaces/share/kobuki_ros_interfaces/local_setup.zsh
[1.906s] -- Up-to-date: /home/o2p9/ros_space/install/kobuki_ros_interfaces/share/kobuki_ros_interfaces/local_setup.dsv
[1.906s] -- Installing: /home/o2p9/ros_space/install/kobuki_ros_interfaces/share/kobuki_ros_interfaces/package.dsv
[1.906s] -- Up-to-date: /home/o2p9/ros_space/install/kobuki_ros_interfaces/share/ament_index/resource_index/packages/kobuki_ros_interfaces
[1.906s] -- Up-to-date: /home/o2p9/ros_space/install/kobuki_ros_interfaces/share/kobuki_ros_interfaces/cmake/export_kobuki_ros_interfaces__rosidl_generator_cExport.cmake
[1.906s] -- Up-to-date: /home/o2p9/ros_space/install/kobuki_ros_interfaces/share/kobuki_ros_interfaces/cmake/export_kobuki_ros_interfaces__rosidl_generator_cExport-noconfig.cmake
[1.907s] -- Up-to-date: /home/o2p9/ros_space/install/kobuki_ros_interfaces/share/kobuki_ros_interfaces/cmake/export_kobuki_ros_interfaces__rosidl_typesupport_fastrtps_cExport.cmake
[1.907s] -- Up-to-date: /home/o2p9/ros_space/install/kobuki_ros_interfaces/share/kobuki_ros_interfaces/cmake/export_kobuki_ros_interfaces__rosidl_typesupport_fastrtps_cExport-noconfig.cmake
[1.907s] -- Up-to-date: /home/o2p9/ros_space/install/kobuki_ros_interfaces/share/kobuki_ros_interfaces/cmake/export_kobuki_ros_interfaces__rosidl_generator_cppExport.cmake
[1.907s] -- Up-to-date: /home/o2p9/ros_space/install/kobuki_ros_interfaces/share/kobuki_ros_interfaces/cmake/export_kobuki_ros_interfaces__rosidl_typesupport_fastrtps_cppExport.cmake
[1.907s] -- Up-to-date: /home/o2p9/ros_space/install/kobuki_ros_interfaces/share/kobuki_ros_interfaces/cmake/export_kobuki_ros_interfaces__rosidl_typesupport_fastrtps_cppExport-noconfig.cmake
[1.907s] -- Up-to-date: /home/o2p9/ros_space/install/kobuki_ros_interfaces/share/kobuki_ros_interfaces/cmake/kobuki_ros_interfaces__rosidl_typesupport_introspection_cExport.cmake
[1.907s] -- Up-to-date: /home/o2p9/ros_space/install/kobuki_ros_interfaces/share/kobuki_ros_interfaces/cmake/kobuki_ros_interfaces__rosidl_typesupport_introspection_cExport-noconfig.cmake
[1.908s] -- Up-to-date: /home/o2p9/ros_space/install/kobuki_ros_interfaces/share/kobuki_ros_interfaces/cmake/kobuki_ros_interfaces__rosidl_typesupport_cExport.cmake
[1.908s] -- Up-to-date: /home/o2p9/ros_space/install/kobuki_ros_interfaces/share/kobuki_ros_interfaces/cmake/kobuki_ros_interfaces__rosidl_typesupport_cExport-noconfig.cmake
[1.908s] -- Up-to-date: /home/o2p9/ros_space/install/kobuki_ros_interfaces/share/kobuki_ros_interfaces/cmake/kobuki_ros_interfaces__rosidl_typesupport_introspection_cppExport.cmake
[1.908s] -- Up-to-date: /home/o2p9/ros_space/install/kobuki_ros_interfaces/share/kobuki_ros_interfaces/cmake/kobuki_ros_interfaces__rosidl_typesupport_introspection_cppExport-noconfig.cmake
[1.908s] -- Up-to-date: /home/o2p9/ros_space/install/kobuki_ros_interfaces/share/kobuki_ros_interfaces/cmake/kobuki_ros_interfaces__rosidl_typesupport_cppExport.cmake
[1.908s] -- Up-to-date: /home/o2p9/ros_space/install/kobuki_ros_interfaces/share/kobuki_ros_interfaces/cmake/kobuki_ros_interfaces__rosidl_typesupport_cppExport-noconfig.cmake
[1.909s] -- Up-to-date: /home/o2p9/ros_space/install/kobuki_ros_interfaces/share/kobuki_ros_interfaces/cmake/export_kobuki_ros_interfaces__rosidl_generator_pyExport.cmake
[1.909s] -- Up-to-date: /home/o2p9/ros_space/install/kobuki_ros_interfaces/share/kobuki_ros_interfaces/cmake/export_kobuki_ros_interfaces__rosidl_generator_pyExport-noconfig.cmake
[1.909s] -- Up-to-date: /home/o2p9/ros_space/install/kobuki_ros_interfaces/share/kobuki_ros_interfaces/cmake/rosidl_cmake-extras.cmake
[1.909s] -- Up-to-date: /home/o2p9/ros_space/install/kobuki_ros_interfaces/share/kobuki_ros_interfaces/cmake/ament_cmake_export_dependencies-extras.cmake
[1.909s] -- Up-to-date: /home/o2p9/ros_space/install/kobuki_ros_interfaces/share/kobuki_ros_interfaces/cmake/ament_cmake_export_include_directories-extras.cmake
[1.909s] -- Up-to-date: /home/o2p9/ros_space/install/kobuki_ros_interfaces/share/kobuki_ros_interfaces/cmake/ament_cmake_export_libraries-extras.cmake
[1.909s] -- Up-to-date: /home/o2p9/ros_space/install/kobuki_ros_interfaces/share/kobuki_ros_interfaces/cmake/ament_cmake_export_targets-extras.cmake
[1.909s] -- Up-to-date: /home/o2p9/ros_space/install/kobuki_ros_interfaces/share/kobuki_ros_interfaces/cmake/rosidl_cmake_export_typesupport_targets-extras.cmake
[1.909s] -- Up-to-date: /home/o2p9/ros_space/install/kobuki_ros_interfaces/share/kobuki_ros_interfaces/cmake/rosidl_cmake_export_typesupport_libraries-extras.cmake
[1.910s] -- Up-to-date: /home/o2p9/ros_space/install/kobuki_ros_interfaces/share/kobuki_ros_interfaces/cmake/kobuki_ros_interfacesConfig.cmake
[1.910s] -- Up-to-date: /home/o2p9/ros_space/install/kobuki_ros_interfaces/share/kobuki_ros_interfaces/cmake/kobuki_ros_interfacesConfig-version.cmake
[1.910s] -- Up-to-date: /home/o2p9/ros_space/install/kobuki_ros_interfaces/share/kobuki_ros_interfaces/package.xml
[1.914s] Invoked command in '/home/o2p9/ros_space/build/kobuki_ros_interfaces' returned '0': CMAKE_PREFIX_PATH=${CMAKE_PREFIX_PATH}:/opt/ros/iron /usr/bin/cmake --install /home/o2p9/ros_space/build/kobuki_ros_interfaces
