[0.131s] DEBUG:colcon:Command line arguments: ['/usr/bin/colcon', 'build']
[0.131s] DEBUG:colcon:Parsed command line arguments: Namespace(log_base=None, log_level=None, verb_name='build', build_base='build', install_base='install', merge_install=False, symlink_install=False, test_result_base=None, continue_on_error=False, executor='parallel', parallel_workers=4, event_handlers=None, ignore_user_meta=False, metas=['./colcon.meta'], base_paths=['.'], packages_ignore=None, packages_ignore_regex=None, paths=None, packages_up_to=None, packages_up_to_regex=None, packages_above=None, packages_above_and_dependencies=None, packages_above_depth=None, packages_select_by_dep=None, packages_skip_by_dep=None, packages_skip_up_to=None, packages_select_build_failed=False, packages_skip_build_finished=False, packages_select_test_failures=False, packages_skip_test_passed=False, packages_select=None, packages_skip=None, packages_select_regex=None, packages_skip_regex=None, packages_start=None, packages_end=None, allow_overriding=[], cmake_args=None, cmake_target=None, cmake_target_skip_unavailable=False, cmake_clean_cache=False, cmake_clean_first=False, cmake_force_configure=False, ament_cmake_args=None, catkin_cmake_args=None, catkin_skip_building_tests=False, mixin_files=None, mixin=None, verb_parser=<colcon_mixin.mixin.mixin_argument.MixinArgumentDecorator object at 0x7e025383faf0>, verb_extension=<colcon_core.verb.build.BuildVerb object at 0x7e0253988df0>, main=<bound method BuildVerb.main of <colcon_core.verb.build.BuildVerb object at 0x7e0253988df0>>, mixin_verb=('build',))
[0.366s] Level 1:colcon.colcon_core.package_discovery:discover_packages(colcon_meta) check parameters
[0.366s] Level 1:colcon.colcon_core.package_discovery:discover_packages(recursive) check parameters
[0.366s] Level 1:colcon.colcon_core.package_discovery:discover_packages(ignore) check parameters
[0.366s] Level 1:colcon.colcon_core.package_discovery:discover_packages(path) check parameters
[0.366s] Level 1:colcon.colcon_core.package_discovery:discover_packages(colcon_meta) discover
[0.367s] Level 1:colcon.colcon_core.package_discovery:discover_packages(recursive) discover
[0.367s] INFO:colcon.colcon_core.package_discovery:Crawling recursively for packages in '/home/o2p9/ros_space'
[0.367s] Level 1:colcon.colcon_core.package_identification:_identify(.) by extensions ['ignore', 'ignore_ament_install']
[0.367s] Level 1:colcon.colcon_core.package_identification:_identify(.) by extension 'ignore'
[0.367s] Level 1:colcon.colcon_core.package_identification:_identify(.) by extension 'ignore_ament_install'
[0.367s] Level 1:colcon.colcon_core.package_identification:_identify(.) by extensions ['colcon_pkg']
[0.367s] Level 1:colcon.colcon_core.package_identification:_identify(.) by extension 'colcon_pkg'
[0.368s] Level 1:colcon.colcon_core.package_identification:_identify(.) by extensions ['colcon_meta']
[0.368s] Level 1:colcon.colcon_core.package_identification:_identify(.) by extension 'colcon_meta'
[0.368s] Level 1:colcon.colcon_core.package_identification:_identify(.) by extensions ['ros']
[0.368s] Level 1:colcon.colcon_core.package_identification:_identify(.) by extension 'ros'
[0.393s] Level 1:colcon.colcon_core.package_identification:_identify(.) by extensions ['cmake', 'python']
[0.393s] Level 1:colcon.colcon_core.package_identification:_identify(.) by extension 'cmake'
[0.393s] Level 1:colcon.colcon_core.package_identification:_identify(.) by extension 'python'
[0.393s] Level 1:colcon.colcon_core.package_identification:_identify(.) by extensions ['python_setup_py']
[0.393s] Level 1:colcon.colcon_core.package_identification:_identify(.) by extension 'python_setup_py'
[0.393s] Level 1:colcon.colcon_core.package_identification:_identify(build) by extensions ['ignore', 'ignore_ament_install']
[0.393s] Level 1:colcon.colcon_core.package_identification:_identify(build) by extension 'ignore'
[0.393s] Level 1:colcon.colcon_core.package_identification:_identify(build) ignored
[0.394s] Level 1:colcon.colcon_core.package_identification:_identify(install) by extensions ['ignore', 'ignore_ament_install']
[0.394s] Level 1:colcon.colcon_core.package_identification:_identify(install) by extension 'ignore'
[0.394s] Level 1:colcon.colcon_core.package_identification:_identify(install) ignored
[0.394s] Level 1:colcon.colcon_core.package_identification:_identify(log) by extensions ['ignore', 'ignore_ament_install']
[0.394s] Level 1:colcon.colcon_core.package_identification:_identify(log) by extension 'ignore'
[0.394s] Level 1:colcon.colcon_core.package_identification:_identify(log) ignored
[0.395s] Level 1:colcon.colcon_core.package_identification:_identify(pkg-tbot) by extensions ['ignore', 'ignore_ament_install']
[0.395s] Level 1:colcon.colcon_core.package_identification:_identify(pkg-tbot) by extension 'ignore'
[0.395s] Level 1:colcon.colcon_core.package_identification:_identify(pkg-tbot) by extension 'ignore_ament_install'
[0.395s] Level 1:colcon.colcon_core.package_identification:_identify(pkg-tbot) by extensions ['colcon_pkg']
[0.395s] Level 1:colcon.colcon_core.package_identification:_identify(pkg-tbot) by extension 'colcon_pkg'
[0.395s] Level 1:colcon.colcon_core.package_identification:_identify(pkg-tbot) by extensions ['colcon_meta']
[0.395s] Level 1:colcon.colcon_core.package_identification:_identify(pkg-tbot) by extension 'colcon_meta'
[0.395s] Level 1:colcon.colcon_core.package_identification:_identify(pkg-tbot) by extensions ['ros']
[0.395s] Level 1:colcon.colcon_core.package_identification:_identify(pkg-tbot) by extension 'ros'
[0.395s] Level 1:colcon.colcon_core.package_identification:_identify(pkg-tbot) by extensions ['cmake', 'python']
[0.395s] Level 1:colcon.colcon_core.package_identification:_identify(pkg-tbot) by extension 'cmake'
[0.396s] Level 1:colcon.colcon_core.package_identification:_identify(pkg-tbot) by extension 'python'
[0.396s] Level 1:colcon.colcon_core.package_identification:_identify(pkg-tbot) by extensions ['python_setup_py']
[0.396s] Level 1:colcon.colcon_core.package_identification:_identify(pkg-tbot) by extension 'python_setup_py'
[0.396s] Level 1:colcon.colcon_core.package_identification:_identify(pkg-tbot/bin) by extensions ['ignore', 'ignore_ament_install']
[0.396s] Level 1:colcon.colcon_core.package_identification:_identify(pkg-tbot/bin) by extension 'ignore'
[0.396s] Level 1:colcon.colcon_core.package_identification:_identify(pkg-tbot/bin) by extension 'ignore_ament_install'
[0.396s] Level 1:colcon.colcon_core.package_identification:_identify(pkg-tbot/bin) by extensions ['colcon_pkg']
[0.396s] Level 1:colcon.colcon_core.package_identification:_identify(pkg-tbot/bin) by extension 'colcon_pkg'
[0.396s] Level 1:colcon.colcon_core.package_identification:_identify(pkg-tbot/bin) by extensions ['colcon_meta']
[0.396s] Level 1:colcon.colcon_core.package_identification:_identify(pkg-tbot/bin) by extension 'colcon_meta'
[0.396s] Level 1:colcon.colcon_core.package_identification:_identify(pkg-tbot/bin) by extensions ['ros']
[0.396s] Level 1:colcon.colcon_core.package_identification:_identify(pkg-tbot/bin) by extension 'ros'
[0.397s] Level 1:colcon.colcon_core.package_identification:_identify(pkg-tbot/bin) by extensions ['cmake', 'python']
[0.397s] Level 1:colcon.colcon_core.package_identification:_identify(pkg-tbot/bin) by extension 'cmake'
[0.397s] Level 1:colcon.colcon_core.package_identification:_identify(pkg-tbot/bin) by extension 'python'
[0.397s] Level 1:colcon.colcon_core.package_identification:_identify(pkg-tbot/bin) by extensions ['python_setup_py']
[0.397s] Level 1:colcon.colcon_core.package_identification:_identify(pkg-tbot/bin) by extension 'python_setup_py'
[0.397s] Level 1:colcon.colcon_core.package_identification:_identify(pkg-tbot/diy) by extensions ['ignore', 'ignore_ament_install']
[0.397s] Level 1:colcon.colcon_core.package_identification:_identify(pkg-tbot/diy) by extension 'ignore'
[0.397s] Level 1:colcon.colcon_core.package_identification:_identify(pkg-tbot/diy) by extension 'ignore_ament_install'
[0.397s] Level 1:colcon.colcon_core.package_identification:_identify(pkg-tbot/diy) by extensions ['colcon_pkg']
[0.397s] Level 1:colcon.colcon_core.package_identification:_identify(pkg-tbot/diy) by extension 'colcon_pkg'
[0.398s] Level 1:colcon.colcon_core.package_identification:_identify(pkg-tbot/diy) by extensions ['colcon_meta']
[0.398s] Level 1:colcon.colcon_core.package_identification:_identify(pkg-tbot/diy) by extension 'colcon_meta'
[0.398s] Level 1:colcon.colcon_core.package_identification:_identify(pkg-tbot/diy) by extensions ['ros']
[0.398s] Level 1:colcon.colcon_core.package_identification:_identify(pkg-tbot/diy) by extension 'ros'
[0.398s] Level 1:colcon.colcon_core.package_identification:_identify(pkg-tbot/diy) by extensions ['cmake', 'python']
[0.398s] Level 1:colcon.colcon_core.package_identification:_identify(pkg-tbot/diy) by extension 'cmake'
[0.398s] Level 1:colcon.colcon_core.package_identification:_identify(pkg-tbot/diy) by extension 'python'
[0.398s] Level 1:colcon.colcon_core.package_identification:_identify(pkg-tbot/diy) by extensions ['python_setup_py']
[0.398s] Level 1:colcon.colcon_core.package_identification:_identify(pkg-tbot/diy) by extension 'python_setup_py'
[0.398s] Level 1:colcon.colcon_core.package_identification:_identify(pkg-tbot/kobuki_ros_interfaces) by extensions ['ignore', 'ignore_ament_install']
[0.399s] Level 1:colcon.colcon_core.package_identification:_identify(pkg-tbot/kobuki_ros_interfaces) by extension 'ignore'
[0.399s] Level 1:colcon.colcon_core.package_identification:_identify(pkg-tbot/kobuki_ros_interfaces) by extension 'ignore_ament_install'
[0.399s] Level 1:colcon.colcon_core.package_identification:_identify(pkg-tbot/kobuki_ros_interfaces) by extensions ['colcon_pkg']
[0.399s] Level 1:colcon.colcon_core.package_identification:_identify(pkg-tbot/kobuki_ros_interfaces) by extension 'colcon_pkg'
[0.399s] Level 1:colcon.colcon_core.package_identification:_identify(pkg-tbot/kobuki_ros_interfaces) by extensions ['colcon_meta']
[0.399s] Level 1:colcon.colcon_core.package_identification:_identify(pkg-tbot/kobuki_ros_interfaces) by extension 'colcon_meta'
[0.399s] Level 1:colcon.colcon_core.package_identification:_identify(pkg-tbot/kobuki_ros_interfaces) by extensions ['ros']
[0.399s] Level 1:colcon.colcon_core.package_identification:_identify(pkg-tbot/kobuki_ros_interfaces) by extension 'ros'
[0.403s] DEBUG:colcon.colcon_core.package_identification:Package 'pkg-tbot/kobuki_ros_interfaces' with type 'ros.ament_cmake' and name 'kobuki_ros_interfaces'
[0.403s] Level 1:colcon.colcon_core.package_identification:_identify(tutorial_pkg) by extensions ['ignore', 'ignore_ament_install']
[0.403s] Level 1:colcon.colcon_core.package_identification:_identify(tutorial_pkg) by extension 'ignore'
[0.403s] Level 1:colcon.colcon_core.package_identification:_identify(tutorial_pkg) by extension 'ignore_ament_install'
[0.403s] Level 1:colcon.colcon_core.package_identification:_identify(tutorial_pkg) by extensions ['colcon_pkg']
[0.403s] Level 1:colcon.colcon_core.package_identification:_identify(tutorial_pkg) by extension 'colcon_pkg'
[0.403s] Level 1:colcon.colcon_core.package_identification:_identify(tutorial_pkg) by extensions ['colcon_meta']
[0.403s] Level 1:colcon.colcon_core.package_identification:_identify(tutorial_pkg) by extension 'colcon_meta'
[0.404s] Level 1:colcon.colcon_core.package_identification:_identify(tutorial_pkg) by extensions ['ros']
[0.404s] Level 1:colcon.colcon_core.package_identification:_identify(tutorial_pkg) by extension 'ros'
[0.404s] DEBUG:colcon.colcon_core.package_identification:Package 'tutorial_pkg' with type 'ros.ament_cmake' and name 'tutorial_pkg'
[0.404s] Level 1:colcon.colcon_core.package_discovery:discover_packages(recursive) using defaults
[0.405s] Level 1:colcon.colcon_core.package_discovery:discover_packages(ignore) discover
[0.405s] Level 1:colcon.colcon_core.package_discovery:discover_packages(ignore) using defaults
[0.405s] Level 1:colcon.colcon_core.package_discovery:discover_packages(path) discover
[0.405s] Level 1:colcon.colcon_core.package_discovery:discover_packages(path) using defaults
[0.428s] Level 1:colcon.colcon_core.package_discovery:discover_packages(prefix_path) check parameters
[0.428s] Level 1:colcon.colcon_core.package_discovery:discover_packages(prefix_path) discover
[0.430s] DEBUG:colcon.colcon_installed_package_information.package_discovery:Found 2 installed packages in /home/o2p9/ros_space/install
[0.432s] DEBUG:colcon.colcon_installed_package_information.package_discovery:Found 366 installed packages in /opt/ros/iron
[0.436s] Level 1:colcon.colcon_core.package_discovery:discover_packages(prefix_path) using defaults
[0.493s] Level 5:colcon.colcon_core.verb:set package 'kobuki_ros_interfaces' build argument 'cmake_args' from command line to 'None'
[0.493s] Level 5:colcon.colcon_core.verb:set package 'kobuki_ros_interfaces' build argument 'cmake_target' from command line to 'None'
[0.493s] Level 5:colcon.colcon_core.verb:set package 'kobuki_ros_interfaces' build argument 'cmake_target_skip_unavailable' from command line to 'False'
[0.493s] Level 5:colcon.colcon_core.verb:set package 'kobuki_ros_interfaces' build argument 'cmake_clean_cache' from command line to 'False'
[0.493s] Level 5:colcon.colcon_core.verb:set package 'kobuki_ros_interfaces' build argument 'cmake_clean_first' from command line to 'False'
[0.493s] Level 5:colcon.colcon_core.verb:set package 'kobuki_ros_interfaces' build argument 'cmake_force_configure' from command line to 'False'
[0.493s] Level 5:colcon.colcon_core.verb:set package 'kobuki_ros_interfaces' build argument 'ament_cmake_args' from command line to 'None'
[0.493s] Level 5:colcon.colcon_core.verb:set package 'kobuki_ros_interfaces' build argument 'catkin_cmake_args' from command line to 'None'
[0.493s] Level 5:colcon.colcon_core.verb:set package 'kobuki_ros_interfaces' build argument 'catkin_skip_building_tests' from command line to 'False'
[0.493s] DEBUG:colcon.colcon_core.verb:Building package 'kobuki_ros_interfaces' with the following arguments: {'ament_cmake_args': None, 'build_base': '/home/o2p9/ros_space/build/kobuki_ros_interfaces', 'catkin_cmake_args': None, 'catkin_skip_building_tests': False, 'cmake_args': None, 'cmake_clean_cache': False, 'cmake_clean_first': False, 'cmake_force_configure': False, 'cmake_target': None, 'cmake_target_skip_unavailable': False, 'install_base': '/home/o2p9/ros_space/install/kobuki_ros_interfaces', 'merge_install': False, 'path': '/home/o2p9/ros_space/pkg-tbot/kobuki_ros_interfaces', 'symlink_install': False, 'test_result_base': None}
[0.494s] Level 5:colcon.colcon_core.verb:set package 'tutorial_pkg' build argument 'cmake_args' from command line to 'None'
[0.494s] Level 5:colcon.colcon_core.verb:set package 'tutorial_pkg' build argument 'cmake_target' from command line to 'None'
[0.494s] Level 5:colcon.colcon_core.verb:set package 'tutorial_pkg' build argument 'cmake_target_skip_unavailable' from command line to 'False'
[0.494s] Level 5:colcon.colcon_core.verb:set package 'tutorial_pkg' build argument 'cmake_clean_cache' from command line to 'False'
[0.494s] Level 5:colcon.colcon_core.verb:set package 'tutorial_pkg' build argument 'cmake_clean_first' from command line to 'False'
[0.494s] Level 5:colcon.colcon_core.verb:set package 'tutorial_pkg' build argument 'cmake_force_configure' from command line to 'False'
[0.494s] Level 5:colcon.colcon_core.verb:set package 'tutorial_pkg' build argument 'ament_cmake_args' from command line to 'None'
[0.494s] Level 5:colcon.colcon_core.verb:set package 'tutorial_pkg' build argument 'catkin_cmake_args' from command line to 'None'
[0.494s] Level 5:colcon.colcon_core.verb:set package 'tutorial_pkg' build argument 'catkin_skip_building_tests' from command line to 'False'
[0.494s] DEBUG:colcon.colcon_core.verb:Building package 'tutorial_pkg' with the following arguments: {'ament_cmake_args': None, 'build_base': '/home/o2p9/ros_space/build/tutorial_pkg', 'catkin_cmake_args': None, 'catkin_skip_building_tests': False, 'cmake_args': None, 'cmake_clean_cache': False, 'cmake_clean_first': False, 'cmake_force_configure': False, 'cmake_target': None, 'cmake_target_skip_unavailable': False, 'install_base': '/home/o2p9/ros_space/install/tutorial_pkg', 'merge_install': False, 'path': '/home/o2p9/ros_space/tutorial_pkg', 'symlink_install': False, 'test_result_base': None}
[0.495s] INFO:colcon.colcon_core.executor:Executing jobs using 'parallel' executor
[0.496s] DEBUG:colcon.colcon_parallel_executor.executor.parallel:run_until_complete
[0.497s] INFO:colcon.colcon_ros.task.ament_cmake.build:Building ROS package in '/home/o2p9/ros_space/pkg-tbot/kobuki_ros_interfaces' with build type 'ament_cmake'
[0.497s] INFO:colcon.colcon_cmake.task.cmake.build:Building CMake package in '/home/o2p9/ros_space/pkg-tbot/kobuki_ros_interfaces'
[0.499s] INFO:colcon.colcon_core.plugin_system:Skipping extension 'colcon_core.shell.bat': Not used on non-Windows systems
[0.500s] INFO:colcon.colcon_core.shell:Skip shell extension 'powershell' for command environment: Not usable outside of PowerShell
[0.500s] DEBUG:colcon.colcon_core.shell:Skip shell extension 'dsv' for command environment
[0.505s] INFO:colcon.colcon_ros.task.ament_cmake.build:Building ROS package in '/home/o2p9/ros_space/tutorial_pkg' with build type 'ament_cmake'
[0.505s] INFO:colcon.colcon_cmake.task.cmake.build:Building CMake package in '/home/o2p9/ros_space/tutorial_pkg'
[0.506s] INFO:colcon.colcon_core.shell:Skip shell extension 'powershell' for command environment: Not usable outside of PowerShell
[0.506s] DEBUG:colcon.colcon_core.shell:Skip shell extension 'dsv' for command environment
[0.522s] DEBUG:colcon.colcon_core.event_handler.log_command:Invoking command in '/home/o2p9/ros_space/build/kobuki_ros_interfaces': CMAKE_PREFIX_PATH=${CMAKE_PREFIX_PATH}:/opt/ros/iron /usr/bin/cmake --build /home/o2p9/ros_space/build/kobuki_ros_interfaces -- -j4 -l4
[0.526s] DEBUG:colcon.colcon_core.event_handler.log_command:Invoking command in '/home/o2p9/ros_space/build/tutorial_pkg': CMAKE_PREFIX_PATH=${CMAKE_PREFIX_PATH}:/opt/ros/iron /usr/bin/cmake --build /home/o2p9/ros_space/build/tutorial_pkg -- -j4 -l4
[0.576s] DEBUG:colcon.colcon_core.event_handler.log_command:Invoked command in '/home/o2p9/ros_space/build/tutorial_pkg' returned '0': CMAKE_PREFIX_PATH=${CMAKE_PREFIX_PATH}:/opt/ros/iron /usr/bin/cmake --build /home/o2p9/ros_space/build/tutorial_pkg -- -j4 -l4
[0.590s] DEBUG:colcon.colcon_core.event_handler.log_command:Invoking command in '/home/o2p9/ros_space/build/tutorial_pkg': CMAKE_PREFIX_PATH=${CMAKE_PREFIX_PATH}:/opt/ros/iron /usr/bin/cmake --install /home/o2p9/ros_space/build/tutorial_pkg
[0.603s] Level 1:colcon.colcon_core.environment:create_environment_scripts_only(tutorial_pkg)
[0.607s] Level 1:colcon.colcon_core.environment:checking '/home/o2p9/ros_space/install/tutorial_pkg' for CMake module files
[0.610s] DEBUG:colcon.colcon_core.event_handler.log_command:Invoked command in '/home/o2p9/ros_space/build/tutorial_pkg' returned '0': CMAKE_PREFIX_PATH=${CMAKE_PREFIX_PATH}:/opt/ros/iron /usr/bin/cmake --install /home/o2p9/ros_space/build/tutorial_pkg
[0.612s] Level 1:colcon.colcon_core.environment:checking '/home/o2p9/ros_space/install/tutorial_pkg' for CMake config files
[0.612s] Level 1:colcon.colcon_core.shell:create_environment_hook('tutorial_pkg', 'cmake_prefix_path')
[0.612s] INFO:colcon.colcon_core.shell:Creating environment hook '/home/o2p9/ros_space/install/tutorial_pkg/share/tutorial_pkg/hook/cmake_prefix_path.ps1'
[0.614s] INFO:colcon.colcon_core.shell:Creating environment descriptor '/home/o2p9/ros_space/install/tutorial_pkg/share/tutorial_pkg/hook/cmake_prefix_path.dsv'
[0.615s] INFO:colcon.colcon_core.shell:Creating environment hook '/home/o2p9/ros_space/install/tutorial_pkg/share/tutorial_pkg/hook/cmake_prefix_path.sh'
[0.617s] Level 1:colcon.colcon_core.environment:checking '/home/o2p9/ros_space/install/tutorial_pkg/lib'
[0.617s] Level 1:colcon.colcon_core.environment:checking '/home/o2p9/ros_space/install/tutorial_pkg/bin'
[0.617s] Level 1:colcon.colcon_core.environment:checking '/home/o2p9/ros_space/install/tutorial_pkg/lib/pkgconfig/tutorial_pkg.pc'
[0.618s] Level 1:colcon.colcon_core.environment:checking '/home/o2p9/ros_space/install/tutorial_pkg/lib/python3.10/site-packages'
[0.618s] Level 1:colcon.colcon_core.environment:checking '/home/o2p9/ros_space/install/tutorial_pkg/bin'
[0.619s] INFO:colcon.colcon_core.shell:Creating package script '/home/o2p9/ros_space/install/tutorial_pkg/share/tutorial_pkg/package.ps1'
[0.621s] INFO:colcon.colcon_core.shell:Creating package descriptor '/home/o2p9/ros_space/install/tutorial_pkg/share/tutorial_pkg/package.dsv'
[0.622s] INFO:colcon.colcon_core.shell:Creating package script '/home/o2p9/ros_space/install/tutorial_pkg/share/tutorial_pkg/package.sh'
[0.624s] INFO:colcon.colcon_core.shell:Creating package script '/home/o2p9/ros_space/install/tutorial_pkg/share/tutorial_pkg/package.bash'
[0.625s] INFO:colcon.colcon_core.shell:Creating package script '/home/o2p9/ros_space/install/tutorial_pkg/share/tutorial_pkg/package.zsh'
[0.628s] Level 1:colcon.colcon_core.environment:create_file_with_runtime_dependencies(/home/o2p9/ros_space/install/tutorial_pkg/share/colcon-core/packages/tutorial_pkg)
[0.629s] Level 1:colcon.colcon_core.environment:create_environment_scripts_only(tutorial_pkg)
[0.629s] Level 1:colcon.colcon_core.environment:checking '/home/o2p9/ros_space/install/tutorial_pkg' for CMake module files
[0.630s] Level 1:colcon.colcon_core.environment:checking '/home/o2p9/ros_space/install/tutorial_pkg' for CMake config files
[0.630s] Level 1:colcon.colcon_core.shell:create_environment_hook('tutorial_pkg', 'cmake_prefix_path')
[0.631s] INFO:colcon.colcon_core.shell:Creating environment hook '/home/o2p9/ros_space/install/tutorial_pkg/share/tutorial_pkg/hook/cmake_prefix_path.ps1'
[0.631s] INFO:colcon.colcon_core.shell:Creating environment descriptor '/home/o2p9/ros_space/install/tutorial_pkg/share/tutorial_pkg/hook/cmake_prefix_path.dsv'
[0.632s] INFO:colcon.colcon_core.shell:Creating environment hook '/home/o2p9/ros_space/install/tutorial_pkg/share/tutorial_pkg/hook/cmake_prefix_path.sh'
[0.633s] Level 1:colcon.colcon_core.environment:checking '/home/o2p9/ros_space/install/tutorial_pkg/lib'
[0.633s] Level 1:colcon.colcon_core.environment:checking '/home/o2p9/ros_space/install/tutorial_pkg/bin'
[0.633s] Level 1:colcon.colcon_core.environment:checking '/home/o2p9/ros_space/install/tutorial_pkg/lib/pkgconfig/tutorial_pkg.pc'
[0.634s] Level 1:colcon.colcon_core.environment:checking '/home/o2p9/ros_space/install/tutorial_pkg/lib/python3.10/site-packages'
[0.634s] Level 1:colcon.colcon_core.environment:checking '/home/o2p9/ros_space/install/tutorial_pkg/bin'
[0.635s] INFO:colcon.colcon_core.shell:Creating package script '/home/o2p9/ros_space/install/tutorial_pkg/share/tutorial_pkg/package.ps1'
[0.636s] INFO:colcon.colcon_core.shell:Creating package descriptor '/home/o2p9/ros_space/install/tutorial_pkg/share/tutorial_pkg/package.dsv'
[0.638s] INFO:colcon.colcon_core.shell:Creating package script '/home/o2p9/ros_space/install/tutorial_pkg/share/tutorial_pkg/package.sh'
[0.640s] INFO:colcon.colcon_core.shell:Creating package script '/home/o2p9/ros_space/install/tutorial_pkg/share/tutorial_pkg/package.bash'
[0.650s] INFO:colcon.colcon_core.shell:Creating package script '/home/o2p9/ros_space/install/tutorial_pkg/share/tutorial_pkg/package.zsh'
[0.656s] Level 1:colcon.colcon_core.environment:create_file_with_runtime_dependencies(/home/o2p9/ros_space/install/tutorial_pkg/share/colcon-core/packages/tutorial_pkg)
[2.078s] DEBUG:colcon.colcon_core.event_handler.log_command:Invoked command in '/home/o2p9/ros_space/build/kobuki_ros_interfaces' returned '0': CMAKE_PREFIX_PATH=${CMAKE_PREFIX_PATH}:/opt/ros/iron /usr/bin/cmake --build /home/o2p9/ros_space/build/kobuki_ros_interfaces -- -j4 -l4
[2.081s] DEBUG:colcon.colcon_core.event_handler.log_command:Invoking command in '/home/o2p9/ros_space/build/kobuki_ros_interfaces': CMAKE_PREFIX_PATH=${CMAKE_PREFIX_PATH}:/opt/ros/iron /usr/bin/cmake --install /home/o2p9/ros_space/build/kobuki_ros_interfaces
[2.187s] Level 1:colcon.colcon_core.environment:create_environment_scripts_only(kobuki_ros_interfaces)
[2.187s] Level 1:colcon.colcon_core.environment:checking '/home/o2p9/ros_space/install/kobuki_ros_interfaces' for CMake module files
[2.188s] DEBUG:colcon.colcon_core.event_handler.log_command:Invoked command in '/home/o2p9/ros_space/build/kobuki_ros_interfaces' returned '0': CMAKE_PREFIX_PATH=${CMAKE_PREFIX_PATH}:/opt/ros/iron /usr/bin/cmake --install /home/o2p9/ros_space/build/kobuki_ros_interfaces
[2.189s] Level 1:colcon.colcon_core.environment:checking '/home/o2p9/ros_space/install/kobuki_ros_interfaces' for CMake config files
[2.189s] Level 1:colcon.colcon_core.shell:create_environment_hook('kobuki_ros_interfaces', 'cmake_prefix_path')
[2.189s] INFO:colcon.colcon_core.shell:Creating environment hook '/home/o2p9/ros_space/install/kobuki_ros_interfaces/share/kobuki_ros_interfaces/hook/cmake_prefix_path.ps1'
[2.190s] INFO:colcon.colcon_core.shell:Creating environment descriptor '/home/o2p9/ros_space/install/kobuki_ros_interfaces/share/kobuki_ros_interfaces/hook/cmake_prefix_path.dsv'
[2.190s] INFO:colcon.colcon_core.shell:Creating environment hook '/home/o2p9/ros_space/install/kobuki_ros_interfaces/share/kobuki_ros_interfaces/hook/cmake_prefix_path.sh'
[2.191s] Level 1:colcon.colcon_core.environment:checking '/home/o2p9/ros_space/install/kobuki_ros_interfaces/lib'
[2.191s] Level 1:colcon.colcon_core.shell:create_environment_hook('kobuki_ros_interfaces', 'ld_library_path_lib')
[2.192s] INFO:colcon.colcon_core.shell:Creating environment hook '/home/o2p9/ros_space/install/kobuki_ros_interfaces/share/kobuki_ros_interfaces/hook/ld_library_path_lib.ps1'
[2.192s] INFO:colcon.colcon_core.shell:Creating environment descriptor '/home/o2p9/ros_space/install/kobuki_ros_interfaces/share/kobuki_ros_interfaces/hook/ld_library_path_lib.dsv'
[2.193s] INFO:colcon.colcon_core.shell:Creating environment hook '/home/o2p9/ros_space/install/kobuki_ros_interfaces/share/kobuki_ros_interfaces/hook/ld_library_path_lib.sh'
[2.193s] Level 1:colcon.colcon_core.environment:checking '/home/o2p9/ros_space/install/kobuki_ros_interfaces/bin'
[2.194s] Level 1:colcon.colcon_core.environment:checking '/home/o2p9/ros_space/install/kobuki_ros_interfaces/lib/pkgconfig/kobuki_ros_interfaces.pc'
[2.194s] Level 1:colcon.colcon_core.environment:checking '/home/o2p9/ros_space/install/kobuki_ros_interfaces/lib/python3.10/site-packages'
[2.194s] Level 1:colcon.colcon_core.shell:create_environment_hook('kobuki_ros_interfaces', 'pythonpath')
[2.194s] INFO:colcon.colcon_core.shell:Creating environment hook '/home/o2p9/ros_space/install/kobuki_ros_interfaces/share/kobuki_ros_interfaces/hook/pythonpath.ps1'
[2.195s] INFO:colcon.colcon_core.shell:Creating environment descriptor '/home/o2p9/ros_space/install/kobuki_ros_interfaces/share/kobuki_ros_interfaces/hook/pythonpath.dsv'
[2.195s] INFO:colcon.colcon_core.shell:Creating environment hook '/home/o2p9/ros_space/install/kobuki_ros_interfaces/share/kobuki_ros_interfaces/hook/pythonpath.sh'
[2.196s] Level 1:colcon.colcon_core.environment:checking '/home/o2p9/ros_space/install/kobuki_ros_interfaces/bin'
[2.197s] INFO:colcon.colcon_core.shell:Creating package script '/home/o2p9/ros_space/install/kobuki_ros_interfaces/share/kobuki_ros_interfaces/package.ps1'
[2.198s] INFO:colcon.colcon_core.shell:Creating package descriptor '/home/o2p9/ros_space/install/kobuki_ros_interfaces/share/kobuki_ros_interfaces/package.dsv'
[2.199s] INFO:colcon.colcon_core.shell:Creating package script '/home/o2p9/ros_space/install/kobuki_ros_interfaces/share/kobuki_ros_interfaces/package.sh'
[2.199s] INFO:colcon.colcon_core.shell:Creating package script '/home/o2p9/ros_space/install/kobuki_ros_interfaces/share/kobuki_ros_interfaces/package.bash'
[2.200s] INFO:colcon.colcon_core.shell:Creating package script '/home/o2p9/ros_space/install/kobuki_ros_interfaces/share/kobuki_ros_interfaces/package.zsh'
[2.200s] Level 1:colcon.colcon_core.environment:create_file_with_runtime_dependencies(/home/o2p9/ros_space/install/kobuki_ros_interfaces/share/colcon-core/packages/kobuki_ros_interfaces)
[2.201s] Level 1:colcon.colcon_core.environment:create_environment_scripts_only(kobuki_ros_interfaces)
[2.202s] Level 1:colcon.colcon_core.environment:checking '/home/o2p9/ros_space/install/kobuki_ros_interfaces' for CMake module files
[2.203s] Level 1:colcon.colcon_core.environment:checking '/home/o2p9/ros_space/install/kobuki_ros_interfaces' for CMake config files
[2.203s] Level 1:colcon.colcon_core.shell:create_environment_hook('kobuki_ros_interfaces', 'cmake_prefix_path')
[2.203s] INFO:colcon.colcon_core.shell:Creating environment hook '/home/o2p9/ros_space/install/kobuki_ros_interfaces/share/kobuki_ros_interfaces/hook/cmake_prefix_path.ps1'
[2.204s] INFO:colcon.colcon_core.shell:Creating environment descriptor '/home/o2p9/ros_space/install/kobuki_ros_interfaces/share/kobuki_ros_interfaces/hook/cmake_prefix_path.dsv'
[2.204s] INFO:colcon.colcon_core.shell:Creating environment hook '/home/o2p9/ros_space/install/kobuki_ros_interfaces/share/kobuki_ros_interfaces/hook/cmake_prefix_path.sh'
[2.205s] Level 1:colcon.colcon_core.environment:checking '/home/o2p9/ros_space/install/kobuki_ros_interfaces/lib'
[2.205s] Level 1:colcon.colcon_core.shell:create_environment_hook('kobuki_ros_interfaces', 'ld_library_path_lib')
[2.206s] INFO:colcon.colcon_core.shell:Creating environment hook '/home/o2p9/ros_space/install/kobuki_ros_interfaces/share/kobuki_ros_interfaces/hook/ld_library_path_lib.ps1'
[2.206s] INFO:colcon.colcon_core.shell:Creating environment descriptor '/home/o2p9/ros_space/install/kobuki_ros_interfaces/share/kobuki_ros_interfaces/hook/ld_library_path_lib.dsv'
[2.207s] INFO:colcon.colcon_core.shell:Creating environment hook '/home/o2p9/ros_space/install/kobuki_ros_interfaces/share/kobuki_ros_interfaces/hook/ld_library_path_lib.sh'
[2.207s] Level 1:colcon.colcon_core.environment:checking '/home/o2p9/ros_space/install/kobuki_ros_interfaces/bin'
[2.207s] Level 1:colcon.colcon_core.environment:checking '/home/o2p9/ros_space/install/kobuki_ros_interfaces/lib/pkgconfig/kobuki_ros_interfaces.pc'
[2.208s] Level 1:colcon.colcon_core.environment:checking '/home/o2p9/ros_space/install/kobuki_ros_interfaces/lib/python3.10/site-packages'
[2.208s] Level 1:colcon.colcon_core.shell:create_environment_hook('kobuki_ros_interfaces', 'pythonpath')
[2.208s] INFO:colcon.colcon_core.shell:Creating environment hook '/home/o2p9/ros_space/install/kobuki_ros_interfaces/share/kobuki_ros_interfaces/hook/pythonpath.ps1'
[2.209s] INFO:colcon.colcon_core.shell:Creating environment descriptor '/home/o2p9/ros_space/install/kobuki_ros_interfaces/share/kobuki_ros_interfaces/hook/pythonpath.dsv'
[2.209s] INFO:colcon.colcon_core.shell:Creating environment hook '/home/o2p9/ros_space/install/kobuki_ros_interfaces/share/kobuki_ros_interfaces/hook/pythonpath.sh'
[2.211s] Level 1:colcon.colcon_core.environment:checking '/home/o2p9/ros_space/install/kobuki_ros_interfaces/bin'
[2.211s] INFO:colcon.colcon_core.shell:Creating package script '/home/o2p9/ros_space/install/kobuki_ros_interfaces/share/kobuki_ros_interfaces/package.ps1'
[2.212s] INFO:colcon.colcon_core.shell:Creating package descriptor '/home/o2p9/ros_space/install/kobuki_ros_interfaces/share/kobuki_ros_interfaces/package.dsv'
[2.213s] INFO:colcon.colcon_core.shell:Creating package script '/home/o2p9/ros_space/install/kobuki_ros_interfaces/share/kobuki_ros_interfaces/package.sh'
[2.214s] INFO:colcon.colcon_core.shell:Creating package script '/home/o2p9/ros_space/install/kobuki_ros_interfaces/share/kobuki_ros_interfaces/package.bash'
[2.215s] INFO:colcon.colcon_core.shell:Creating package script '/home/o2p9/ros_space/install/kobuki_ros_interfaces/share/kobuki_ros_interfaces/package.zsh'
[2.215s] Level 1:colcon.colcon_core.environment:create_file_with_runtime_dependencies(/home/o2p9/ros_space/install/kobuki_ros_interfaces/share/colcon-core/packages/kobuki_ros_interfaces)
[2.216s] DEBUG:colcon.colcon_parallel_executor.executor.parallel:closing loop
[2.216s] DEBUG:colcon.colcon_parallel_executor.executor.parallel:loop closed
[2.216s] DEBUG:colcon.colcon_parallel_executor.executor.parallel:run_until_complete finished with '0'
[2.216s] DEBUG:colcon.colcon_core.event_reactor:joining thread
[2.224s] INFO:colcon.colcon_core.plugin_system:Skipping extension 'colcon_notification.desktop_notification.notify_send': Could not find 'notify-send'
[2.224s] INFO:colcon.colcon_core.plugin_system:Skipping extension 'colcon_notification.desktop_notification.terminal_notifier': Not used on non-Darwin systems
[2.224s] INFO:colcon.colcon_core.plugin_system:Skipping extension 'colcon_notification.desktop_notification.win32': Not used on non-Windows systems
[2.224s] INFO:colcon.colcon_notification.desktop_notification:Sending desktop notification using 'notify2'
[2.240s] DEBUG:colcon.colcon_core.event_reactor:joined thread
[2.241s] INFO:colcon.colcon_core.shell:Creating prefix script '/home/o2p9/ros_space/install/local_setup.ps1'
[2.243s] INFO:colcon.colcon_core.shell:Creating prefix util module '/home/o2p9/ros_space/install/_local_setup_util_ps1.py'
[2.261s] INFO:colcon.colcon_core.shell:Creating prefix chain script '/home/o2p9/ros_space/install/setup.ps1'
[2.267s] INFO:colcon.colcon_core.shell:Creating prefix script '/home/o2p9/ros_space/install/local_setup.sh'
[2.271s] INFO:colcon.colcon_core.shell:Creating prefix util module '/home/o2p9/ros_space/install/_local_setup_util_sh.py'
[2.275s] INFO:colcon.colcon_core.shell:Creating prefix chain script '/home/o2p9/ros_space/install/setup.sh'
[2.281s] INFO:colcon.colcon_core.shell:Creating prefix script '/home/o2p9/ros_space/install/local_setup.bash'
[2.283s] INFO:colcon.colcon_core.shell:Creating prefix chain script '/home/o2p9/ros_space/install/setup.bash'
[2.287s] INFO:colcon.colcon_core.shell:Creating prefix script '/home/o2p9/ros_space/install/local_setup.zsh'
[2.289s] INFO:colcon.colcon_core.shell:Creating prefix chain script '/home/o2p9/ros_space/install/setup.zsh'
