[0.019s] Invoking command in '/home/o2p9/ros_space/build/tutorial_pkg': CMAKE_PREFIX_PATH=${CMAKE_PREFIX_PATH}:/opt/ros/iron /usr/bin/cmake --build /home/o2p9/ros_space/build/tutorial_pkg -- -j4 -l4
[0.066s] Invoked command in '/home/o2p9/ros_space/build/tutorial_pkg' returned '0': CMAKE_PREFIX_PATH=${CMAKE_PREFIX_PATH}:/opt/ros/iron /usr/bin/cmake --build /home/o2p9/ros_space/build/tutorial_pkg -- -j4 -l4
[0.083s] Invoking command in '/home/o2p9/ros_space/build/tutorial_pkg': CMAKE_PREFIX_PATH=${CMAKE_PREFIX_PATH}:/opt/ros/iron /usr/bin/cmake --install /home/o2p9/ros_space/build/tutorial_pkg
[0.095s] -- Install configuration: ""
[0.096s] -- Up-to-date: /home/o2p9/ros_space/install/tutorial_pkg/share/ament_index/resource_index/package_run_dependencies/tutorial_pkg
[0.096s] -- Up-to-date: /home/o2p9/ros_space/install/tutorial_pkg/share/ament_index/resource_index/parent_prefix_path/tutorial_pkg
[0.097s] -- Up-to-date: /home/o2p9/ros_space/install/tutorial_pkg/share/tutorial_pkg/environment/ament_prefix_path.sh
[0.097s] -- Up-to-date: /home/o2p9/ros_space/install/tutorial_pkg/share/tutorial_pkg/environment/ament_prefix_path.dsv
[0.097s] -- Up-to-date: /home/o2p9/ros_space/install/tutorial_pkg/share/tutorial_pkg/environment/path.sh
[0.098s] -- Up-to-date: /home/o2p9/ros_space/install/tutorial_pkg/share/tutorial_pkg/environment/path.dsv
[0.098s] -- Up-to-date: /home/o2p9/ros_space/install/tutorial_pkg/share/tutorial_pkg/local_setup.bash
[0.099s] -- Up-to-date: /home/o2p9/ros_space/install/tutorial_pkg/share/tutorial_pkg/local_setup.sh
[0.099s] -- Up-to-date: /home/o2p9/ros_space/install/tutorial_pkg/share/tutorial_pkg/local_setup.zsh
[0.099s] -- Up-to-date: /home/o2p9/ros_space/install/tutorial_pkg/share/tutorial_pkg/local_setup.dsv
[0.101s] -- Installing: /home/o2p9/ros_space/install/tutorial_pkg/share/tutorial_pkg/package.dsv
[0.104s] -- Up-to-date: /home/o2p9/ros_space/install/tutorial_pkg/share/ament_index/resource_index/packages/tutorial_pkg
[0.104s] -- Up-to-date: /home/o2p9/ros_space/install/tutorial_pkg/share/tutorial_pkg/cmake/tutorial_pkgConfig.cmake
[0.104s] -- Up-to-date: /home/o2p9/ros_space/install/tutorial_pkg/share/tutorial_pkg/cmake/tutorial_pkgConfig-version.cmake
[0.105s] -- Up-to-date: /home/o2p9/ros_space/install/tutorial_pkg/share/tutorial_pkg/package.xml
[0.105s] -- Installing: /home/o2p9/ros_space/install/tutorial_pkg/lib/tutorial_pkg/test_move
[0.111s] Invoked command in '/home/o2p9/ros_space/build/tutorial_pkg' returned '0': CMAKE_PREFIX_PATH=${CMAKE_PREFIX_PATH}:/opt/ros/iron /usr/bin/cmake --install /home/o2p9/ros_space/build/tutorial_pkg
