[0.019s] Invoking command in '/home/o2p9/ros_space/build/kobuki_ros_interfaces': CMAKE_PREFIX_PATH=${CMAKE_PREFIX_PATH}:/opt/ros/iron /usr/bin/cmake --build /home/o2p9/ros_space/build/kobuki_ros_interfaces -- -j4 -l4
[0.102s] [  1%] Built target kobuki_ros_interfaces__rosidl_generator_type_description
[0.132s] [  1%] Built target ament_cmake_python_copy_kobuki_ros_interfaces
[0.176s] [  1%] Built target kobuki_ros_interfaces__cpp
[0.222s] [ 29%] Built target kobuki_ros_interfaces__rosidl_generator_c
[0.306s] [ 39%] Built target kobuki_ros_interfaces__rosidl_typesupport_fastrtps_c
[0.310s] [ 48%] Built target kobuki_ros_interfaces__rosidl_typesupport_cpp
[0.310s] [ 58%] Built target kobuki_ros_interfaces__rosidl_typesupport_fastrtps_cpp
[0.370s] [ 68%] Built target kobuki_ros_interfaces__rosidl_typesupport_introspection_c
[0.373s] [ 78%] Built target kobuki_ros_interfaces__rosidl_typesupport_c
[0.391s] [ 88%] Built target kobuki_ros_interfaces__rosidl_typesupport_introspection_cpp
[0.416s] [ 88%] Built target kobuki_ros_interfaces
[0.477s] [ 88%] Built target kobuki_ros_interfaces__py
[0.658s] [ 97%] Built target kobuki_ros_interfaces__rosidl_generator_py
[0.843s] [ 99%] Built target kobuki_ros_interfaces__rosidl_typesupport_fastrtps_c__pyext
[0.844s] [ 99%] Built target kobuki_ros_interfaces__rosidl_typesupport_c__pyext
[0.864s] [100%] Built target kobuki_ros_interfaces__rosidl_typesupport_introspection_c__pyext
[1.080s] running egg_info
[1.081s] writing kobuki_ros_interfaces.egg-info/PKG-INFO
[1.082s] writing dependency_links to kobuki_ros_interfaces.egg-info/dependency_links.txt
[1.082s] writing top-level names to kobuki_ros_interfaces.egg-info/top_level.txt
[1.086s] reading manifest file 'kobuki_ros_interfaces.egg-info/SOURCES.txt'
[1.087s] writing manifest file 'kobuki_ros_interfaces.egg-info/SOURCES.txt'
[1.121s] [100%] Built target ament_cmake_python_build_kobuki_ros_interfaces_egg
[1.138s] Invoked command in '/home/o2p9/ros_space/build/kobuki_ros_interfaces' returned '0': CMAKE_PREFIX_PATH=${CMAKE_PREFIX_PATH}:/opt/ros/iron /usr/bin/cmake --build /home/o2p9/ros_space/build/kobuki_ros_interfaces -- -j4 -l4
[1.139s] Invoking command in '/home/o2p9/ros_space/build/kobuki_ros_interfaces': CMAKE_PREFIX_PATH=${CMAKE_PREFIX_PATH}:/opt/ros/iron /usr/bin/cmake --install /home/o2p9/ros_space/build/kobuki_ros_interfaces
[1.149s] -- Install configuration: ""
[1.150s] -- Up-to-date: /home/o2p9/ros_space/install/kobuki_ros_interfaces/share/ament_index/resource_index/rosidl_interfaces/kobuki_ros_interfaces
[1.150s] -- Up-to-date: /home/o2p9/ros_space/install/kobuki_ros_interfaces/share/kobuki_ros_interfaces/msg/BumperEvent.json
[1.150s] -- Up-to-date: /home/o2p9/ros_space/install/kobuki_ros_interfaces/share/kobuki_ros_interfaces/msg/CliffEvent.json
[1.150s] -- Up-to-date: /home/o2p9/ros_space/install/kobuki_ros_interfaces/share/kobuki_ros_interfaces/msg/DigitalOutput.json
[1.150s] -- Up-to-date: /home/o2p9/ros_space/install/kobuki_ros_interfaces/share/kobuki_ros_interfaces/msg/ExternalPower.json
[1.151s] -- Up-to-date: /home/o2p9/ros_space/install/kobuki_ros_interfaces/share/kobuki_ros_interfaces/msg/Led.json
[1.151s] -- Up-to-date: /home/o2p9/ros_space/install/kobuki_ros_interfaces/share/kobuki_ros_interfaces/msg/PowerSystemEvent.json
[1.151s] -- Up-to-date: /home/o2p9/ros_space/install/kobuki_ros_interfaces/share/kobuki_ros_interfaces/msg/SensorState.json
[1.151s] -- Up-to-date: /home/o2p9/ros_space/install/kobuki_ros_interfaces/share/kobuki_ros_interfaces/msg/VersionInfo.json
[1.151s] -- Up-to-date: /home/o2p9/ros_space/install/kobuki_ros_interfaces/share/kobuki_ros_interfaces/msg/ControllerInfo.json
[1.152s] -- Up-to-date: /home/o2p9/ros_space/install/kobuki_ros_interfaces/share/kobuki_ros_interfaces/msg/ButtonEvent.json
[1.152s] -- Up-to-date: /home/o2p9/ros_space/install/kobuki_ros_interfaces/share/kobuki_ros_interfaces/msg/DigitalInputEvent.json
[1.152s] -- Up-to-date: /home/o2p9/ros_space/install/kobuki_ros_interfaces/share/kobuki_ros_interfaces/msg/DockInfraRed.json
[1.152s] -- Up-to-date: /home/o2p9/ros_space/install/kobuki_ros_interfaces/share/kobuki_ros_interfaces/msg/KeyboardInput.json
[1.152s] -- Up-to-date: /home/o2p9/ros_space/install/kobuki_ros_interfaces/share/kobuki_ros_interfaces/msg/MotorPower.json
[1.152s] -- Up-to-date: /home/o2p9/ros_space/install/kobuki_ros_interfaces/share/kobuki_ros_interfaces/msg/RobotStateEvent.json
[1.152s] -- Up-to-date: /home/o2p9/ros_space/install/kobuki_ros_interfaces/share/kobuki_ros_interfaces/msg/Sound.json
[1.153s] -- Up-to-date: /home/o2p9/ros_space/install/kobuki_ros_interfaces/share/kobuki_ros_interfaces/msg/ScanAngle.json
[1.153s] -- Up-to-date: /home/o2p9/ros_space/install/kobuki_ros_interfaces/share/kobuki_ros_interfaces/msg/WheelDropEvent.json
[1.153s] -- Up-to-date: /home/o2p9/ros_space/install/kobuki_ros_interfaces/share/kobuki_ros_interfaces/action/AutoDocking.json
[1.153s] -- Up-to-date: /home/o2p9/ros_space/install/kobuki_ros_interfaces/include/kobuki_ros_interfaces/kobuki_ros_interfaces
[1.153s] -- Up-to-date: /home/o2p9/ros_space/install/kobuki_ros_interfaces/include/kobuki_ros_interfaces/kobuki_ros_interfaces/action
[1.153s] -- Up-to-date: /home/o2p9/ros_space/install/kobuki_ros_interfaces/include/kobuki_ros_interfaces/kobuki_ros_interfaces/action/detail
[1.153s] -- Up-to-date: /home/o2p9/ros_space/install/kobuki_ros_interfaces/include/kobuki_ros_interfaces/kobuki_ros_interfaces/action/detail/auto_docking__functions.h
[1.153s] -- Installing: /home/o2p9/ros_space/install/kobuki_ros_interfaces/include/kobuki_ros_interfaces/kobuki_ros_interfaces/action/detail/auto_docking__type_support.c
[1.153s] -- Up-to-date: /home/o2p9/ros_space/install/kobuki_ros_interfaces/include/kobuki_ros_interfaces/kobuki_ros_interfaces/action/detail/auto_docking__description.c
[1.154s] -- Up-to-date: /home/o2p9/ros_space/install/kobuki_ros_interfaces/include/kobuki_ros_interfaces/kobuki_ros_interfaces/action/detail/auto_docking__functions.c
[1.154s] -- Up-to-date: /home/o2p9/ros_space/install/kobuki_ros_interfaces/include/kobuki_ros_interfaces/kobuki_ros_interfaces/action/detail/auto_docking__struct.h
[1.154s] -- Up-to-date: /home/o2p9/ros_space/install/kobuki_ros_interfaces/include/kobuki_ros_interfaces/kobuki_ros_interfaces/action/detail/auto_docking__type_support.h
[1.154s] -- Up-to-date: /home/o2p9/ros_space/install/kobuki_ros_interfaces/include/kobuki_ros_interfaces/kobuki_ros_interfaces/action/auto_docking.h
[1.154s] -- Up-to-date: /home/o2p9/ros_space/install/kobuki_ros_interfaces/include/kobuki_ros_interfaces/kobuki_ros_interfaces/msg
[1.154s] -- Up-to-date: /home/o2p9/ros_space/install/kobuki_ros_interfaces/include/kobuki_ros_interfaces/kobuki_ros_interfaces/msg/robot_state_event.h
[1.154s] -- Up-to-date: /home/o2p9/ros_space/install/kobuki_ros_interfaces/include/kobuki_ros_interfaces/kobuki_ros_interfaces/msg/digital_input_event.h
[1.154s] -- Up-to-date: /home/o2p9/ros_space/install/kobuki_ros_interfaces/include/kobuki_ros_interfaces/kobuki_ros_interfaces/msg/detail
[1.154s] -- Up-to-date: /home/o2p9/ros_space/install/kobuki_ros_interfaces/include/kobuki_ros_interfaces/kobuki_ros_interfaces/msg/detail/robot_state_event__description.c
[1.154s] -- Up-to-date: /home/o2p9/ros_space/install/kobuki_ros_interfaces/include/kobuki_ros_interfaces/kobuki_ros_interfaces/msg/detail/dock_infra_red__type_support.h
[1.155s] -- Up-to-date: /home/o2p9/ros_space/install/kobuki_ros_interfaces/include/kobuki_ros_interfaces/kobuki_ros_interfaces/msg/detail/controller_info__type_support.h
[1.155s] -- Up-to-date: /home/o2p9/ros_space/install/kobuki_ros_interfaces/include/kobuki_ros_interfaces/kobuki_ros_interfaces/msg/detail/motor_power__type_support.h
[1.155s] -- Up-to-date: /home/o2p9/ros_space/install/kobuki_ros_interfaces/include/kobuki_ros_interfaces/kobuki_ros_interfaces/msg/detail/controller_info__functions.h
[1.155s] -- Up-to-date: /home/o2p9/ros_space/install/kobuki_ros_interfaces/include/kobuki_ros_interfaces/kobuki_ros_interfaces/msg/detail/version_info__description.c
[1.155s] -- Up-to-date: /home/o2p9/ros_space/install/kobuki_ros_interfaces/include/kobuki_ros_interfaces/kobuki_ros_interfaces/msg/detail/version_info__functions.h
[1.156s] -- Installing: /home/o2p9/ros_space/install/kobuki_ros_interfaces/include/kobuki_ros_interfaces/kobuki_ros_interfaces/msg/detail/cliff_event__type_support.c
[1.156s] -- Up-to-date: /home/o2p9/ros_space/install/kobuki_ros_interfaces/include/kobuki_ros_interfaces/kobuki_ros_interfaces/msg/detail/cliff_event__functions.c
[1.156s] -- Up-to-date: /home/o2p9/ros_space/install/kobuki_ros_interfaces/include/kobuki_ros_interfaces/kobuki_ros_interfaces/msg/detail/wheel_drop_event__description.c
[1.156s] -- Installing: /home/o2p9/ros_space/install/kobuki_ros_interfaces/include/kobuki_ros_interfaces/kobuki_ros_interfaces/msg/detail/sound__type_support.c
[1.156s] -- Up-to-date: /home/o2p9/ros_space/install/kobuki_ros_interfaces/include/kobuki_ros_interfaces/kobuki_ros_interfaces/msg/detail/sensor_state__struct.h
[1.156s] -- Up-to-date: /home/o2p9/ros_space/install/kobuki_ros_interfaces/include/kobuki_ros_interfaces/kobuki_ros_interfaces/msg/detail/sensor_state__functions.h
[1.156s] -- Up-to-date: /home/o2p9/ros_space/install/kobuki_ros_interfaces/include/kobuki_ros_interfaces/kobuki_ros_interfaces/msg/detail/scan_angle__functions.c
[1.157s] -- Installing: /home/o2p9/ros_space/install/kobuki_ros_interfaces/include/kobuki_ros_interfaces/kobuki_ros_interfaces/msg/detail/keyboard_input__type_support.c
[1.157s] -- Installing: /home/o2p9/ros_space/install/kobuki_ros_interfaces/include/kobuki_ros_interfaces/kobuki_ros_interfaces/msg/detail/scan_angle__type_support.c
[1.157s] -- Up-to-date: /home/o2p9/ros_space/install/kobuki_ros_interfaces/include/kobuki_ros_interfaces/kobuki_ros_interfaces/msg/detail/led__description.c
[1.157s] -- Up-to-date: /home/o2p9/ros_space/install/kobuki_ros_interfaces/include/kobuki_ros_interfaces/kobuki_ros_interfaces/msg/detail/external_power__struct.h
[1.157s] -- Up-to-date: /home/o2p9/ros_space/install/kobuki_ros_interfaces/include/kobuki_ros_interfaces/kobuki_ros_interfaces/msg/detail/motor_power__functions.h
[1.157s] -- Installing: /home/o2p9/ros_space/install/kobuki_ros_interfaces/include/kobuki_ros_interfaces/kobuki_ros_interfaces/msg/detail/led__type_support.c
[1.157s] -- Up-to-date: /home/o2p9/ros_space/install/kobuki_ros_interfaces/include/kobuki_ros_interfaces/kobuki_ros_interfaces/msg/detail/bumper_event__type_support.h
[1.158s] -- Installing: /home/o2p9/ros_space/install/kobuki_ros_interfaces/include/kobuki_ros_interfaces/kobuki_ros_interfaces/msg/detail/dock_infra_red__type_support.c
[1.158s] -- Up-to-date: /home/o2p9/ros_space/install/kobuki_ros_interfaces/include/kobuki_ros_interfaces/kobuki_ros_interfaces/msg/detail/dock_infra_red__description.c
[1.158s] -- Up-to-date: /home/o2p9/ros_space/install/kobuki_ros_interfaces/include/kobuki_ros_interfaces/kobuki_ros_interfaces/msg/detail/power_system_event__struct.h
[1.158s] -- Up-to-date: /home/o2p9/ros_space/install/kobuki_ros_interfaces/include/kobuki_ros_interfaces/kobuki_ros_interfaces/msg/detail/digital_input_event__type_support.h
[1.158s] -- Up-to-date: /home/o2p9/ros_space/install/kobuki_ros_interfaces/include/kobuki_ros_interfaces/kobuki_ros_interfaces/msg/detail/cliff_event__description.c
[1.158s] -- Up-to-date: /home/o2p9/ros_space/install/kobuki_ros_interfaces/include/kobuki_ros_interfaces/kobuki_ros_interfaces/msg/detail/sound__struct.h
[1.158s] -- Up-to-date: /home/o2p9/ros_space/install/kobuki_ros_interfaces/include/kobuki_ros_interfaces/kobuki_ros_interfaces/msg/detail/scan_angle__description.c
[1.158s] -- Up-to-date: /home/o2p9/ros_space/install/kobuki_ros_interfaces/include/kobuki_ros_interfaces/kobuki_ros_interfaces/msg/detail/bumper_event__struct.h
[1.158s] -- Installing: /home/o2p9/ros_space/install/kobuki_ros_interfaces/include/kobuki_ros_interfaces/kobuki_ros_interfaces/msg/detail/motor_power__type_support.c
[1.159s] -- Up-to-date: /home/o2p9/ros_space/install/kobuki_ros_interfaces/include/kobuki_ros_interfaces/kobuki_ros_interfaces/msg/detail/bumper_event__description.c
[1.159s] -- Up-to-date: /home/o2p9/ros_space/install/kobuki_ros_interfaces/include/kobuki_ros_interfaces/kobuki_ros_interfaces/msg/detail/power_system_event__type_support.h
[1.159s] -- Up-to-date: /home/o2p9/ros_space/install/kobuki_ros_interfaces/include/kobuki_ros_interfaces/kobuki_ros_interfaces/msg/detail/digital_output__type_support.h
[1.159s] -- Up-to-date: /home/o2p9/ros_space/install/kobuki_ros_interfaces/include/kobuki_ros_interfaces/kobuki_ros_interfaces/msg/detail/dock_infra_red__functions.h
[1.159s] -- Up-to-date: /home/o2p9/ros_space/install/kobuki_ros_interfaces/include/kobuki_ros_interfaces/kobuki_ros_interfaces/msg/detail/scan_angle__type_support.h
[1.159s] -- Up-to-date: /home/o2p9/ros_space/install/kobuki_ros_interfaces/include/kobuki_ros_interfaces/kobuki_ros_interfaces/msg/detail/sound__type_support.h
[1.159s] -- Up-to-date: /home/o2p9/ros_space/install/kobuki_ros_interfaces/include/kobuki_ros_interfaces/kobuki_ros_interfaces/msg/detail/controller_info__struct.h
[1.159s] -- Installing: /home/o2p9/ros_space/install/kobuki_ros_interfaces/include/kobuki_ros_interfaces/kobuki_ros_interfaces/msg/detail/power_system_event__type_support.c
[1.159s] -- Installing: /home/o2p9/ros_space/install/kobuki_ros_interfaces/include/kobuki_ros_interfaces/kobuki_ros_interfaces/msg/detail/wheel_drop_event__type_support.c
[1.160s] -- Up-to-date: /home/o2p9/ros_space/install/kobuki_ros_interfaces/include/kobuki_ros_interfaces/kobuki_ros_interfaces/msg/detail/button_event__functions.h
[1.160s] -- Up-to-date: /home/o2p9/ros_space/install/kobuki_ros_interfaces/include/kobuki_ros_interfaces/kobuki_ros_interfaces/msg/detail/led__functions.c
[1.160s] -- Up-to-date: /home/o2p9/ros_space/install/kobuki_ros_interfaces/include/kobuki_ros_interfaces/kobuki_ros_interfaces/msg/detail/digital_output__functions.c
[1.160s] -- Installing: /home/o2p9/ros_space/install/kobuki_ros_interfaces/include/kobuki_ros_interfaces/kobuki_ros_interfaces/msg/detail/button_event__type_support.c
[1.160s] -- Up-to-date: /home/o2p9/ros_space/install/kobuki_ros_interfaces/include/kobuki_ros_interfaces/kobuki_ros_interfaces/msg/detail/power_system_event__description.c
[1.160s] -- Up-to-date: /home/o2p9/ros_space/install/kobuki_ros_interfaces/include/kobuki_ros_interfaces/kobuki_ros_interfaces/msg/detail/digital_input_event__struct.h
[1.160s] -- Up-to-date: /home/o2p9/ros_space/install/kobuki_ros_interfaces/include/kobuki_ros_interfaces/kobuki_ros_interfaces/msg/detail/digital_output__functions.h
[1.161s] -- Up-to-date: /home/o2p9/ros_space/install/kobuki_ros_interfaces/include/kobuki_ros_interfaces/kobuki_ros_interfaces/msg/detail/sensor_state__functions.c
[1.161s] -- Up-to-date: /home/o2p9/ros_space/install/kobuki_ros_interfaces/include/kobuki_ros_interfaces/kobuki_ros_interfaces/msg/detail/version_info__type_support.h
[1.161s] -- Installing: /home/o2p9/ros_space/install/kobuki_ros_interfaces/include/kobuki_ros_interfaces/kobuki_ros_interfaces/msg/detail/controller_info__type_support.c
[1.161s] -- Up-to-date: /home/o2p9/ros_space/install/kobuki_ros_interfaces/include/kobuki_ros_interfaces/kobuki_ros_interfaces/msg/detail/cliff_event__functions.h
[1.161s] -- Installing: /home/o2p9/ros_space/install/kobuki_ros_interfaces/include/kobuki_ros_interfaces/kobuki_ros_interfaces/msg/detail/bumper_event__type_support.c
[1.161s] -- Up-to-date: /home/o2p9/ros_space/install/kobuki_ros_interfaces/include/kobuki_ros_interfaces/kobuki_ros_interfaces/msg/detail/keyboard_input__description.c
[1.161s] -- Installing: /home/o2p9/ros_space/install/kobuki_ros_interfaces/include/kobuki_ros_interfaces/kobuki_ros_interfaces/msg/detail/robot_state_event__type_support.c
[1.162s] -- Up-to-date: /home/o2p9/ros_space/install/kobuki_ros_interfaces/include/kobuki_ros_interfaces/kobuki_ros_interfaces/msg/detail/sound__description.c
[1.162s] -- Up-to-date: /home/o2p9/ros_space/install/kobuki_ros_interfaces/include/kobuki_ros_interfaces/kobuki_ros_interfaces/msg/detail/sound__functions.c
[1.162s] -- Up-to-date: /home/o2p9/ros_space/install/kobuki_ros_interfaces/include/kobuki_ros_interfaces/kobuki_ros_interfaces/msg/detail/controller_info__description.c
[1.162s] -- Up-to-date: /home/o2p9/ros_space/install/kobuki_ros_interfaces/include/kobuki_ros_interfaces/kobuki_ros_interfaces/msg/detail/button_event__type_support.h
[1.162s] -- Installing: /home/o2p9/ros_space/install/kobuki_ros_interfaces/include/kobuki_ros_interfaces/kobuki_ros_interfaces/msg/detail/digital_input_event__type_support.c
[1.162s] -- Installing: /home/o2p9/ros_space/install/kobuki_ros_interfaces/include/kobuki_ros_interfaces/kobuki_ros_interfaces/msg/detail/version_info__type_support.c
[1.162s] -- Up-to-date: /home/o2p9/ros_space/install/kobuki_ros_interfaces/include/kobuki_ros_interfaces/kobuki_ros_interfaces/msg/detail/sound__functions.h
[1.162s] -- Up-to-date: /home/o2p9/ros_space/install/kobuki_ros_interfaces/include/kobuki_ros_interfaces/kobuki_ros_interfaces/msg/detail/keyboard_input__functions.h
[1.162s] -- Up-to-date: /home/o2p9/ros_space/install/kobuki_ros_interfaces/include/kobuki_ros_interfaces/kobuki_ros_interfaces/msg/detail/controller_info__functions.c
[1.162s] -- Up-to-date: /home/o2p9/ros_space/install/kobuki_ros_interfaces/include/kobuki_ros_interfaces/kobuki_ros_interfaces/msg/detail/robot_state_event__functions.c
[1.163s] -- Up-to-date: /home/o2p9/ros_space/install/kobuki_ros_interfaces/include/kobuki_ros_interfaces/kobuki_ros_interfaces/msg/detail/digital_output__description.c
[1.163s] -- Up-to-date: /home/o2p9/ros_space/install/kobuki_ros_interfaces/include/kobuki_ros_interfaces/kobuki_ros_interfaces/msg/detail/cliff_event__struct.h
[1.163s] -- Up-to-date: /home/o2p9/ros_space/install/kobuki_ros_interfaces/include/kobuki_ros_interfaces/kobuki_ros_interfaces/msg/detail/bumper_event__functions.h
[1.163s] -- Up-to-date: /home/o2p9/ros_space/install/kobuki_ros_interfaces/include/kobuki_ros_interfaces/kobuki_ros_interfaces/msg/detail/led__functions.h
[1.163s] -- Up-to-date: /home/o2p9/ros_space/install/kobuki_ros_interfaces/include/kobuki_ros_interfaces/kobuki_ros_interfaces/msg/detail/external_power__functions.h
[1.164s] -- Up-to-date: /home/o2p9/ros_space/install/kobuki_ros_interfaces/include/kobuki_ros_interfaces/kobuki_ros_interfaces/msg/detail/button_event__struct.h
[1.164s] -- Up-to-date: /home/o2p9/ros_space/install/kobuki_ros_interfaces/include/kobuki_ros_interfaces/kobuki_ros_interfaces/msg/detail/external_power__type_support.h
[1.164s] -- Installing: /home/o2p9/ros_space/install/kobuki_ros_interfaces/include/kobuki_ros_interfaces/kobuki_ros_interfaces/msg/detail/external_power__type_support.c
[1.164s] -- Up-to-date: /home/o2p9/ros_space/install/kobuki_ros_interfaces/include/kobuki_ros_interfaces/kobuki_ros_interfaces/msg/detail/version_info__functions.c
[1.164s] -- Up-to-date: /home/o2p9/ros_space/install/kobuki_ros_interfaces/include/kobuki_ros_interfaces/kobuki_ros_interfaces/msg/detail/motor_power__description.c
[1.164s] -- Up-to-date: /home/o2p9/ros_space/install/kobuki_ros_interfaces/include/kobuki_ros_interfaces/kobuki_ros_interfaces/msg/detail/dock_infra_red__struct.h
[1.164s] -- Up-to-date: /home/o2p9/ros_space/install/kobuki_ros_interfaces/include/kobuki_ros_interfaces/kobuki_ros_interfaces/msg/detail/led__struct.h
[1.165s] -- Up-to-date: /home/o2p9/ros_space/install/kobuki_ros_interfaces/include/kobuki_ros_interfaces/kobuki_ros_interfaces/msg/detail/motor_power__functions.c
[1.165s] -- Up-to-date: /home/o2p9/ros_space/install/kobuki_ros_interfaces/include/kobuki_ros_interfaces/kobuki_ros_interfaces/msg/detail/robot_state_event__type_support.h
[1.165s] -- Up-to-date: /home/o2p9/ros_space/install/kobuki_ros_interfaces/include/kobuki_ros_interfaces/kobuki_ros_interfaces/msg/detail/sensor_state__type_support.h
[1.165s] -- Up-to-date: /home/o2p9/ros_space/install/kobuki_ros_interfaces/include/kobuki_ros_interfaces/kobuki_ros_interfaces/msg/detail/keyboard_input__type_support.h
[1.165s] -- Up-to-date: /home/o2p9/ros_space/install/kobuki_ros_interfaces/include/kobuki_ros_interfaces/kobuki_ros_interfaces/msg/detail/external_power__functions.c
[1.165s] -- Up-to-date: /home/o2p9/ros_space/install/kobuki_ros_interfaces/include/kobuki_ros_interfaces/kobuki_ros_interfaces/msg/detail/wheel_drop_event__functions.h
[1.165s] -- Up-to-date: /home/o2p9/ros_space/install/kobuki_ros_interfaces/include/kobuki_ros_interfaces/kobuki_ros_interfaces/msg/detail/robot_state_event__struct.h
[1.166s] -- Up-to-date: /home/o2p9/ros_space/install/kobuki_ros_interfaces/include/kobuki_ros_interfaces/kobuki_ros_interfaces/msg/detail/external_power__description.c
[1.166s] -- Up-to-date: /home/o2p9/ros_space/install/kobuki_ros_interfaces/include/kobuki_ros_interfaces/kobuki_ros_interfaces/msg/detail/wheel_drop_event__functions.c
[1.166s] -- Installing: /home/o2p9/ros_space/install/kobuki_ros_interfaces/include/kobuki_ros_interfaces/kobuki_ros_interfaces/msg/detail/sensor_state__type_support.c
[1.166s] -- Up-to-date: /home/o2p9/ros_space/install/kobuki_ros_interfaces/include/kobuki_ros_interfaces/kobuki_ros_interfaces/msg/detail/wheel_drop_event__type_support.h
[1.166s] -- Up-to-date: /home/o2p9/ros_space/install/kobuki_ros_interfaces/include/kobuki_ros_interfaces/kobuki_ros_interfaces/msg/detail/wheel_drop_event__struct.h
[1.166s] -- Up-to-date: /home/o2p9/ros_space/install/kobuki_ros_interfaces/include/kobuki_ros_interfaces/kobuki_ros_interfaces/msg/detail/cliff_event__type_support.h
[1.166s] -- Up-to-date: /home/o2p9/ros_space/install/kobuki_ros_interfaces/include/kobuki_ros_interfaces/kobuki_ros_interfaces/msg/detail/power_system_event__functions.h
[1.167s] -- Up-to-date: /home/o2p9/ros_space/install/kobuki_ros_interfaces/include/kobuki_ros_interfaces/kobuki_ros_interfaces/msg/detail/button_event__description.c
[1.167s] -- Up-to-date: /home/o2p9/ros_space/install/kobuki_ros_interfaces/include/kobuki_ros_interfaces/kobuki_ros_interfaces/msg/detail/dock_infra_red__functions.c
[1.167s] -- Up-to-date: /home/o2p9/ros_space/install/kobuki_ros_interfaces/include/kobuki_ros_interfaces/kobuki_ros_interfaces/msg/detail/scan_angle__functions.h
[1.167s] -- Up-to-date: /home/o2p9/ros_space/install/kobuki_ros_interfaces/include/kobuki_ros_interfaces/kobuki_ros_interfaces/msg/detail/digital_output__struct.h
[1.167s] -- Up-to-date: /home/o2p9/ros_space/install/kobuki_ros_interfaces/include/kobuki_ros_interfaces/kobuki_ros_interfaces/msg/detail/button_event__functions.c
[1.167s] -- Up-to-date: /home/o2p9/ros_space/install/kobuki_ros_interfaces/include/kobuki_ros_interfaces/kobuki_ros_interfaces/msg/detail/motor_power__struct.h
[1.167s] -- Installing: /home/o2p9/ros_space/install/kobuki_ros_interfaces/include/kobuki_ros_interfaces/kobuki_ros_interfaces/msg/detail/digital_output__type_support.c
[1.167s] -- Up-to-date: /home/o2p9/ros_space/install/kobuki_ros_interfaces/include/kobuki_ros_interfaces/kobuki_ros_interfaces/msg/detail/keyboard_input__struct.h
[1.167s] -- Up-to-date: /home/o2p9/ros_space/install/kobuki_ros_interfaces/include/kobuki_ros_interfaces/kobuki_ros_interfaces/msg/detail/power_system_event__functions.c
[1.168s] -- Up-to-date: /home/o2p9/ros_space/install/kobuki_ros_interfaces/include/kobuki_ros_interfaces/kobuki_ros_interfaces/msg/detail/bumper_event__functions.c
[1.168s] -- Up-to-date: /home/o2p9/ros_space/install/kobuki_ros_interfaces/include/kobuki_ros_interfaces/kobuki_ros_interfaces/msg/detail/digital_input_event__functions.h
[1.168s] -- Up-to-date: /home/o2p9/ros_space/install/kobuki_ros_interfaces/include/kobuki_ros_interfaces/kobuki_ros_interfaces/msg/detail/robot_state_event__functions.h
[1.168s] -- Up-to-date: /home/o2p9/ros_space/install/kobuki_ros_interfaces/include/kobuki_ros_interfaces/kobuki_ros_interfaces/msg/detail/digital_input_event__functions.c
[1.168s] -- Up-to-date: /home/o2p9/ros_space/install/kobuki_ros_interfaces/include/kobuki_ros_interfaces/kobuki_ros_interfaces/msg/detail/scan_angle__struct.h
[1.168s] -- Up-to-date: /home/o2p9/ros_space/install/kobuki_ros_interfaces/include/kobuki_ros_interfaces/kobuki_ros_interfaces/msg/detail/digital_input_event__description.c
[1.168s] -- Up-to-date: /home/o2p9/ros_space/install/kobuki_ros_interfaces/include/kobuki_ros_interfaces/kobuki_ros_interfaces/msg/detail/sensor_state__description.c
[1.168s] -- Up-to-date: /home/o2p9/ros_space/install/kobuki_ros_interfaces/include/kobuki_ros_interfaces/kobuki_ros_interfaces/msg/detail/version_info__struct.h
[1.168s] -- Up-to-date: /home/o2p9/ros_space/install/kobuki_ros_interfaces/include/kobuki_ros_interfaces/kobuki_ros_interfaces/msg/detail/led__type_support.h
[1.169s] -- Up-to-date: /home/o2p9/ros_space/install/kobuki_ros_interfaces/include/kobuki_ros_interfaces/kobuki_ros_interfaces/msg/detail/keyboard_input__functions.c
[1.169s] -- Up-to-date: /home/o2p9/ros_space/install/kobuki_ros_interfaces/include/kobuki_ros_interfaces/kobuki_ros_interfaces/msg/wheel_drop_event.h
[1.169s] -- Up-to-date: /home/o2p9/ros_space/install/kobuki_ros_interfaces/include/kobuki_ros_interfaces/kobuki_ros_interfaces/msg/cliff_event.h
[1.169s] -- Up-to-date: /home/o2p9/ros_space/install/kobuki_ros_interfaces/include/kobuki_ros_interfaces/kobuki_ros_interfaces/msg/version_info.h
[1.169s] -- Up-to-date: /home/o2p9/ros_space/install/kobuki_ros_interfaces/include/kobuki_ros_interfaces/kobuki_ros_interfaces/msg/rosidl_generator_c__visibility_control.h
[1.169s] -- Up-to-date: /home/o2p9/ros_space/install/kobuki_ros_interfaces/include/kobuki_ros_interfaces/kobuki_ros_interfaces/msg/controller_info.h
[1.169s] -- Up-to-date: /home/o2p9/ros_space/install/kobuki_ros_interfaces/include/kobuki_ros_interfaces/kobuki_ros_interfaces/msg/motor_power.h
[1.169s] -- Up-to-date: /home/o2p9/ros_space/install/kobuki_ros_interfaces/include/kobuki_ros_interfaces/kobuki_ros_interfaces/msg/dock_infra_red.h
[1.169s] -- Up-to-date: /home/o2p9/ros_space/install/kobuki_ros_interfaces/include/kobuki_ros_interfaces/kobuki_ros_interfaces/msg/keyboard_input.h
[1.170s] -- Up-to-date: /home/o2p9/ros_space/install/kobuki_ros_interfaces/include/kobuki_ros_interfaces/kobuki_ros_interfaces/msg/digital_output.h
[1.170s] -- Up-to-date: /home/o2p9/ros_space/install/kobuki_ros_interfaces/include/kobuki_ros_interfaces/kobuki_ros_interfaces/msg/scan_angle.h
[1.170s] -- Up-to-date: /home/o2p9/ros_space/install/kobuki_ros_interfaces/include/kobuki_ros_interfaces/kobuki_ros_interfaces/msg/sensor_state.h
[1.170s] -- Up-to-date: /home/o2p9/ros_space/install/kobuki_ros_interfaces/include/kobuki_ros_interfaces/kobuki_ros_interfaces/msg/sound.h
[1.170s] -- Up-to-date: /home/o2p9/ros_space/install/kobuki_ros_interfaces/include/kobuki_ros_interfaces/kobuki_ros_interfaces/msg/button_event.h
[1.170s] -- Up-to-date: /home/o2p9/ros_space/install/kobuki_ros_interfaces/include/kobuki_ros_interfaces/kobuki_ros_interfaces/msg/bumper_event.h
[1.170s] -- Up-to-date: /home/o2p9/ros_space/install/kobuki_ros_interfaces/include/kobuki_ros_interfaces/kobuki_ros_interfaces/msg/external_power.h
[1.170s] -- Up-to-date: /home/o2p9/ros_space/install/kobuki_ros_interfaces/include/kobuki_ros_interfaces/kobuki_ros_interfaces/msg/led.h
[1.171s] -- Up-to-date: /home/o2p9/ros_space/install/kobuki_ros_interfaces/include/kobuki_ros_interfaces/kobuki_ros_interfaces/msg/power_system_event.h
[1.171s] -- Up-to-date: /home/o2p9/ros_space/install/kobuki_ros_interfaces/share/kobuki_ros_interfaces/environment/library_path.sh
[1.171s] -- Up-to-date: /home/o2p9/ros_space/install/kobuki_ros_interfaces/share/kobuki_ros_interfaces/environment/library_path.dsv
[1.171s] -- Up-to-date: /home/o2p9/ros_space/install/kobuki_ros_interfaces/lib/libkobuki_ros_interfaces__rosidl_generator_c.so
[1.171s] -- Up-to-date: /home/o2p9/ros_space/install/kobuki_ros_interfaces/include/kobuki_ros_interfaces/kobuki_ros_interfaces
[1.171s] -- Up-to-date: /home/o2p9/ros_space/install/kobuki_ros_interfaces/include/kobuki_ros_interfaces/kobuki_ros_interfaces/action
[1.171s] -- Up-to-date: /home/o2p9/ros_space/install/kobuki_ros_interfaces/include/kobuki_ros_interfaces/kobuki_ros_interfaces/action/detail
[1.171s] -- Up-to-date: /home/o2p9/ros_space/install/kobuki_ros_interfaces/include/kobuki_ros_interfaces/kobuki_ros_interfaces/action/detail/auto_docking__rosidl_typesupport_fastrtps_c.h
[1.172s] -- Up-to-date: /home/o2p9/ros_space/install/kobuki_ros_interfaces/include/kobuki_ros_interfaces/kobuki_ros_interfaces/msg
[1.172s] -- Up-to-date: /home/o2p9/ros_space/install/kobuki_ros_interfaces/include/kobuki_ros_interfaces/kobuki_ros_interfaces/msg/detail
[1.172s] -- Up-to-date: /home/o2p9/ros_space/install/kobuki_ros_interfaces/include/kobuki_ros_interfaces/kobuki_ros_interfaces/msg/detail/cliff_event__rosidl_typesupport_fastrtps_c.h
[1.172s] -- Up-to-date: /home/o2p9/ros_space/install/kobuki_ros_interfaces/include/kobuki_ros_interfaces/kobuki_ros_interfaces/msg/detail/scan_angle__rosidl_typesupport_fastrtps_c.h
[1.172s] -- Up-to-date: /home/o2p9/ros_space/install/kobuki_ros_interfaces/include/kobuki_ros_interfaces/kobuki_ros_interfaces/msg/detail/keyboard_input__rosidl_typesupport_fastrtps_c.h
[1.172s] -- Up-to-date: /home/o2p9/ros_space/install/kobuki_ros_interfaces/include/kobuki_ros_interfaces/kobuki_ros_interfaces/msg/detail/button_event__rosidl_typesupport_fastrtps_c.h
[1.172s] -- Up-to-date: /home/o2p9/ros_space/install/kobuki_ros_interfaces/include/kobuki_ros_interfaces/kobuki_ros_interfaces/msg/detail/motor_power__rosidl_typesupport_fastrtps_c.h
[1.172s] -- Up-to-date: /home/o2p9/ros_space/install/kobuki_ros_interfaces/include/kobuki_ros_interfaces/kobuki_ros_interfaces/msg/detail/version_info__rosidl_typesupport_fastrtps_c.h
[1.172s] -- Up-to-date: /home/o2p9/ros_space/install/kobuki_ros_interfaces/include/kobuki_ros_interfaces/kobuki_ros_interfaces/msg/detail/bumper_event__rosidl_typesupport_fastrtps_c.h
[1.173s] -- Up-to-date: /home/o2p9/ros_space/install/kobuki_ros_interfaces/include/kobuki_ros_interfaces/kobuki_ros_interfaces/msg/detail/dock_infra_red__rosidl_typesupport_fastrtps_c.h
[1.173s] -- Up-to-date: /home/o2p9/ros_space/install/kobuki_ros_interfaces/include/kobuki_ros_interfaces/kobuki_ros_interfaces/msg/detail/digital_output__rosidl_typesupport_fastrtps_c.h
[1.173s] -- Up-to-date: /home/o2p9/ros_space/install/kobuki_ros_interfaces/include/kobuki_ros_interfaces/kobuki_ros_interfaces/msg/detail/led__rosidl_typesupport_fastrtps_c.h
[1.173s] -- Up-to-date: /home/o2p9/ros_space/install/kobuki_ros_interfaces/include/kobuki_ros_interfaces/kobuki_ros_interfaces/msg/detail/sound__rosidl_typesupport_fastrtps_c.h
[1.173s] -- Up-to-date: /home/o2p9/ros_space/install/kobuki_ros_interfaces/include/kobuki_ros_interfaces/kobuki_ros_interfaces/msg/detail/digital_input_event__rosidl_typesupport_fastrtps_c.h
[1.173s] -- Up-to-date: /home/o2p9/ros_space/install/kobuki_ros_interfaces/include/kobuki_ros_interfaces/kobuki_ros_interfaces/msg/detail/controller_info__rosidl_typesupport_fastrtps_c.h
[1.173s] -- Up-to-date: /home/o2p9/ros_space/install/kobuki_ros_interfaces/include/kobuki_ros_interfaces/kobuki_ros_interfaces/msg/detail/wheel_drop_event__rosidl_typesupport_fastrtps_c.h
[1.174s] -- Up-to-date: /home/o2p9/ros_space/install/kobuki_ros_interfaces/include/kobuki_ros_interfaces/kobuki_ros_interfaces/msg/detail/sensor_state__rosidl_typesupport_fastrtps_c.h
[1.174s] -- Up-to-date: /home/o2p9/ros_space/install/kobuki_ros_interfaces/include/kobuki_ros_interfaces/kobuki_ros_interfaces/msg/detail/power_system_event__rosidl_typesupport_fastrtps_c.h
[1.174s] -- Up-to-date: /home/o2p9/ros_space/install/kobuki_ros_interfaces/include/kobuki_ros_interfaces/kobuki_ros_interfaces/msg/detail/robot_state_event__rosidl_typesupport_fastrtps_c.h
[1.174s] -- Up-to-date: /home/o2p9/ros_space/install/kobuki_ros_interfaces/include/kobuki_ros_interfaces/kobuki_ros_interfaces/msg/detail/external_power__rosidl_typesupport_fastrtps_c.h
[1.174s] -- Up-to-date: /home/o2p9/ros_space/install/kobuki_ros_interfaces/include/kobuki_ros_interfaces/kobuki_ros_interfaces/msg/rosidl_typesupport_fastrtps_c__visibility_control.h
[1.174s] -- Up-to-date: /home/o2p9/ros_space/install/kobuki_ros_interfaces/lib/libkobuki_ros_interfaces__rosidl_typesupport_fastrtps_c.so
[1.175s] -- Up-to-date: /home/o2p9/ros_space/install/kobuki_ros_interfaces/include/kobuki_ros_interfaces/kobuki_ros_interfaces
[1.175s] -- Up-to-date: /home/o2p9/ros_space/install/kobuki_ros_interfaces/include/kobuki_ros_interfaces/kobuki_ros_interfaces/action
[1.175s] -- Up-to-date: /home/o2p9/ros_space/install/kobuki_ros_interfaces/include/kobuki_ros_interfaces/kobuki_ros_interfaces/action/detail
[1.175s] -- Up-to-date: /home/o2p9/ros_space/install/kobuki_ros_interfaces/include/kobuki_ros_interfaces/kobuki_ros_interfaces/action/detail/auto_docking__struct.hpp
[1.175s] -- Up-to-date: /home/o2p9/ros_space/install/kobuki_ros_interfaces/include/kobuki_ros_interfaces/kobuki_ros_interfaces/action/detail/auto_docking__builder.hpp
[1.175s] -- Up-to-date: /home/o2p9/ros_space/install/kobuki_ros_interfaces/include/kobuki_ros_interfaces/kobuki_ros_interfaces/action/detail/auto_docking__traits.hpp
[1.175s] -- Up-to-date: /home/o2p9/ros_space/install/kobuki_ros_interfaces/include/kobuki_ros_interfaces/kobuki_ros_interfaces/action/auto_docking.hpp
[1.175s] -- Up-to-date: /home/o2p9/ros_space/install/kobuki_ros_interfaces/include/kobuki_ros_interfaces/kobuki_ros_interfaces/msg
[1.175s] -- Up-to-date: /home/o2p9/ros_space/install/kobuki_ros_interfaces/include/kobuki_ros_interfaces/kobuki_ros_interfaces/msg/sensor_state.hpp
[1.176s] -- Up-to-date: /home/o2p9/ros_space/install/kobuki_ros_interfaces/include/kobuki_ros_interfaces/kobuki_ros_interfaces/msg/external_power.hpp
[1.176s] -- Up-to-date: /home/o2p9/ros_space/install/kobuki_ros_interfaces/include/kobuki_ros_interfaces/kobuki_ros_interfaces/msg/detail
[1.176s] -- Up-to-date: /home/o2p9/ros_space/install/kobuki_ros_interfaces/include/kobuki_ros_interfaces/kobuki_ros_interfaces/msg/detail/version_info__traits.hpp
[1.176s] -- Up-to-date: /home/o2p9/ros_space/install/kobuki_ros_interfaces/include/kobuki_ros_interfaces/kobuki_ros_interfaces/msg/detail/keyboard_input__builder.hpp
[1.176s] -- Up-to-date: /home/o2p9/ros_space/install/kobuki_ros_interfaces/include/kobuki_ros_interfaces/kobuki_ros_interfaces/msg/detail/robot_state_event__traits.hpp
[1.176s] -- Up-to-date: /home/o2p9/ros_space/install/kobuki_ros_interfaces/include/kobuki_ros_interfaces/kobuki_ros_interfaces/msg/detail/sound__builder.hpp
[1.176s] -- Up-to-date: /home/o2p9/ros_space/install/kobuki_ros_interfaces/include/kobuki_ros_interfaces/kobuki_ros_interfaces/msg/detail/power_system_event__struct.hpp
[1.176s] -- Up-to-date: /home/o2p9/ros_space/install/kobuki_ros_interfaces/include/kobuki_ros_interfaces/kobuki_ros_interfaces/msg/detail/digital_input_event__traits.hpp
[1.176s] -- Up-to-date: /home/o2p9/ros_space/install/kobuki_ros_interfaces/include/kobuki_ros_interfaces/kobuki_ros_interfaces/msg/detail/external_power__builder.hpp
[1.176s] -- Up-to-date: /home/o2p9/ros_space/install/kobuki_ros_interfaces/include/kobuki_ros_interfaces/kobuki_ros_interfaces/msg/detail/version_info__struct.hpp
[1.177s] -- Up-to-date: /home/o2p9/ros_space/install/kobuki_ros_interfaces/include/kobuki_ros_interfaces/kobuki_ros_interfaces/msg/detail/external_power__struct.hpp
[1.177s] -- Up-to-date: /home/o2p9/ros_space/install/kobuki_ros_interfaces/include/kobuki_ros_interfaces/kobuki_ros_interfaces/msg/detail/cliff_event__struct.hpp
[1.177s] -- Up-to-date: /home/o2p9/ros_space/install/kobuki_ros_interfaces/include/kobuki_ros_interfaces/kobuki_ros_interfaces/msg/detail/motor_power__builder.hpp
[1.177s] -- Up-to-date: /home/o2p9/ros_space/install/kobuki_ros_interfaces/include/kobuki_ros_interfaces/kobuki_ros_interfaces/msg/detail/dock_infra_red__builder.hpp
[1.177s] -- Up-to-date: /home/o2p9/ros_space/install/kobuki_ros_interfaces/include/kobuki_ros_interfaces/kobuki_ros_interfaces/msg/detail/led__struct.hpp
[1.177s] -- Up-to-date: /home/o2p9/ros_space/install/kobuki_ros_interfaces/include/kobuki_ros_interfaces/kobuki_ros_interfaces/msg/detail/version_info__builder.hpp
[1.177s] -- Up-to-date: /home/o2p9/ros_space/install/kobuki_ros_interfaces/include/kobuki_ros_interfaces/kobuki_ros_interfaces/msg/detail/cliff_event__builder.hpp
[1.178s] -- Up-to-date: /home/o2p9/ros_space/install/kobuki_ros_interfaces/include/kobuki_ros_interfaces/kobuki_ros_interfaces/msg/detail/controller_info__struct.hpp
[1.178s] -- Up-to-date: /home/o2p9/ros_space/install/kobuki_ros_interfaces/include/kobuki_ros_interfaces/kobuki_ros_interfaces/msg/detail/keyboard_input__struct.hpp
[1.178s] -- Up-to-date: /home/o2p9/ros_space/install/kobuki_ros_interfaces/include/kobuki_ros_interfaces/kobuki_ros_interfaces/msg/detail/dock_infra_red__traits.hpp
[1.178s] -- Up-to-date: /home/o2p9/ros_space/install/kobuki_ros_interfaces/include/kobuki_ros_interfaces/kobuki_ros_interfaces/msg/detail/digital_output__struct.hpp
[1.178s] -- Up-to-date: /home/o2p9/ros_space/install/kobuki_ros_interfaces/include/kobuki_ros_interfaces/kobuki_ros_interfaces/msg/detail/sound__struct.hpp
[1.178s] -- Up-to-date: /home/o2p9/ros_space/install/kobuki_ros_interfaces/include/kobuki_ros_interfaces/kobuki_ros_interfaces/msg/detail/digital_output__traits.hpp
[1.179s] -- Up-to-date: /home/o2p9/ros_space/install/kobuki_ros_interfaces/include/kobuki_ros_interfaces/kobuki_ros_interfaces/msg/detail/bumper_event__struct.hpp
[1.179s] -- Up-to-date: /home/o2p9/ros_space/install/kobuki_ros_interfaces/include/kobuki_ros_interfaces/kobuki_ros_interfaces/msg/detail/button_event__builder.hpp
[1.179s] -- Up-to-date: /home/o2p9/ros_space/install/kobuki_ros_interfaces/include/kobuki_ros_interfaces/kobuki_ros_interfaces/msg/detail/wheel_drop_event__struct.hpp
[1.179s] -- Up-to-date: /home/o2p9/ros_space/install/kobuki_ros_interfaces/include/kobuki_ros_interfaces/kobuki_ros_interfaces/msg/detail/power_system_event__builder.hpp
[1.179s] -- Up-to-date: /home/o2p9/ros_space/install/kobuki_ros_interfaces/include/kobuki_ros_interfaces/kobuki_ros_interfaces/msg/detail/scan_angle__traits.hpp
[1.179s] -- Up-to-date: /home/o2p9/ros_space/install/kobuki_ros_interfaces/include/kobuki_ros_interfaces/kobuki_ros_interfaces/msg/detail/scan_angle__builder.hpp
[1.179s] -- Up-to-date: /home/o2p9/ros_space/install/kobuki_ros_interfaces/include/kobuki_ros_interfaces/kobuki_ros_interfaces/msg/detail/digital_output__builder.hpp
[1.179s] -- Up-to-date: /home/o2p9/ros_space/install/kobuki_ros_interfaces/include/kobuki_ros_interfaces/kobuki_ros_interfaces/msg/detail/wheel_drop_event__builder.hpp
[1.179s] -- Up-to-date: /home/o2p9/ros_space/install/kobuki_ros_interfaces/include/kobuki_ros_interfaces/kobuki_ros_interfaces/msg/detail/dock_infra_red__struct.hpp
[1.179s] -- Up-to-date: /home/o2p9/ros_space/install/kobuki_ros_interfaces/include/kobuki_ros_interfaces/kobuki_ros_interfaces/msg/detail/controller_info__builder.hpp
[1.180s] -- Up-to-date: /home/o2p9/ros_space/install/kobuki_ros_interfaces/include/kobuki_ros_interfaces/kobuki_ros_interfaces/msg/detail/button_event__struct.hpp
[1.180s] -- Up-to-date: /home/o2p9/ros_space/install/kobuki_ros_interfaces/include/kobuki_ros_interfaces/kobuki_ros_interfaces/msg/detail/controller_info__traits.hpp
[1.180s] -- Up-to-date: /home/o2p9/ros_space/install/kobuki_ros_interfaces/include/kobuki_ros_interfaces/kobuki_ros_interfaces/msg/detail/bumper_event__builder.hpp
[1.180s] -- Up-to-date: /home/o2p9/ros_space/install/kobuki_ros_interfaces/include/kobuki_ros_interfaces/kobuki_ros_interfaces/msg/detail/motor_power__traits.hpp
[1.180s] -- Up-to-date: /home/o2p9/ros_space/install/kobuki_ros_interfaces/include/kobuki_ros_interfaces/kobuki_ros_interfaces/msg/detail/sound__traits.hpp
[1.180s] -- Up-to-date: /home/o2p9/ros_space/install/kobuki_ros_interfaces/include/kobuki_ros_interfaces/kobuki_ros_interfaces/msg/detail/sensor_state__builder.hpp
[1.180s] -- Up-to-date: /home/o2p9/ros_space/install/kobuki_ros_interfaces/include/kobuki_ros_interfaces/kobuki_ros_interfaces/msg/detail/button_event__traits.hpp
[1.180s] -- Up-to-date: /home/o2p9/ros_space/install/kobuki_ros_interfaces/include/kobuki_ros_interfaces/kobuki_ros_interfaces/msg/detail/power_system_event__traits.hpp
[1.180s] -- Up-to-date: /home/o2p9/ros_space/install/kobuki_ros_interfaces/include/kobuki_ros_interfaces/kobuki_ros_interfaces/msg/detail/sensor_state__traits.hpp
[1.181s] -- Up-to-date: /home/o2p9/ros_space/install/kobuki_ros_interfaces/include/kobuki_ros_interfaces/kobuki_ros_interfaces/msg/detail/digital_input_event__builder.hpp
[1.181s] -- Up-to-date: /home/o2p9/ros_space/install/kobuki_ros_interfaces/include/kobuki_ros_interfaces/kobuki_ros_interfaces/msg/detail/led__builder.hpp
[1.181s] -- Up-to-date: /home/o2p9/ros_space/install/kobuki_ros_interfaces/include/kobuki_ros_interfaces/kobuki_ros_interfaces/msg/detail/sensor_state__struct.hpp
[1.181s] -- Up-to-date: /home/o2p9/ros_space/install/kobuki_ros_interfaces/include/kobuki_ros_interfaces/kobuki_ros_interfaces/msg/detail/motor_power__struct.hpp
[1.181s] -- Up-to-date: /home/o2p9/ros_space/install/kobuki_ros_interfaces/include/kobuki_ros_interfaces/kobuki_ros_interfaces/msg/detail/robot_state_event__builder.hpp
[1.181s] -- Up-to-date: /home/o2p9/ros_space/install/kobuki_ros_interfaces/include/kobuki_ros_interfaces/kobuki_ros_interfaces/msg/detail/bumper_event__traits.hpp
[1.181s] -- Up-to-date: /home/o2p9/ros_space/install/kobuki_ros_interfaces/include/kobuki_ros_interfaces/kobuki_ros_interfaces/msg/detail/scan_angle__struct.hpp
[1.181s] -- Up-to-date: /home/o2p9/ros_space/install/kobuki_ros_interfaces/include/kobuki_ros_interfaces/kobuki_ros_interfaces/msg/detail/robot_state_event__struct.hpp
[1.181s] -- Up-to-date: /home/o2p9/ros_space/install/kobuki_ros_interfaces/include/kobuki_ros_interfaces/kobuki_ros_interfaces/msg/detail/led__traits.hpp
[1.182s] -- Up-to-date: /home/o2p9/ros_space/install/kobuki_ros_interfaces/include/kobuki_ros_interfaces/kobuki_ros_interfaces/msg/detail/digital_input_event__struct.hpp
[1.182s] -- Up-to-date: /home/o2p9/ros_space/install/kobuki_ros_interfaces/include/kobuki_ros_interfaces/kobuki_ros_interfaces/msg/detail/wheel_drop_event__traits.hpp
[1.182s] -- Up-to-date: /home/o2p9/ros_space/install/kobuki_ros_interfaces/include/kobuki_ros_interfaces/kobuki_ros_interfaces/msg/detail/keyboard_input__traits.hpp
[1.182s] -- Up-to-date: /home/o2p9/ros_space/install/kobuki_ros_interfaces/include/kobuki_ros_interfaces/kobuki_ros_interfaces/msg/detail/external_power__traits.hpp
[1.182s] -- Up-to-date: /home/o2p9/ros_space/install/kobuki_ros_interfaces/include/kobuki_ros_interfaces/kobuki_ros_interfaces/msg/detail/cliff_event__traits.hpp
[1.182s] -- Up-to-date: /home/o2p9/ros_space/install/kobuki_ros_interfaces/include/kobuki_ros_interfaces/kobuki_ros_interfaces/msg/digital_output.hpp
[1.182s] -- Up-to-date: /home/o2p9/ros_space/install/kobuki_ros_interfaces/include/kobuki_ros_interfaces/kobuki_ros_interfaces/msg/version_info.hpp
[1.182s] -- Up-to-date: /home/o2p9/ros_space/install/kobuki_ros_interfaces/include/kobuki_ros_interfaces/kobuki_ros_interfaces/msg/controller_info.hpp
[1.182s] -- Up-to-date: /home/o2p9/ros_space/install/kobuki_ros_interfaces/include/kobuki_ros_interfaces/kobuki_ros_interfaces/msg/robot_state_event.hpp
[1.182s] -- Up-to-date: /home/o2p9/ros_space/install/kobuki_ros_interfaces/include/kobuki_ros_interfaces/kobuki_ros_interfaces/msg/digital_input_event.hpp
[1.183s] -- Up-to-date: /home/o2p9/ros_space/install/kobuki_ros_interfaces/include/kobuki_ros_interfaces/kobuki_ros_interfaces/msg/motor_power.hpp
[1.183s] -- Up-to-date: /home/o2p9/ros_space/install/kobuki_ros_interfaces/include/kobuki_ros_interfaces/kobuki_ros_interfaces/msg/sound.hpp
[1.183s] -- Up-to-date: /home/o2p9/ros_space/install/kobuki_ros_interfaces/include/kobuki_ros_interfaces/kobuki_ros_interfaces/msg/wheel_drop_event.hpp
[1.183s] -- Up-to-date: /home/o2p9/ros_space/install/kobuki_ros_interfaces/include/kobuki_ros_interfaces/kobuki_ros_interfaces/msg/led.hpp
[1.183s] -- Up-to-date: /home/o2p9/ros_space/install/kobuki_ros_interfaces/include/kobuki_ros_interfaces/kobuki_ros_interfaces/msg/dock_infra_red.hpp
[1.183s] -- Up-to-date: /home/o2p9/ros_space/install/kobuki_ros_interfaces/include/kobuki_ros_interfaces/kobuki_ros_interfaces/msg/cliff_event.hpp
[1.183s] -- Up-to-date: /home/o2p9/ros_space/install/kobuki_ros_interfaces/include/kobuki_ros_interfaces/kobuki_ros_interfaces/msg/button_event.hpp
[1.183s] -- Up-to-date: /home/o2p9/ros_space/install/kobuki_ros_interfaces/include/kobuki_ros_interfaces/kobuki_ros_interfaces/msg/power_system_event.hpp
[1.183s] -- Up-to-date: /home/o2p9/ros_space/install/kobuki_ros_interfaces/include/kobuki_ros_interfaces/kobuki_ros_interfaces/msg/bumper_event.hpp
[1.184s] -- Up-to-date: /home/o2p9/ros_space/install/kobuki_ros_interfaces/include/kobuki_ros_interfaces/kobuki_ros_interfaces/msg/keyboard_input.hpp
[1.184s] -- Up-to-date: /home/o2p9/ros_space/install/kobuki_ros_interfaces/include/kobuki_ros_interfaces/kobuki_ros_interfaces/msg/scan_angle.hpp
[1.184s] -- Up-to-date: /home/o2p9/ros_space/install/kobuki_ros_interfaces/include/kobuki_ros_interfaces/kobuki_ros_interfaces
[1.184s] -- Up-to-date: /home/o2p9/ros_space/install/kobuki_ros_interfaces/include/kobuki_ros_interfaces/kobuki_ros_interfaces/action
[1.184s] -- Up-to-date: /home/o2p9/ros_space/install/kobuki_ros_interfaces/include/kobuki_ros_interfaces/kobuki_ros_interfaces/action/detail
[1.184s] -- Up-to-date: /home/o2p9/ros_space/install/kobuki_ros_interfaces/include/kobuki_ros_interfaces/kobuki_ros_interfaces/action/detail/auto_docking__rosidl_typesupport_fastrtps_cpp.hpp
[1.184s] -- Up-to-date: /home/o2p9/ros_space/install/kobuki_ros_interfaces/include/kobuki_ros_interfaces/kobuki_ros_interfaces/action/detail/dds_fastrtps
[1.184s] -- Up-to-date: /home/o2p9/ros_space/install/kobuki_ros_interfaces/include/kobuki_ros_interfaces/kobuki_ros_interfaces/msg
[1.184s] -- Up-to-date: /home/o2p9/ros_space/install/kobuki_ros_interfaces/include/kobuki_ros_interfaces/kobuki_ros_interfaces/msg/detail
[1.185s] -- Up-to-date: /home/o2p9/ros_space/install/kobuki_ros_interfaces/include/kobuki_ros_interfaces/kobuki_ros_interfaces/msg/detail/power_system_event__rosidl_typesupport_fastrtps_cpp.hpp
[1.185s] -- Up-to-date: /home/o2p9/ros_space/install/kobuki_ros_interfaces/include/kobuki_ros_interfaces/kobuki_ros_interfaces/msg/detail/external_power__rosidl_typesupport_fastrtps_cpp.hpp
[1.185s] -- Up-to-date: /home/o2p9/ros_space/install/kobuki_ros_interfaces/include/kobuki_ros_interfaces/kobuki_ros_interfaces/msg/detail/digital_input_event__rosidl_typesupport_fastrtps_cpp.hpp
[1.185s] -- Up-to-date: /home/o2p9/ros_space/install/kobuki_ros_interfaces/include/kobuki_ros_interfaces/kobuki_ros_interfaces/msg/detail/bumper_event__rosidl_typesupport_fastrtps_cpp.hpp
[1.185s] -- Up-to-date: /home/o2p9/ros_space/install/kobuki_ros_interfaces/include/kobuki_ros_interfaces/kobuki_ros_interfaces/msg/detail/dock_infra_red__rosidl_typesupport_fastrtps_cpp.hpp
[1.185s] -- Up-to-date: /home/o2p9/ros_space/install/kobuki_ros_interfaces/include/kobuki_ros_interfaces/kobuki_ros_interfaces/msg/detail/button_event__rosidl_typesupport_fastrtps_cpp.hpp
[1.185s] -- Up-to-date: /home/o2p9/ros_space/install/kobuki_ros_interfaces/include/kobuki_ros_interfaces/kobuki_ros_interfaces/msg/detail/keyboard_input__rosidl_typesupport_fastrtps_cpp.hpp
[1.185s] -- Up-to-date: /home/o2p9/ros_space/install/kobuki_ros_interfaces/include/kobuki_ros_interfaces/kobuki_ros_interfaces/msg/detail/motor_power__rosidl_typesupport_fastrtps_cpp.hpp
[1.185s] -- Up-to-date: /home/o2p9/ros_space/install/kobuki_ros_interfaces/include/kobuki_ros_interfaces/kobuki_ros_interfaces/msg/detail/controller_info__rosidl_typesupport_fastrtps_cpp.hpp
[1.185s] -- Up-to-date: /home/o2p9/ros_space/install/kobuki_ros_interfaces/include/kobuki_ros_interfaces/kobuki_ros_interfaces/msg/detail/sound__rosidl_typesupport_fastrtps_cpp.hpp
[1.186s] -- Up-to-date: /home/o2p9/ros_space/install/kobuki_ros_interfaces/include/kobuki_ros_interfaces/kobuki_ros_interfaces/msg/detail/robot_state_event__rosidl_typesupport_fastrtps_cpp.hpp
[1.186s] -- Up-to-date: /home/o2p9/ros_space/install/kobuki_ros_interfaces/include/kobuki_ros_interfaces/kobuki_ros_interfaces/msg/detail/dds_fastrtps
[1.186s] -- Up-to-date: /home/o2p9/ros_space/install/kobuki_ros_interfaces/include/kobuki_ros_interfaces/kobuki_ros_interfaces/msg/detail/scan_angle__rosidl_typesupport_fastrtps_cpp.hpp
[1.186s] -- Up-to-date: /home/o2p9/ros_space/install/kobuki_ros_interfaces/include/kobuki_ros_interfaces/kobuki_ros_interfaces/msg/detail/led__rosidl_typesupport_fastrtps_cpp.hpp
[1.186s] -- Up-to-date: /home/o2p9/ros_space/install/kobuki_ros_interfaces/include/kobuki_ros_interfaces/kobuki_ros_interfaces/msg/detail/sensor_state__rosidl_typesupport_fastrtps_cpp.hpp
[1.186s] -- Up-to-date: /home/o2p9/ros_space/install/kobuki_ros_interfaces/include/kobuki_ros_interfaces/kobuki_ros_interfaces/msg/detail/cliff_event__rosidl_typesupport_fastrtps_cpp.hpp
[1.186s] -- Up-to-date: /home/o2p9/ros_space/install/kobuki_ros_interfaces/include/kobuki_ros_interfaces/kobuki_ros_interfaces/msg/detail/digital_output__rosidl_typesupport_fastrtps_cpp.hpp
[1.186s] -- Up-to-date: /home/o2p9/ros_space/install/kobuki_ros_interfaces/include/kobuki_ros_interfaces/kobuki_ros_interfaces/msg/detail/wheel_drop_event__rosidl_typesupport_fastrtps_cpp.hpp
[1.186s] -- Up-to-date: /home/o2p9/ros_space/install/kobuki_ros_interfaces/include/kobuki_ros_interfaces/kobuki_ros_interfaces/msg/detail/version_info__rosidl_typesupport_fastrtps_cpp.hpp
[1.187s] -- Up-to-date: /home/o2p9/ros_space/install/kobuki_ros_interfaces/include/kobuki_ros_interfaces/kobuki_ros_interfaces/msg/rosidl_typesupport_fastrtps_cpp__visibility_control.h
[1.187s] -- Up-to-date: /home/o2p9/ros_space/install/kobuki_ros_interfaces/lib/libkobuki_ros_interfaces__rosidl_typesupport_fastrtps_cpp.so
[1.187s] -- Up-to-date: /home/o2p9/ros_space/install/kobuki_ros_interfaces/include/kobuki_ros_interfaces/kobuki_ros_interfaces
[1.187s] -- Up-to-date: /home/o2p9/ros_space/install/kobuki_ros_interfaces/include/kobuki_ros_interfaces/kobuki_ros_interfaces/action
[1.187s] -- Up-to-date: /home/o2p9/ros_space/install/kobuki_ros_interfaces/include/kobuki_ros_interfaces/kobuki_ros_interfaces/action/detail
[1.187s] -- Installing: /home/o2p9/ros_space/install/kobuki_ros_interfaces/include/kobuki_ros_interfaces/kobuki_ros_interfaces/action/detail/auto_docking__type_support.c
[1.187s] -- Up-to-date: /home/o2p9/ros_space/install/kobuki_ros_interfaces/include/kobuki_ros_interfaces/kobuki_ros_interfaces/action/detail/auto_docking__rosidl_typesupport_introspection_c.h
[1.187s] -- Up-to-date: /home/o2p9/ros_space/install/kobuki_ros_interfaces/include/kobuki_ros_interfaces/kobuki_ros_interfaces/msg
[1.187s] -- Up-to-date: /home/o2p9/ros_space/install/kobuki_ros_interfaces/include/kobuki_ros_interfaces/kobuki_ros_interfaces/msg/detail
[1.188s] -- Installing: /home/o2p9/ros_space/install/kobuki_ros_interfaces/include/kobuki_ros_interfaces/kobuki_ros_interfaces/msg/detail/cliff_event__type_support.c
[1.188s] -- Installing: /home/o2p9/ros_space/install/kobuki_ros_interfaces/include/kobuki_ros_interfaces/kobuki_ros_interfaces/msg/detail/sound__type_support.c
[1.188s] -- Installing: /home/o2p9/ros_space/install/kobuki_ros_interfaces/include/kobuki_ros_interfaces/kobuki_ros_interfaces/msg/detail/keyboard_input__type_support.c
[1.188s] -- Installing: /home/o2p9/ros_space/install/kobuki_ros_interfaces/include/kobuki_ros_interfaces/kobuki_ros_interfaces/msg/detail/scan_angle__type_support.c
[1.188s] -- Installing: /home/o2p9/ros_space/install/kobuki_ros_interfaces/include/kobuki_ros_interfaces/kobuki_ros_interfaces/msg/detail/led__type_support.c
[1.188s] -- Installing: /home/o2p9/ros_space/install/kobuki_ros_interfaces/include/kobuki_ros_interfaces/kobuki_ros_interfaces/msg/detail/dock_infra_red__type_support.c
[1.188s] -- Up-to-date: /home/o2p9/ros_space/install/kobuki_ros_interfaces/include/kobuki_ros_interfaces/kobuki_ros_interfaces/msg/detail/dock_infra_red__rosidl_typesupport_introspection_c.h
[1.188s] -- Installing: /home/o2p9/ros_space/install/kobuki_ros_interfaces/include/kobuki_ros_interfaces/kobuki_ros_interfaces/msg/detail/motor_power__type_support.c
[1.188s] -- Up-to-date: /home/o2p9/ros_space/install/kobuki_ros_interfaces/include/kobuki_ros_interfaces/kobuki_ros_interfaces/msg/detail/controller_info__rosidl_typesupport_introspection_c.h
[1.189s] -- Up-to-date: /home/o2p9/ros_space/install/kobuki_ros_interfaces/include/kobuki_ros_interfaces/kobuki_ros_interfaces/msg/detail/scan_angle__rosidl_typesupport_introspection_c.h
[1.189s] -- Installing: /home/o2p9/ros_space/install/kobuki_ros_interfaces/include/kobuki_ros_interfaces/kobuki_ros_interfaces/msg/detail/power_system_event__type_support.c
[1.189s] -- Up-to-date: /home/o2p9/ros_space/install/kobuki_ros_interfaces/include/kobuki_ros_interfaces/kobuki_ros_interfaces/msg/detail/bumper_event__rosidl_typesupport_introspection_c.h
[1.189s] -- Installing: /home/o2p9/ros_space/install/kobuki_ros_interfaces/include/kobuki_ros_interfaces/kobuki_ros_interfaces/msg/detail/wheel_drop_event__type_support.c
[1.189s] -- Up-to-date: /home/o2p9/ros_space/install/kobuki_ros_interfaces/include/kobuki_ros_interfaces/kobuki_ros_interfaces/msg/detail/power_system_event__rosidl_typesupport_introspection_c.h
[1.189s] -- Installing: /home/o2p9/ros_space/install/kobuki_ros_interfaces/include/kobuki_ros_interfaces/kobuki_ros_interfaces/msg/detail/button_event__type_support.c
[1.189s] -- Up-to-date: /home/o2p9/ros_space/install/kobuki_ros_interfaces/include/kobuki_ros_interfaces/kobuki_ros_interfaces/msg/detail/motor_power__rosidl_typesupport_introspection_c.h
[1.189s] -- Installing: /home/o2p9/ros_space/install/kobuki_ros_interfaces/include/kobuki_ros_interfaces/kobuki_ros_interfaces/msg/detail/controller_info__type_support.c
[1.189s] -- Installing: /home/o2p9/ros_space/install/kobuki_ros_interfaces/include/kobuki_ros_interfaces/kobuki_ros_interfaces/msg/detail/bumper_event__type_support.c
[1.189s] -- Installing: /home/o2p9/ros_space/install/kobuki_ros_interfaces/include/kobuki_ros_interfaces/kobuki_ros_interfaces/msg/detail/robot_state_event__type_support.c
[1.190s] -- Up-to-date: /home/o2p9/ros_space/install/kobuki_ros_interfaces/include/kobuki_ros_interfaces/kobuki_ros_interfaces/msg/detail/led__rosidl_typesupport_introspection_c.h
[1.190s] -- Up-to-date: /home/o2p9/ros_space/install/kobuki_ros_interfaces/include/kobuki_ros_interfaces/kobuki_ros_interfaces/msg/detail/external_power__rosidl_typesupport_introspection_c.h
[1.190s] -- Up-to-date: /home/o2p9/ros_space/install/kobuki_ros_interfaces/include/kobuki_ros_interfaces/kobuki_ros_interfaces/msg/detail/robot_state_event__rosidl_typesupport_introspection_c.h
[1.190s] -- Up-to-date: /home/o2p9/ros_space/install/kobuki_ros_interfaces/include/kobuki_ros_interfaces/kobuki_ros_interfaces/msg/detail/keyboard_input__rosidl_typesupport_introspection_c.h
[1.190s] -- Installing: /home/o2p9/ros_space/install/kobuki_ros_interfaces/include/kobuki_ros_interfaces/kobuki_ros_interfaces/msg/detail/digital_input_event__type_support.c
[1.190s] -- Installing: /home/o2p9/ros_space/install/kobuki_ros_interfaces/include/kobuki_ros_interfaces/kobuki_ros_interfaces/msg/detail/version_info__type_support.c
[1.190s] -- Up-to-date: /home/o2p9/ros_space/install/kobuki_ros_interfaces/include/kobuki_ros_interfaces/kobuki_ros_interfaces/msg/detail/sound__rosidl_typesupport_introspection_c.h
[1.190s] -- Installing: /home/o2p9/ros_space/install/kobuki_ros_interfaces/include/kobuki_ros_interfaces/kobuki_ros_interfaces/msg/detail/external_power__type_support.c
[1.190s] -- Installing: /home/o2p9/ros_space/install/kobuki_ros_interfaces/include/kobuki_ros_interfaces/kobuki_ros_interfaces/msg/detail/sensor_state__type_support.c
[1.191s] -- Up-to-date: /home/o2p9/ros_space/install/kobuki_ros_interfaces/include/kobuki_ros_interfaces/kobuki_ros_interfaces/msg/detail/cliff_event__rosidl_typesupport_introspection_c.h
[1.191s] -- Up-to-date: /home/o2p9/ros_space/install/kobuki_ros_interfaces/include/kobuki_ros_interfaces/kobuki_ros_interfaces/msg/detail/sensor_state__rosidl_typesupport_introspection_c.h
[1.191s] -- Installing: /home/o2p9/ros_space/install/kobuki_ros_interfaces/include/kobuki_ros_interfaces/kobuki_ros_interfaces/msg/detail/digital_output__type_support.c
[1.191s] -- Up-to-date: /home/o2p9/ros_space/install/kobuki_ros_interfaces/include/kobuki_ros_interfaces/kobuki_ros_interfaces/msg/detail/button_event__rosidl_typesupport_introspection_c.h
[1.191s] -- Up-to-date: /home/o2p9/ros_space/install/kobuki_ros_interfaces/include/kobuki_ros_interfaces/kobuki_ros_interfaces/msg/detail/wheel_drop_event__rosidl_typesupport_introspection_c.h
[1.191s] -- Up-to-date: /home/o2p9/ros_space/install/kobuki_ros_interfaces/include/kobuki_ros_interfaces/kobuki_ros_interfaces/msg/detail/version_info__rosidl_typesupport_introspection_c.h
[1.191s] -- Up-to-date: /home/o2p9/ros_space/install/kobuki_ros_interfaces/include/kobuki_ros_interfaces/kobuki_ros_interfaces/msg/detail/digital_output__rosidl_typesupport_introspection_c.h
[1.191s] -- Up-to-date: /home/o2p9/ros_space/install/kobuki_ros_interfaces/include/kobuki_ros_interfaces/kobuki_ros_interfaces/msg/detail/digital_input_event__rosidl_typesupport_introspection_c.h
[1.191s] -- Up-to-date: /home/o2p9/ros_space/install/kobuki_ros_interfaces/include/kobuki_ros_interfaces/kobuki_ros_interfaces/msg/rosidl_typesupport_introspection_c__visibility_control.h
[1.192s] -- Up-to-date: /home/o2p9/ros_space/install/kobuki_ros_interfaces/lib/libkobuki_ros_interfaces__rosidl_typesupport_introspection_c.so
[1.192s] -- Up-to-date: /home/o2p9/ros_space/install/kobuki_ros_interfaces/lib/libkobuki_ros_interfaces__rosidl_typesupport_c.so
[1.192s] -- Up-to-date: /home/o2p9/ros_space/install/kobuki_ros_interfaces/include/kobuki_ros_interfaces/kobuki_ros_interfaces
[1.192s] -- Up-to-date: /home/o2p9/ros_space/install/kobuki_ros_interfaces/include/kobuki_ros_interfaces/kobuki_ros_interfaces/action
[1.192s] -- Up-to-date: /home/o2p9/ros_space/install/kobuki_ros_interfaces/include/kobuki_ros_interfaces/kobuki_ros_interfaces/action/detail
[1.192s] -- Up-to-date: /home/o2p9/ros_space/install/kobuki_ros_interfaces/include/kobuki_ros_interfaces/kobuki_ros_interfaces/action/detail/auto_docking__type_support.cpp
[1.192s] -- Up-to-date: /home/o2p9/ros_space/install/kobuki_ros_interfaces/include/kobuki_ros_interfaces/kobuki_ros_interfaces/action/detail/auto_docking__rosidl_typesupport_introspection_cpp.hpp
[1.192s] -- Up-to-date: /home/o2p9/ros_space/install/kobuki_ros_interfaces/include/kobuki_ros_interfaces/kobuki_ros_interfaces/msg
[1.192s] -- Up-to-date: /home/o2p9/ros_space/install/kobuki_ros_interfaces/include/kobuki_ros_interfaces/kobuki_ros_interfaces/msg/detail
[1.193s] -- Up-to-date: /home/o2p9/ros_space/install/kobuki_ros_interfaces/include/kobuki_ros_interfaces/kobuki_ros_interfaces/msg/detail/robot_state_event__type_support.cpp
[1.193s] -- Up-to-date: /home/o2p9/ros_space/install/kobuki_ros_interfaces/include/kobuki_ros_interfaces/kobuki_ros_interfaces/msg/detail/keyboard_input__rosidl_typesupport_introspection_cpp.hpp
[1.193s] -- Up-to-date: /home/o2p9/ros_space/install/kobuki_ros_interfaces/include/kobuki_ros_interfaces/kobuki_ros_interfaces/msg/detail/digital_input_event__rosidl_typesupport_introspection_cpp.hpp
[1.193s] -- Up-to-date: /home/o2p9/ros_space/install/kobuki_ros_interfaces/include/kobuki_ros_interfaces/kobuki_ros_interfaces/msg/detail/sensor_state__rosidl_typesupport_introspection_cpp.hpp
[1.193s] -- Up-to-date: /home/o2p9/ros_space/install/kobuki_ros_interfaces/include/kobuki_ros_interfaces/kobuki_ros_interfaces/msg/detail/version_info__rosidl_typesupport_introspection_cpp.hpp
[1.193s] -- Up-to-date: /home/o2p9/ros_space/install/kobuki_ros_interfaces/include/kobuki_ros_interfaces/kobuki_ros_interfaces/msg/detail/external_power__rosidl_typesupport_introspection_cpp.hpp
[1.193s] -- Up-to-date: /home/o2p9/ros_space/install/kobuki_ros_interfaces/include/kobuki_ros_interfaces/kobuki_ros_interfaces/msg/detail/cliff_event__type_support.cpp
[1.193s] -- Up-to-date: /home/o2p9/ros_space/install/kobuki_ros_interfaces/include/kobuki_ros_interfaces/kobuki_ros_interfaces/msg/detail/motor_power__rosidl_typesupport_introspection_cpp.hpp
[1.193s] -- Up-to-date: /home/o2p9/ros_space/install/kobuki_ros_interfaces/include/kobuki_ros_interfaces/kobuki_ros_interfaces/msg/detail/bumper_event__rosidl_typesupport_introspection_cpp.hpp
[1.194s] -- Up-to-date: /home/o2p9/ros_space/install/kobuki_ros_interfaces/include/kobuki_ros_interfaces/kobuki_ros_interfaces/msg/detail/sound__rosidl_typesupport_introspection_cpp.hpp
[1.194s] -- Up-to-date: /home/o2p9/ros_space/install/kobuki_ros_interfaces/include/kobuki_ros_interfaces/kobuki_ros_interfaces/msg/detail/sound__type_support.cpp
[1.194s] -- Up-to-date: /home/o2p9/ros_space/install/kobuki_ros_interfaces/include/kobuki_ros_interfaces/kobuki_ros_interfaces/msg/detail/robot_state_event__rosidl_typesupport_introspection_cpp.hpp
[1.194s] -- Up-to-date: /home/o2p9/ros_space/install/kobuki_ros_interfaces/include/kobuki_ros_interfaces/kobuki_ros_interfaces/msg/detail/sensor_state__type_support.cpp
[1.194s] -- Up-to-date: /home/o2p9/ros_space/install/kobuki_ros_interfaces/include/kobuki_ros_interfaces/kobuki_ros_interfaces/msg/detail/digital_output__rosidl_typesupport_introspection_cpp.hpp
[1.194s] -- Up-to-date: /home/o2p9/ros_space/install/kobuki_ros_interfaces/include/kobuki_ros_interfaces/kobuki_ros_interfaces/msg/detail/button_event__rosidl_typesupport_introspection_cpp.hpp
[1.194s] -- Up-to-date: /home/o2p9/ros_space/install/kobuki_ros_interfaces/include/kobuki_ros_interfaces/kobuki_ros_interfaces/msg/detail/controller_info__rosidl_typesupport_introspection_cpp.hpp
[1.194s] -- Up-to-date: /home/o2p9/ros_space/install/kobuki_ros_interfaces/include/kobuki_ros_interfaces/kobuki_ros_interfaces/msg/detail/power_system_event__type_support.cpp
[1.194s] -- Up-to-date: /home/o2p9/ros_space/install/kobuki_ros_interfaces/include/kobuki_ros_interfaces/kobuki_ros_interfaces/msg/detail/scan_angle__rosidl_typesupport_introspection_cpp.hpp
[1.195s] -- Up-to-date: /home/o2p9/ros_space/install/kobuki_ros_interfaces/include/kobuki_ros_interfaces/kobuki_ros_interfaces/msg/detail/button_event__type_support.cpp
[1.195s] -- Up-to-date: /home/o2p9/ros_space/install/kobuki_ros_interfaces/include/kobuki_ros_interfaces/kobuki_ros_interfaces/msg/detail/digital_input_event__type_support.cpp
[1.195s] -- Up-to-date: /home/o2p9/ros_space/install/kobuki_ros_interfaces/include/kobuki_ros_interfaces/kobuki_ros_interfaces/msg/detail/cliff_event__rosidl_typesupport_introspection_cpp.hpp
[1.195s] -- Up-to-date: /home/o2p9/ros_space/install/kobuki_ros_interfaces/include/kobuki_ros_interfaces/kobuki_ros_interfaces/msg/detail/version_info__type_support.cpp
[1.195s] -- Up-to-date: /home/o2p9/ros_space/install/kobuki_ros_interfaces/include/kobuki_ros_interfaces/kobuki_ros_interfaces/msg/detail/wheel_drop_event__type_support.cpp
[1.195s] -- Up-to-date: /home/o2p9/ros_space/install/kobuki_ros_interfaces/include/kobuki_ros_interfaces/kobuki_ros_interfaces/msg/detail/motor_power__type_support.cpp
[1.195s] -- Up-to-date: /home/o2p9/ros_space/install/kobuki_ros_interfaces/include/kobuki_ros_interfaces/kobuki_ros_interfaces/msg/detail/power_system_event__rosidl_typesupport_introspection_cpp.hpp
[1.195s] -- Up-to-date: /home/o2p9/ros_space/install/kobuki_ros_interfaces/include/kobuki_ros_interfaces/kobuki_ros_interfaces/msg/detail/led__rosidl_typesupport_introspection_cpp.hpp
[1.195s] -- Up-to-date: /home/o2p9/ros_space/install/kobuki_ros_interfaces/include/kobuki_ros_interfaces/kobuki_ros_interfaces/msg/detail/controller_info__type_support.cpp
[1.195s] -- Up-to-date: /home/o2p9/ros_space/install/kobuki_ros_interfaces/include/kobuki_ros_interfaces/kobuki_ros_interfaces/msg/detail/scan_angle__type_support.cpp
[1.196s] -- Up-to-date: /home/o2p9/ros_space/install/kobuki_ros_interfaces/include/kobuki_ros_interfaces/kobuki_ros_interfaces/msg/detail/dock_infra_red__type_support.cpp
[1.196s] -- Up-to-date: /home/o2p9/ros_space/install/kobuki_ros_interfaces/include/kobuki_ros_interfaces/kobuki_ros_interfaces/msg/detail/dock_infra_red__rosidl_typesupport_introspection_cpp.hpp
[1.196s] -- Up-to-date: /home/o2p9/ros_space/install/kobuki_ros_interfaces/include/kobuki_ros_interfaces/kobuki_ros_interfaces/msg/detail/wheel_drop_event__rosidl_typesupport_introspection_cpp.hpp
[1.196s] -- Up-to-date: /home/o2p9/ros_space/install/kobuki_ros_interfaces/include/kobuki_ros_interfaces/kobuki_ros_interfaces/msg/detail/bumper_event__type_support.cpp
[1.196s] -- Up-to-date: /home/o2p9/ros_space/install/kobuki_ros_interfaces/include/kobuki_ros_interfaces/kobuki_ros_interfaces/msg/detail/digital_output__type_support.cpp
[1.196s] -- Up-to-date: /home/o2p9/ros_space/install/kobuki_ros_interfaces/include/kobuki_ros_interfaces/kobuki_ros_interfaces/msg/detail/led__type_support.cpp
[1.196s] -- Up-to-date: /home/o2p9/ros_space/install/kobuki_ros_interfaces/include/kobuki_ros_interfaces/kobuki_ros_interfaces/msg/detail/external_power__type_support.cpp
[1.196s] -- Up-to-date: /home/o2p9/ros_space/install/kobuki_ros_interfaces/include/kobuki_ros_interfaces/kobuki_ros_interfaces/msg/detail/keyboard_input__type_support.cpp
[1.196s] -- Up-to-date: /home/o2p9/ros_space/install/kobuki_ros_interfaces/lib/libkobuki_ros_interfaces__rosidl_typesupport_introspection_cpp.so
[1.197s] -- Up-to-date: /home/o2p9/ros_space/install/kobuki_ros_interfaces/lib/libkobuki_ros_interfaces__rosidl_typesupport_cpp.so
[1.197s] -- Up-to-date: /home/o2p9/ros_space/install/kobuki_ros_interfaces/share/kobuki_ros_interfaces/environment/pythonpath.sh
[1.197s] -- Up-to-date: /home/o2p9/ros_space/install/kobuki_ros_interfaces/share/kobuki_ros_interfaces/environment/pythonpath.dsv
[1.197s] -- Up-to-date: /home/o2p9/ros_space/install/kobuki_ros_interfaces/lib/python3.10/site-packages/kobuki_ros_interfaces-1.0.0-py3.10.egg-info
[1.197s] -- Installing: /home/o2p9/ros_space/install/kobuki_ros_interfaces/lib/python3.10/site-packages/kobuki_ros_interfaces-1.0.0-py3.10.egg-info/PKG-INFO
[1.197s] -- Installing: /home/o2p9/ros_space/install/kobuki_ros_interfaces/lib/python3.10/site-packages/kobuki_ros_interfaces-1.0.0-py3.10.egg-info/dependency_links.txt
[1.197s] -- Installing: /home/o2p9/ros_space/install/kobuki_ros_interfaces/lib/python3.10/site-packages/kobuki_ros_interfaces-1.0.0-py3.10.egg-info/SOURCES.txt
[1.197s] -- Installing: /home/o2p9/ros_space/install/kobuki_ros_interfaces/lib/python3.10/site-packages/kobuki_ros_interfaces-1.0.0-py3.10.egg-info/top_level.txt
[1.197s] -- Up-to-date: /home/o2p9/ros_space/install/kobuki_ros_interfaces/lib/python3.10/site-packages/kobuki_ros_interfaces
[1.198s] -- Up-to-date: /home/o2p9/ros_space/install/kobuki_ros_interfaces/lib/python3.10/site-packages/kobuki_ros_interfaces/_kobuki_ros_interfaces_s.ep.rosidl_typesupport_c.c
[1.198s] -- Up-to-date: /home/o2p9/ros_space/install/kobuki_ros_interfaces/lib/python3.10/site-packages/kobuki_ros_interfaces/_kobuki_ros_interfaces_s.ep.rosidl_typesupport_introspection_c.c
[1.198s] -- Up-to-date: /home/o2p9/ros_space/install/kobuki_ros_interfaces/lib/python3.10/site-packages/kobuki_ros_interfaces/kobuki_ros_interfaces_s__rosidl_typesupport_c.cpython-310-x86_64-linux-gnu.so
[1.198s] -- Up-to-date: /home/o2p9/ros_space/install/kobuki_ros_interfaces/lib/python3.10/site-packages/kobuki_ros_interfaces/kobuki_ros_interfaces_s__rosidl_typesupport_introspection_c.cpython-310-x86_64-linux-gnu.so
[1.198s] -- Up-to-date: /home/o2p9/ros_space/install/kobuki_ros_interfaces/lib/python3.10/site-packages/kobuki_ros_interfaces/libkobuki_ros_interfaces__rosidl_generator_py.so
[1.198s] -- Up-to-date: /home/o2p9/ros_space/install/kobuki_ros_interfaces/lib/python3.10/site-packages/kobuki_ros_interfaces/_kobuki_ros_interfaces_s.ep.rosidl_typesupport_fastrtps_c.c
[1.198s] -- Up-to-date: /home/o2p9/ros_space/install/kobuki_ros_interfaces/lib/python3.10/site-packages/kobuki_ros_interfaces/__init__.py
[1.198s] -- Up-to-date: /home/o2p9/ros_space/install/kobuki_ros_interfaces/lib/python3.10/site-packages/kobuki_ros_interfaces/action
[1.198s] -- Up-to-date: /home/o2p9/ros_space/install/kobuki_ros_interfaces/lib/python3.10/site-packages/kobuki_ros_interfaces/action/_auto_docking_s.c
[1.198s] -- Up-to-date: /home/o2p9/ros_space/install/kobuki_ros_interfaces/lib/python3.10/site-packages/kobuki_ros_interfaces/action/_auto_docking.py
[1.199s] -- Up-to-date: /home/o2p9/ros_space/install/kobuki_ros_interfaces/lib/python3.10/site-packages/kobuki_ros_interfaces/action/__init__.py
[1.199s] -- Up-to-date: /home/o2p9/ros_space/install/kobuki_ros_interfaces/lib/python3.10/site-packages/kobuki_ros_interfaces/kobuki_ros_interfaces_s__rosidl_typesupport_fastrtps_c.cpython-310-x86_64-linux-gnu.so
[1.199s] -- Up-to-date: /home/o2p9/ros_space/install/kobuki_ros_interfaces/lib/python3.10/site-packages/kobuki_ros_interfaces/msg
[1.199s] -- Up-to-date: /home/o2p9/ros_space/install/kobuki_ros_interfaces/lib/python3.10/site-packages/kobuki_ros_interfaces/msg/_cliff_event.py
[1.199s] -- Up-to-date: /home/o2p9/ros_space/install/kobuki_ros_interfaces/lib/python3.10/site-packages/kobuki_ros_interfaces/msg/_power_system_event.py
[1.199s] -- Up-to-date: /home/o2p9/ros_space/install/kobuki_ros_interfaces/lib/python3.10/site-packages/kobuki_ros_interfaces/msg/_button_event_s.c
[1.199s] -- Up-to-date: /home/o2p9/ros_space/install/kobuki_ros_interfaces/lib/python3.10/site-packages/kobuki_ros_interfaces/msg/_external_power.py
[1.199s] -- Up-to-date: /home/o2p9/ros_space/install/kobuki_ros_interfaces/lib/python3.10/site-packages/kobuki_ros_interfaces/msg/_bumper_event.py
[1.199s] -- Up-to-date: /home/o2p9/ros_space/install/kobuki_ros_interfaces/lib/python3.10/site-packages/kobuki_ros_interfaces/msg/_digital_input_event_s.c
[1.200s] -- Up-to-date: /home/o2p9/ros_space/install/kobuki_ros_interfaces/lib/python3.10/site-packages/kobuki_ros_interfaces/msg/_robot_state_event_s.c
[1.200s] -- Up-to-date: /home/o2p9/ros_space/install/kobuki_ros_interfaces/lib/python3.10/site-packages/kobuki_ros_interfaces/msg/_scan_angle.py
[1.200s] -- Up-to-date: /home/o2p9/ros_space/install/kobuki_ros_interfaces/lib/python3.10/site-packages/kobuki_ros_interfaces/msg/_digital_output_s.c
[1.200s] -- Up-to-date: /home/o2p9/ros_space/install/kobuki_ros_interfaces/lib/python3.10/site-packages/kobuki_ros_interfaces/msg/_sensor_state.py
[1.200s] -- Up-to-date: /home/o2p9/ros_space/install/kobuki_ros_interfaces/lib/python3.10/site-packages/kobuki_ros_interfaces/msg/_scan_angle_s.c
[1.200s] -- Up-to-date: /home/o2p9/ros_space/install/kobuki_ros_interfaces/lib/python3.10/site-packages/kobuki_ros_interfaces/msg/_motor_power.py
[1.200s] -- Up-to-date: /home/o2p9/ros_space/install/kobuki_ros_interfaces/lib/python3.10/site-packages/kobuki_ros_interfaces/msg/_digital_input_event.py
[1.200s] -- Up-to-date: /home/o2p9/ros_space/install/kobuki_ros_interfaces/lib/python3.10/site-packages/kobuki_ros_interfaces/msg/_controller_info.py
[1.200s] -- Up-to-date: /home/o2p9/ros_space/install/kobuki_ros_interfaces/lib/python3.10/site-packages/kobuki_ros_interfaces/msg/_robot_state_event.py
[1.201s] -- Up-to-date: /home/o2p9/ros_space/install/kobuki_ros_interfaces/lib/python3.10/site-packages/kobuki_ros_interfaces/msg/_cliff_event_s.c
[1.201s] -- Up-to-date: /home/o2p9/ros_space/install/kobuki_ros_interfaces/lib/python3.10/site-packages/kobuki_ros_interfaces/msg/_wheel_drop_event_s.c
[1.201s] -- Up-to-date: /home/o2p9/ros_space/install/kobuki_ros_interfaces/lib/python3.10/site-packages/kobuki_ros_interfaces/msg/_dock_infra_red_s.c
[1.201s] -- Up-to-date: /home/o2p9/ros_space/install/kobuki_ros_interfaces/lib/python3.10/site-packages/kobuki_ros_interfaces/msg/_version_info.py
[1.201s] -- Up-to-date: /home/o2p9/ros_space/install/kobuki_ros_interfaces/lib/python3.10/site-packages/kobuki_ros_interfaces/msg/_sensor_state_s.c
[1.201s] -- Up-to-date: /home/o2p9/ros_space/install/kobuki_ros_interfaces/lib/python3.10/site-packages/kobuki_ros_interfaces/msg/_external_power_s.c
[1.201s] -- Up-to-date: /home/o2p9/ros_space/install/kobuki_ros_interfaces/lib/python3.10/site-packages/kobuki_ros_interfaces/msg/_keyboard_input.py
[1.201s] -- Up-to-date: /home/o2p9/ros_space/install/kobuki_ros_interfaces/lib/python3.10/site-packages/kobuki_ros_interfaces/msg/_digital_output.py
[1.202s] -- Up-to-date: /home/o2p9/ros_space/install/kobuki_ros_interfaces/lib/python3.10/site-packages/kobuki_ros_interfaces/msg/_led_s.c
[1.202s] -- Up-to-date: /home/o2p9/ros_space/install/kobuki_ros_interfaces/lib/python3.10/site-packages/kobuki_ros_interfaces/msg/__init__.py
[1.202s] -- Up-to-date: /home/o2p9/ros_space/install/kobuki_ros_interfaces/lib/python3.10/site-packages/kobuki_ros_interfaces/msg/_dock_infra_red.py
[1.202s] -- Up-to-date: /home/o2p9/ros_space/install/kobuki_ros_interfaces/lib/python3.10/site-packages/kobuki_ros_interfaces/msg/_led.py
[1.202s] -- Up-to-date: /home/o2p9/ros_space/install/kobuki_ros_interfaces/lib/python3.10/site-packages/kobuki_ros_interfaces/msg/_version_info_s.c
[1.202s] -- Up-to-date: /home/o2p9/ros_space/install/kobuki_ros_interfaces/lib/python3.10/site-packages/kobuki_ros_interfaces/msg/_button_event.py
[1.202s] -- Up-to-date: /home/o2p9/ros_space/install/kobuki_ros_interfaces/lib/python3.10/site-packages/kobuki_ros_interfaces/msg/_controller_info_s.c
[1.202s] -- Up-to-date: /home/o2p9/ros_space/install/kobuki_ros_interfaces/lib/python3.10/site-packages/kobuki_ros_interfaces/msg/_motor_power_s.c
[1.203s] -- Up-to-date: /home/o2p9/ros_space/install/kobuki_ros_interfaces/lib/python3.10/site-packages/kobuki_ros_interfaces/msg/_sound.py
[1.203s] -- Up-to-date: /home/o2p9/ros_space/install/kobuki_ros_interfaces/lib/python3.10/site-packages/kobuki_ros_interfaces/msg/_keyboard_input_s.c
[1.203s] -- Up-to-date: /home/o2p9/ros_space/install/kobuki_ros_interfaces/lib/python3.10/site-packages/kobuki_ros_interfaces/msg/_bumper_event_s.c
[1.203s] -- Up-to-date: /home/o2p9/ros_space/install/kobuki_ros_interfaces/lib/python3.10/site-packages/kobuki_ros_interfaces/msg/_wheel_drop_event.py
[1.203s] -- Up-to-date: /home/o2p9/ros_space/install/kobuki_ros_interfaces/lib/python3.10/site-packages/kobuki_ros_interfaces/msg/_sound_s.c
[1.203s] -- Up-to-date: /home/o2p9/ros_space/install/kobuki_ros_interfaces/lib/python3.10/site-packages/kobuki_ros_interfaces/msg/_power_system_event_s.c
[1.221s] Listing '/home/o2p9/ros_space/install/kobuki_ros_interfaces/lib/python3.10/site-packages/kobuki_ros_interfaces'...
[1.221s] Listing '/home/o2p9/ros_space/install/kobuki_ros_interfaces/lib/python3.10/site-packages/kobuki_ros_interfaces/action'...
[1.221s] Listing '/home/o2p9/ros_space/install/kobuki_ros_interfaces/lib/python3.10/site-packages/kobuki_ros_interfaces/msg'...
[1.228s] -- Up-to-date: /home/o2p9/ros_space/install/kobuki_ros_interfaces/lib/python3.10/site-packages/kobuki_ros_interfaces/kobuki_ros_interfaces_s__rosidl_typesupport_fastrtps_c.cpython-310-x86_64-linux-gnu.so
[1.229s] -- Up-to-date: /home/o2p9/ros_space/install/kobuki_ros_interfaces/lib/python3.10/site-packages/kobuki_ros_interfaces/kobuki_ros_interfaces_s__rosidl_typesupport_introspection_c.cpython-310-x86_64-linux-gnu.so
[1.229s] -- Up-to-date: /home/o2p9/ros_space/install/kobuki_ros_interfaces/lib/python3.10/site-packages/kobuki_ros_interfaces/kobuki_ros_interfaces_s__rosidl_typesupport_c.cpython-310-x86_64-linux-gnu.so
[1.230s] -- Up-to-date: /home/o2p9/ros_space/install/kobuki_ros_interfaces/lib/libkobuki_ros_interfaces__rosidl_generator_py.so
[1.230s] -- Up-to-date: /home/o2p9/ros_space/install/kobuki_ros_interfaces/share/kobuki_ros_interfaces/msg/BumperEvent.idl
[1.230s] -- Up-to-date: /home/o2p9/ros_space/install/kobuki_ros_interfaces/share/kobuki_ros_interfaces/msg/CliffEvent.idl
[1.231s] -- Up-to-date: /home/o2p9/ros_space/install/kobuki_ros_interfaces/share/kobuki_ros_interfaces/msg/DigitalOutput.idl
[1.231s] -- Up-to-date: /home/o2p9/ros_space/install/kobuki_ros_interfaces/share/kobuki_ros_interfaces/msg/ExternalPower.idl
[1.231s] -- Up-to-date: /home/o2p9/ros_space/install/kobuki_ros_interfaces/share/kobuki_ros_interfaces/msg/Led.idl
[1.231s] -- Up-to-date: /home/o2p9/ros_space/install/kobuki_ros_interfaces/share/kobuki_ros_interfaces/msg/PowerSystemEvent.idl
[1.231s] -- Up-to-date: /home/o2p9/ros_space/install/kobuki_ros_interfaces/share/kobuki_ros_interfaces/msg/SensorState.idl
[1.232s] -- Up-to-date: /home/o2p9/ros_space/install/kobuki_ros_interfaces/share/kobuki_ros_interfaces/msg/VersionInfo.idl
[1.232s] -- Up-to-date: /home/o2p9/ros_space/install/kobuki_ros_interfaces/share/kobuki_ros_interfaces/msg/ControllerInfo.idl
[1.232s] -- Up-to-date: /home/o2p9/ros_space/install/kobuki_ros_interfaces/share/kobuki_ros_interfaces/msg/ButtonEvent.idl
[1.232s] -- Up-to-date: /home/o2p9/ros_space/install/kobuki_ros_interfaces/share/kobuki_ros_interfaces/msg/DigitalInputEvent.idl
[1.232s] -- Up-to-date: /home/o2p9/ros_space/install/kobuki_ros_interfaces/share/kobuki_ros_interfaces/msg/DockInfraRed.idl
[1.232s] -- Up-to-date: /home/o2p9/ros_space/install/kobuki_ros_interfaces/share/kobuki_ros_interfaces/msg/KeyboardInput.idl
[1.233s] -- Up-to-date: /home/o2p9/ros_space/install/kobuki_ros_interfaces/share/kobuki_ros_interfaces/msg/MotorPower.idl
[1.233s] -- Up-to-date: /home/o2p9/ros_space/install/kobuki_ros_interfaces/share/kobuki_ros_interfaces/msg/RobotStateEvent.idl
[1.233s] -- Up-to-date: /home/o2p9/ros_space/install/kobuki_ros_interfaces/share/kobuki_ros_interfaces/msg/Sound.idl
[1.233s] -- Up-to-date: /home/o2p9/ros_space/install/kobuki_ros_interfaces/share/kobuki_ros_interfaces/msg/ScanAngle.idl
[1.233s] -- Up-to-date: /home/o2p9/ros_space/install/kobuki_ros_interfaces/share/kobuki_ros_interfaces/msg/WheelDropEvent.idl
[1.234s] -- Up-to-date: /home/o2p9/ros_space/install/kobuki_ros_interfaces/share/kobuki_ros_interfaces/action/AutoDocking.idl
[1.234s] -- Up-to-date: /home/o2p9/ros_space/install/kobuki_ros_interfaces/share/kobuki_ros_interfaces/msg/BumperEvent.msg
[1.234s] -- Up-to-date: /home/o2p9/ros_space/install/kobuki_ros_interfaces/share/kobuki_ros_interfaces/msg/CliffEvent.msg
[1.234s] -- Up-to-date: /home/o2p9/ros_space/install/kobuki_ros_interfaces/share/kobuki_ros_interfaces/msg/DigitalOutput.msg
[1.234s] -- Up-to-date: /home/o2p9/ros_space/install/kobuki_ros_interfaces/share/kobuki_ros_interfaces/msg/ExternalPower.msg
[1.234s] -- Up-to-date: /home/o2p9/ros_space/install/kobuki_ros_interfaces/share/kobuki_ros_interfaces/msg/Led.msg
[1.235s] -- Up-to-date: /home/o2p9/ros_space/install/kobuki_ros_interfaces/share/kobuki_ros_interfaces/msg/PowerSystemEvent.msg
[1.235s] -- Up-to-date: /home/o2p9/ros_space/install/kobuki_ros_interfaces/share/kobuki_ros_interfaces/msg/SensorState.msg
[1.235s] -- Up-to-date: /home/o2p9/ros_space/install/kobuki_ros_interfaces/share/kobuki_ros_interfaces/msg/VersionInfo.msg
[1.235s] -- Up-to-date: /home/o2p9/ros_space/install/kobuki_ros_interfaces/share/kobuki_ros_interfaces/msg/ControllerInfo.msg
[1.235s] -- Up-to-date: /home/o2p9/ros_space/install/kobuki_ros_interfaces/share/kobuki_ros_interfaces/msg/ButtonEvent.msg
[1.235s] -- Up-to-date: /home/o2p9/ros_space/install/kobuki_ros_interfaces/share/kobuki_ros_interfaces/msg/DigitalInputEvent.msg
[1.236s] -- Up-to-date: /home/o2p9/ros_space/install/kobuki_ros_interfaces/share/kobuki_ros_interfaces/msg/DockInfraRed.msg
[1.236s] -- Up-to-date: /home/o2p9/ros_space/install/kobuki_ros_interfaces/share/kobuki_ros_interfaces/msg/KeyboardInput.msg
[1.236s] -- Up-to-date: /home/o2p9/ros_space/install/kobuki_ros_interfaces/share/kobuki_ros_interfaces/msg/MotorPower.msg
[1.236s] -- Up-to-date: /home/o2p9/ros_space/install/kobuki_ros_interfaces/share/kobuki_ros_interfaces/msg/RobotStateEvent.msg
[1.236s] -- Up-to-date: /home/o2p9/ros_space/install/kobuki_ros_interfaces/share/kobuki_ros_interfaces/msg/Sound.msg
[1.236s] -- Up-to-date: /home/o2p9/ros_space/install/kobuki_ros_interfaces/share/kobuki_ros_interfaces/msg/ScanAngle.msg
[1.237s] -- Up-to-date: /home/o2p9/ros_space/install/kobuki_ros_interfaces/share/kobuki_ros_interfaces/msg/WheelDropEvent.msg
[1.237s] -- Up-to-date: /home/o2p9/ros_space/install/kobuki_ros_interfaces/share/kobuki_ros_interfaces/action/AutoDocking.action
[1.237s] -- Up-to-date: /home/o2p9/ros_space/install/kobuki_ros_interfaces/share/ament_index/resource_index/package_run_dependencies/kobuki_ros_interfaces
[1.238s] -- Up-to-date: /home/o2p9/ros_space/install/kobuki_ros_interfaces/share/ament_index/resource_index/parent_prefix_path/kobuki_ros_interfaces
[1.238s] -- Up-to-date: /home/o2p9/ros_space/install/kobuki_ros_interfaces/share/kobuki_ros_interfaces/environment/ament_prefix_path.sh
[1.238s] -- Up-to-date: /home/o2p9/ros_space/install/kobuki_ros_interfaces/share/kobuki_ros_interfaces/environment/ament_prefix_path.dsv
[1.239s] -- Up-to-date: /home/o2p9/ros_space/install/kobuki_ros_interfaces/share/kobuki_ros_interfaces/environment/path.sh
[1.239s] -- Up-to-date: /home/o2p9/ros_space/install/kobuki_ros_interfaces/share/kobuki_ros_interfaces/environment/path.dsv
[1.239s] -- Up-to-date: /home/o2p9/ros_space/install/kobuki_ros_interfaces/share/kobuki_ros_interfaces/local_setup.bash
[1.239s] -- Up-to-date: /home/o2p9/ros_space/install/kobuki_ros_interfaces/share/kobuki_ros_interfaces/local_setup.sh
[1.240s] -- Up-to-date: /home/o2p9/ros_space/install/kobuki_ros_interfaces/share/kobuki_ros_interfaces/local_setup.zsh
[1.240s] -- Up-to-date: /home/o2p9/ros_space/install/kobuki_ros_interfaces/share/kobuki_ros_interfaces/local_setup.dsv
[1.240s] -- Installing: /home/o2p9/ros_space/install/kobuki_ros_interfaces/share/kobuki_ros_interfaces/package.dsv
[1.243s] -- Up-to-date: /home/o2p9/ros_space/install/kobuki_ros_interfaces/share/ament_index/resource_index/packages/kobuki_ros_interfaces
[1.246s] -- Up-to-date: /home/o2p9/ros_space/install/kobuki_ros_interfaces/share/kobuki_ros_interfaces/cmake/export_kobuki_ros_interfaces__rosidl_generator_cExport.cmake
[1.248s] -- Up-to-date: /home/o2p9/ros_space/install/kobuki_ros_interfaces/share/kobuki_ros_interfaces/cmake/export_kobuki_ros_interfaces__rosidl_generator_cExport-noconfig.cmake
[1.250s] -- Up-to-date: /home/o2p9/ros_space/install/kobuki_ros_interfaces/share/kobuki_ros_interfaces/cmake/export_kobuki_ros_interfaces__rosidl_typesupport_fastrtps_cExport.cmake
[1.252s] -- Up-to-date: /home/o2p9/ros_space/install/kobuki_ros_interfaces/share/kobuki_ros_interfaces/cmake/export_kobuki_ros_interfaces__rosidl_typesupport_fastrtps_cExport-noconfig.cmake
[1.255s] -- Up-to-date: /home/o2p9/ros_space/install/kobuki_ros_interfaces/share/kobuki_ros_interfaces/cmake/export_kobuki_ros_interfaces__rosidl_generator_cppExport.cmake
[1.256s] -- Up-to-date: /home/o2p9/ros_space/install/kobuki_ros_interfaces/share/kobuki_ros_interfaces/cmake/export_kobuki_ros_interfaces__rosidl_typesupport_fastrtps_cppExport.cmake
[1.258s] -- Up-to-date: /home/o2p9/ros_space/install/kobuki_ros_interfaces/share/kobuki_ros_interfaces/cmake/export_kobuki_ros_interfaces__rosidl_typesupport_fastrtps_cppExport-noconfig.cmake
[1.259s] -- Up-to-date: /home/o2p9/ros_space/install/kobuki_ros_interfaces/share/kobuki_ros_interfaces/cmake/kobuki_ros_interfaces__rosidl_typesupport_introspection_cExport.cmake
[1.261s] -- Up-to-date: /home/o2p9/ros_space/install/kobuki_ros_interfaces/share/kobuki_ros_interfaces/cmake/kobuki_ros_interfaces__rosidl_typesupport_introspection_cExport-noconfig.cmake
[1.263s] -- Up-to-date: /home/o2p9/ros_space/install/kobuki_ros_interfaces/share/kobuki_ros_interfaces/cmake/kobuki_ros_interfaces__rosidl_typesupport_cExport.cmake
[1.264s] -- Up-to-date: /home/o2p9/ros_space/install/kobuki_ros_interfaces/share/kobuki_ros_interfaces/cmake/kobuki_ros_interfaces__rosidl_typesupport_cExport-noconfig.cmake
[1.266s] -- Up-to-date: /home/o2p9/ros_space/install/kobuki_ros_interfaces/share/kobuki_ros_interfaces/cmake/kobuki_ros_interfaces__rosidl_typesupport_introspection_cppExport.cmake
[1.267s] -- Up-to-date: /home/o2p9/ros_space/install/kobuki_ros_interfaces/share/kobuki_ros_interfaces/cmake/kobuki_ros_interfaces__rosidl_typesupport_introspection_cppExport-noconfig.cmake
[1.268s] -- Up-to-date: /home/o2p9/ros_space/install/kobuki_ros_interfaces/share/kobuki_ros_interfaces/cmake/kobuki_ros_interfaces__rosidl_typesupport_cppExport.cmake
[1.270s] -- Up-to-date: /home/o2p9/ros_space/install/kobuki_ros_interfaces/share/kobuki_ros_interfaces/cmake/kobuki_ros_interfaces__rosidl_typesupport_cppExport-noconfig.cmake
[1.271s] -- Up-to-date: /home/o2p9/ros_space/install/kobuki_ros_interfaces/share/kobuki_ros_interfaces/cmake/export_kobuki_ros_interfaces__rosidl_generator_pyExport.cmake
[1.272s] -- Up-to-date: /home/o2p9/ros_space/install/kobuki_ros_interfaces/share/kobuki_ros_interfaces/cmake/export_kobuki_ros_interfaces__rosidl_generator_pyExport-noconfig.cmake
[1.274s] -- Up-to-date: /home/o2p9/ros_space/install/kobuki_ros_interfaces/share/kobuki_ros_interfaces/cmake/rosidl_cmake-extras.cmake
[1.275s] -- Up-to-date: /home/o2p9/ros_space/install/kobuki_ros_interfaces/share/kobuki_ros_interfaces/cmake/ament_cmake_export_dependencies-extras.cmake
[1.276s] -- Up-to-date: /home/o2p9/ros_space/install/kobuki_ros_interfaces/share/kobuki_ros_interfaces/cmake/ament_cmake_export_include_directories-extras.cmake
[1.277s] -- Up-to-date: /home/o2p9/ros_space/install/kobuki_ros_interfaces/share/kobuki_ros_interfaces/cmake/ament_cmake_export_libraries-extras.cmake
[1.279s] -- Up-to-date: /home/o2p9/ros_space/install/kobuki_ros_interfaces/share/kobuki_ros_interfaces/cmake/ament_cmake_export_targets-extras.cmake
[1.280s] -- Up-to-date: /home/o2p9/ros_space/install/kobuki_ros_interfaces/share/kobuki_ros_interfaces/cmake/rosidl_cmake_export_typesupport_targets-extras.cmake
[1.281s] -- Up-to-date: /home/o2p9/ros_space/install/kobuki_ros_interfaces/share/kobuki_ros_interfaces/cmake/rosidl_cmake_export_typesupport_libraries-extras.cmake
[1.283s] -- Up-to-date: /home/o2p9/ros_space/install/kobuki_ros_interfaces/share/kobuki_ros_interfaces/cmake/kobuki_ros_interfacesConfig.cmake
[1.288s] -- Up-to-date: /home/o2p9/ros_space/install/kobuki_ros_interfaces/share/kobuki_ros_interfaces/cmake/kobuki_ros_interfacesConfig-version.cmake
[1.300s] -- Up-to-date: /home/o2p9/ros_space/install/kobuki_ros_interfaces/share/kobuki_ros_interfaces/package.xml
[1.307s] Invoked command in '/home/o2p9/ros_space/build/kobuki_ros_interfaces' returned '0': CMAKE_PREFIX_PATH=${CMAKE_PREFIX_PATH}:/opt/ros/iron /usr/bin/cmake --install /home/o2p9/ros_space/build/kobuki_ros_interfaces
