[0.021s] Invoking command in '/home/o2p9/ros_space/build/tutorial_pkg': CMAKE_PREFIX_PATH=${CMAKE_PREFIX_PATH}:/opt/ros/iron /usr/bin/cmake --build /home/o2p9/ros_space/build/tutorial_pkg -- -j4 -l4
[0.047s] -- Found ament_cmake: 2.0.7 (/opt/ros/iron/share/ament_cmake/cmake)
[0.752s] -- Found ament_lint_auto: 0.14.4 (/opt/ros/iron/share/ament_lint_auto/cmake)
[1.362s] -- Added test 'lint_cmake' to check CMake code style
[1.371s] -- Added test 'xmllint' to check XML markup files
[1.377s] -- Configuring done
[1.400s] -- Generating done
[1.417s] -- Build files have been written to: /home/o2p9/ros_space/build/tutorial_pkg
[1.535s] Invoked command in '/home/o2p9/ros_space/build/tutorial_pkg' returned '0': CMAKE_PREFIX_PATH=${CMAKE_PREFIX_PATH}:/opt/ros/iron /usr/bin/cmake --build /home/o2p9/ros_space/build/tutorial_pkg -- -j4 -l4
[1.588s] Invoking command in '/home/o2p9/ros_space/build/tutorial_pkg': CMAKE_PREFIX_PATH=${CMAKE_PREFIX_PATH}:/opt/ros/iron /usr/bin/cmake --install /home/o2p9/ros_space/build/tutorial_pkg
[1.625s] -- Install configuration: ""
[1.626s] -- Installing: /home/o2p9/ros_space/install/tutorial_pkg/share/ament_index/resource_index/package_run_dependencies/tutorial_pkg
[1.627s] -- Installing: /home/o2p9/ros_space/install/tutorial_pkg/share/ament_index/resource_index/parent_prefix_path/tutorial_pkg
[1.629s] -- Up-to-date: /home/o2p9/ros_space/install/tutorial_pkg/share/tutorial_pkg/environment/ament_prefix_path.sh
[1.631s] -- Up-to-date: /home/o2p9/ros_space/install/tutorial_pkg/share/tutorial_pkg/environment/ament_prefix_path.dsv
[1.631s] -- Up-to-date: /home/o2p9/ros_space/install/tutorial_pkg/share/tutorial_pkg/environment/path.sh
[1.633s] -- Up-to-date: /home/o2p9/ros_space/install/tutorial_pkg/share/tutorial_pkg/environment/path.dsv
[1.634s] -- Up-to-date: /home/o2p9/ros_space/install/tutorial_pkg/share/tutorial_pkg/local_setup.bash
[1.634s] -- Up-to-date: /home/o2p9/ros_space/install/tutorial_pkg/share/tutorial_pkg/local_setup.sh
[1.635s] -- Up-to-date: /home/o2p9/ros_space/install/tutorial_pkg/share/tutorial_pkg/local_setup.zsh
[1.636s] -- Up-to-date: /home/o2p9/ros_space/install/tutorial_pkg/share/tutorial_pkg/local_setup.dsv
[1.636s] -- Installing: /home/o2p9/ros_space/install/tutorial_pkg/share/tutorial_pkg/package.dsv
[1.637s] -- Up-to-date: /home/o2p9/ros_space/install/tutorial_pkg/share/ament_index/resource_index/packages/tutorial_pkg
[1.638s] -- Up-to-date: /home/o2p9/ros_space/install/tutorial_pkg/share/tutorial_pkg/cmake/tutorial_pkgConfig.cmake
[1.638s] -- Up-to-date: /home/o2p9/ros_space/install/tutorial_pkg/share/tutorial_pkg/cmake/tutorial_pkgConfig-version.cmake
[1.639s] -- Installing: /home/o2p9/ros_space/install/tutorial_pkg/share/tutorial_pkg/package.xml
[1.641s] -- Installing: /home/o2p9/ros_space/install/tutorial_pkg/lib/tutorial_pkg/test_move
[1.647s] Invoked command in '/home/o2p9/ros_space/build/tutorial_pkg' returned '0': CMAKE_PREFIX_PATH=${CMAKE_PREFIX_PATH}:/opt/ros/iron /usr/bin/cmake --install /home/o2p9/ros_space/build/tutorial_pkg
