[0.132s] DEBUG:colcon:Command line arguments: ['/usr/bin/colcon', 'build']
[0.132s] DEBUG:colcon:Parsed command line arguments: Namespace(log_base=None, log_level=None, verb_name='build', build_base='build', install_base='install', merge_install=False, symlink_install=False, test_result_base=None, continue_on_error=False, executor='parallel', parallel_workers=4, event_handlers=None, ignore_user_meta=False, metas=['./colcon.meta'], base_paths=['.'], packages_ignore=None, packages_ignore_regex=None, paths=None, packages_up_to=None, packages_up_to_regex=None, packages_above=None, packages_above_and_dependencies=None, packages_above_depth=None, packages_select_by_dep=None, packages_skip_by_dep=None, packages_skip_up_to=None, packages_select_build_failed=False, packages_skip_build_finished=False, packages_select_test_failures=False, packages_skip_test_passed=False, packages_select=None, packages_skip=None, packages_select_regex=None, packages_skip_regex=None, packages_start=None, packages_end=None, allow_overriding=[], cmake_args=None, cmake_target=None, cmake_target_skip_unavailable=False, cmake_clean_cache=False, cmake_clean_first=False, cmake_force_configure=False, ament_cmake_args=None, catkin_cmake_args=None, catkin_skip_building_tests=False, mixin_files=None, mixin=None, verb_parser=<colcon_mixin.mixin.mixin_argument.MixinArgumentDecorator object at 0x75a780a47af0>, verb_extension=<colcon_core.verb.build.BuildVerb object at 0x75a780b90df0>, main=<bound method BuildVerb.main of <colcon_core.verb.build.BuildVerb object at 0x75a780b90df0>>, mixin_verb=('build',))
[0.368s] Level 1:colcon.colcon_core.package_discovery:discover_packages(colcon_meta) check parameters
[0.369s] Level 1:colcon.colcon_core.package_discovery:discover_packages(recursive) check parameters
[0.369s] Level 1:colcon.colcon_core.package_discovery:discover_packages(ignore) check parameters
[0.369s] Level 1:colcon.colcon_core.package_discovery:discover_packages(path) check parameters
[0.369s] Level 1:colcon.colcon_core.package_discovery:discover_packages(colcon_meta) discover
[0.369s] Level 1:colcon.colcon_core.package_discovery:discover_packages(recursive) discover
[0.369s] INFO:colcon.colcon_core.package_discovery:Crawling recursively for packages in '/home/o2p9/ros_space'
[0.369s] Level 1:colcon.colcon_core.package_identification:_identify(.) by extensions ['ignore', 'ignore_ament_install']
[0.369s] Level 1:colcon.colcon_core.package_identification:_identify(.) by extension 'ignore'
[0.370s] Level 1:colcon.colcon_core.package_identification:_identify(.) by extension 'ignore_ament_install'
[0.370s] Level 1:colcon.colcon_core.package_identification:_identify(.) by extensions ['colcon_pkg']
[0.370s] Level 1:colcon.colcon_core.package_identification:_identify(.) by extension 'colcon_pkg'
[0.370s] Level 1:colcon.colcon_core.package_identification:_identify(.) by extensions ['colcon_meta']
[0.370s] Level 1:colcon.colcon_core.package_identification:_identify(.) by extension 'colcon_meta'
[0.370s] Level 1:colcon.colcon_core.package_identification:_identify(.) by extensions ['ros']
[0.370s] Level 1:colcon.colcon_core.package_identification:_identify(.) by extension 'ros'
[0.395s] Level 1:colcon.colcon_core.package_identification:_identify(.) by extensions ['cmake', 'python']
[0.395s] Level 1:colcon.colcon_core.package_identification:_identify(.) by extension 'cmake'
[0.395s] Level 1:colcon.colcon_core.package_identification:_identify(.) by extension 'python'
[0.395s] Level 1:colcon.colcon_core.package_identification:_identify(.) by extensions ['python_setup_py']
[0.395s] Level 1:colcon.colcon_core.package_identification:_identify(.) by extension 'python_setup_py'
[0.395s] Level 1:colcon.colcon_core.package_identification:_identify(build) by extensions ['ignore', 'ignore_ament_install']
[0.396s] Level 1:colcon.colcon_core.package_identification:_identify(build) by extension 'ignore'
[0.396s] Level 1:colcon.colcon_core.package_identification:_identify(build) ignored
[0.396s] Level 1:colcon.colcon_core.package_identification:_identify(install) by extensions ['ignore', 'ignore_ament_install']
[0.396s] Level 1:colcon.colcon_core.package_identification:_identify(install) by extension 'ignore'
[0.396s] Level 1:colcon.colcon_core.package_identification:_identify(install) ignored
[0.396s] Level 1:colcon.colcon_core.package_identification:_identify(log) by extensions ['ignore', 'ignore_ament_install']
[0.396s] Level 1:colcon.colcon_core.package_identification:_identify(log) by extension 'ignore'
[0.397s] Level 1:colcon.colcon_core.package_identification:_identify(log) ignored
[0.397s] Level 1:colcon.colcon_core.package_identification:_identify(pkg-tbot) by extensions ['ignore', 'ignore_ament_install']
[0.397s] Level 1:colcon.colcon_core.package_identification:_identify(pkg-tbot) by extension 'ignore'
[0.397s] Level 1:colcon.colcon_core.package_identification:_identify(pkg-tbot) by extension 'ignore_ament_install'
[0.397s] Level 1:colcon.colcon_core.package_identification:_identify(pkg-tbot) by extensions ['colcon_pkg']
[0.397s] Level 1:colcon.colcon_core.package_identification:_identify(pkg-tbot) by extension 'colcon_pkg'
[0.397s] Level 1:colcon.colcon_core.package_identification:_identify(pkg-tbot) by extensions ['colcon_meta']
[0.397s] Level 1:colcon.colcon_core.package_identification:_identify(pkg-tbot) by extension 'colcon_meta'
[0.397s] Level 1:colcon.colcon_core.package_identification:_identify(pkg-tbot) by extensions ['ros']
[0.397s] Level 1:colcon.colcon_core.package_identification:_identify(pkg-tbot) by extension 'ros'
[0.397s] Level 1:colcon.colcon_core.package_identification:_identify(pkg-tbot) by extensions ['cmake', 'python']
[0.397s] Level 1:colcon.colcon_core.package_identification:_identify(pkg-tbot) by extension 'cmake'
[0.398s] Level 1:colcon.colcon_core.package_identification:_identify(pkg-tbot) by extension 'python'
[0.398s] Level 1:colcon.colcon_core.package_identification:_identify(pkg-tbot) by extensions ['python_setup_py']
[0.398s] Level 1:colcon.colcon_core.package_identification:_identify(pkg-tbot) by extension 'python_setup_py'
[0.398s] Level 1:colcon.colcon_core.package_identification:_identify(pkg-tbot/bin) by extensions ['ignore', 'ignore_ament_install']
[0.398s] Level 1:colcon.colcon_core.package_identification:_identify(pkg-tbot/bin) by extension 'ignore'
[0.398s] Level 1:colcon.colcon_core.package_identification:_identify(pkg-tbot/bin) by extension 'ignore_ament_install'
[0.398s] Level 1:colcon.colcon_core.package_identification:_identify(pkg-tbot/bin) by extensions ['colcon_pkg']
[0.398s] Level 1:colcon.colcon_core.package_identification:_identify(pkg-tbot/bin) by extension 'colcon_pkg'
[0.398s] Level 1:colcon.colcon_core.package_identification:_identify(pkg-tbot/bin) by extensions ['colcon_meta']
[0.398s] Level 1:colcon.colcon_core.package_identification:_identify(pkg-tbot/bin) by extension 'colcon_meta'
[0.398s] Level 1:colcon.colcon_core.package_identification:_identify(pkg-tbot/bin) by extensions ['ros']
[0.398s] Level 1:colcon.colcon_core.package_identification:_identify(pkg-tbot/bin) by extension 'ros'
[0.399s] Level 1:colcon.colcon_core.package_identification:_identify(pkg-tbot/bin) by extensions ['cmake', 'python']
[0.399s] Level 1:colcon.colcon_core.package_identification:_identify(pkg-tbot/bin) by extension 'cmake'
[0.399s] Level 1:colcon.colcon_core.package_identification:_identify(pkg-tbot/bin) by extension 'python'
[0.399s] Level 1:colcon.colcon_core.package_identification:_identify(pkg-tbot/bin) by extensions ['python_setup_py']
[0.399s] Level 1:colcon.colcon_core.package_identification:_identify(pkg-tbot/bin) by extension 'python_setup_py'
[0.399s] Level 1:colcon.colcon_core.package_identification:_identify(pkg-tbot/diy) by extensions ['ignore', 'ignore_ament_install']
[0.399s] Level 1:colcon.colcon_core.package_identification:_identify(pkg-tbot/diy) by extension 'ignore'
[0.399s] Level 1:colcon.colcon_core.package_identification:_identify(pkg-tbot/diy) by extension 'ignore_ament_install'
[0.399s] Level 1:colcon.colcon_core.package_identification:_identify(pkg-tbot/diy) by extensions ['colcon_pkg']
[0.399s] Level 1:colcon.colcon_core.package_identification:_identify(pkg-tbot/diy) by extension 'colcon_pkg'
[0.399s] Level 1:colcon.colcon_core.package_identification:_identify(pkg-tbot/diy) by extensions ['colcon_meta']
[0.400s] Level 1:colcon.colcon_core.package_identification:_identify(pkg-tbot/diy) by extension 'colcon_meta'
[0.400s] Level 1:colcon.colcon_core.package_identification:_identify(pkg-tbot/diy) by extensions ['ros']
[0.400s] Level 1:colcon.colcon_core.package_identification:_identify(pkg-tbot/diy) by extension 'ros'
[0.400s] Level 1:colcon.colcon_core.package_identification:_identify(pkg-tbot/diy) by extensions ['cmake', 'python']
[0.400s] Level 1:colcon.colcon_core.package_identification:_identify(pkg-tbot/diy) by extension 'cmake'
[0.400s] Level 1:colcon.colcon_core.package_identification:_identify(pkg-tbot/diy) by extension 'python'
[0.400s] Level 1:colcon.colcon_core.package_identification:_identify(pkg-tbot/diy) by extensions ['python_setup_py']
[0.400s] Level 1:colcon.colcon_core.package_identification:_identify(pkg-tbot/diy) by extension 'python_setup_py'
[0.400s] Level 1:colcon.colcon_core.package_identification:_identify(pkg-tbot/kobuki_ros_interfaces) by extensions ['ignore', 'ignore_ament_install']
[0.400s] Level 1:colcon.colcon_core.package_identification:_identify(pkg-tbot/kobuki_ros_interfaces) by extension 'ignore'
[0.400s] Level 1:colcon.colcon_core.package_identification:_identify(pkg-tbot/kobuki_ros_interfaces) by extension 'ignore_ament_install'
[0.401s] Level 1:colcon.colcon_core.package_identification:_identify(pkg-tbot/kobuki_ros_interfaces) by extensions ['colcon_pkg']
[0.401s] Level 1:colcon.colcon_core.package_identification:_identify(pkg-tbot/kobuki_ros_interfaces) by extension 'colcon_pkg'
[0.401s] Level 1:colcon.colcon_core.package_identification:_identify(pkg-tbot/kobuki_ros_interfaces) by extensions ['colcon_meta']
[0.401s] Level 1:colcon.colcon_core.package_identification:_identify(pkg-tbot/kobuki_ros_interfaces) by extension 'colcon_meta'
[0.401s] Level 1:colcon.colcon_core.package_identification:_identify(pkg-tbot/kobuki_ros_interfaces) by extensions ['ros']
[0.401s] Level 1:colcon.colcon_core.package_identification:_identify(pkg-tbot/kobuki_ros_interfaces) by extension 'ros'
[0.404s] DEBUG:colcon.colcon_core.package_identification:Package 'pkg-tbot/kobuki_ros_interfaces' with type 'ros.ament_cmake' and name 'kobuki_ros_interfaces'
[0.404s] Level 1:colcon.colcon_core.package_identification:_identify(tutorial_pkg) by extensions ['ignore', 'ignore_ament_install']
[0.404s] Level 1:colcon.colcon_core.package_identification:_identify(tutorial_pkg) by extension 'ignore'
[0.404s] Level 1:colcon.colcon_core.package_identification:_identify(tutorial_pkg) by extension 'ignore_ament_install'
[0.405s] Level 1:colcon.colcon_core.package_identification:_identify(tutorial_pkg) by extensions ['colcon_pkg']
[0.405s] Level 1:colcon.colcon_core.package_identification:_identify(tutorial_pkg) by extension 'colcon_pkg'
[0.405s] Level 1:colcon.colcon_core.package_identification:_identify(tutorial_pkg) by extensions ['colcon_meta']
[0.405s] Level 1:colcon.colcon_core.package_identification:_identify(tutorial_pkg) by extension 'colcon_meta'
[0.405s] Level 1:colcon.colcon_core.package_identification:_identify(tutorial_pkg) by extensions ['ros']
[0.405s] Level 1:colcon.colcon_core.package_identification:_identify(tutorial_pkg) by extension 'ros'
[0.406s] DEBUG:colcon.colcon_core.package_identification:Package 'tutorial_pkg' with type 'ros.ament_cmake' and name 'tutorial_pkg'
[0.406s] Level 1:colcon.colcon_core.package_discovery:discover_packages(recursive) using defaults
[0.406s] Level 1:colcon.colcon_core.package_discovery:discover_packages(ignore) discover
[0.406s] Level 1:colcon.colcon_core.package_discovery:discover_packages(ignore) using defaults
[0.406s] Level 1:colcon.colcon_core.package_discovery:discover_packages(path) discover
[0.406s] Level 1:colcon.colcon_core.package_discovery:discover_packages(path) using defaults
[0.429s] Level 1:colcon.colcon_core.package_discovery:discover_packages(prefix_path) check parameters
[0.429s] Level 1:colcon.colcon_core.package_discovery:discover_packages(prefix_path) discover
[0.431s] DEBUG:colcon.colcon_installed_package_information.package_discovery:Found 2 installed packages in /home/o2p9/ros_space/install
[0.433s] DEBUG:colcon.colcon_installed_package_information.package_discovery:Found 366 installed packages in /opt/ros/iron
[0.436s] Level 1:colcon.colcon_core.package_discovery:discover_packages(prefix_path) using defaults
[0.494s] Level 5:colcon.colcon_core.verb:set package 'kobuki_ros_interfaces' build argument 'cmake_args' from command line to 'None'
[0.494s] Level 5:colcon.colcon_core.verb:set package 'kobuki_ros_interfaces' build argument 'cmake_target' from command line to 'None'
[0.494s] Level 5:colcon.colcon_core.verb:set package 'kobuki_ros_interfaces' build argument 'cmake_target_skip_unavailable' from command line to 'False'
[0.494s] Level 5:colcon.colcon_core.verb:set package 'kobuki_ros_interfaces' build argument 'cmake_clean_cache' from command line to 'False'
[0.494s] Level 5:colcon.colcon_core.verb:set package 'kobuki_ros_interfaces' build argument 'cmake_clean_first' from command line to 'False'
[0.494s] Level 5:colcon.colcon_core.verb:set package 'kobuki_ros_interfaces' build argument 'cmake_force_configure' from command line to 'False'
[0.494s] Level 5:colcon.colcon_core.verb:set package 'kobuki_ros_interfaces' build argument 'ament_cmake_args' from command line to 'None'
[0.494s] Level 5:colcon.colcon_core.verb:set package 'kobuki_ros_interfaces' build argument 'catkin_cmake_args' from command line to 'None'
[0.494s] Level 5:colcon.colcon_core.verb:set package 'kobuki_ros_interfaces' build argument 'catkin_skip_building_tests' from command line to 'False'
[0.494s] DEBUG:colcon.colcon_core.verb:Building package 'kobuki_ros_interfaces' with the following arguments: {'ament_cmake_args': None, 'build_base': '/home/o2p9/ros_space/build/kobuki_ros_interfaces', 'catkin_cmake_args': None, 'catkin_skip_building_tests': False, 'cmake_args': None, 'cmake_clean_cache': False, 'cmake_clean_first': False, 'cmake_force_configure': False, 'cmake_target': None, 'cmake_target_skip_unavailable': False, 'install_base': '/home/o2p9/ros_space/install/kobuki_ros_interfaces', 'merge_install': False, 'path': '/home/o2p9/ros_space/pkg-tbot/kobuki_ros_interfaces', 'symlink_install': False, 'test_result_base': None}
[0.495s] Level 5:colcon.colcon_core.verb:set package 'tutorial_pkg' build argument 'cmake_args' from command line to 'None'
[0.495s] Level 5:colcon.colcon_core.verb:set package 'tutorial_pkg' build argument 'cmake_target' from command line to 'None'
[0.495s] Level 5:colcon.colcon_core.verb:set package 'tutorial_pkg' build argument 'cmake_target_skip_unavailable' from command line to 'False'
[0.495s] Level 5:colcon.colcon_core.verb:set package 'tutorial_pkg' build argument 'cmake_clean_cache' from command line to 'False'
[0.495s] Level 5:colcon.colcon_core.verb:set package 'tutorial_pkg' build argument 'cmake_clean_first' from command line to 'False'
[0.495s] Level 5:colcon.colcon_core.verb:set package 'tutorial_pkg' build argument 'cmake_force_configure' from command line to 'False'
[0.495s] Level 5:colcon.colcon_core.verb:set package 'tutorial_pkg' build argument 'ament_cmake_args' from command line to 'None'
[0.495s] Level 5:colcon.colcon_core.verb:set package 'tutorial_pkg' build argument 'catkin_cmake_args' from command line to 'None'
[0.495s] Level 5:colcon.colcon_core.verb:set package 'tutorial_pkg' build argument 'catkin_skip_building_tests' from command line to 'False'
[0.495s] DEBUG:colcon.colcon_core.verb:Building package 'tutorial_pkg' with the following arguments: {'ament_cmake_args': None, 'build_base': '/home/o2p9/ros_space/build/tutorial_pkg', 'catkin_cmake_args': None, 'catkin_skip_building_tests': False, 'cmake_args': None, 'cmake_clean_cache': False, 'cmake_clean_first': False, 'cmake_force_configure': False, 'cmake_target': None, 'cmake_target_skip_unavailable': False, 'install_base': '/home/o2p9/ros_space/install/tutorial_pkg', 'merge_install': False, 'path': '/home/o2p9/ros_space/tutorial_pkg', 'symlink_install': False, 'test_result_base': None}
[0.495s] INFO:colcon.colcon_core.executor:Executing jobs using 'parallel' executor
[0.497s] DEBUG:colcon.colcon_parallel_executor.executor.parallel:run_until_complete
[0.497s] INFO:colcon.colcon_ros.task.ament_cmake.build:Building ROS package in '/home/o2p9/ros_space/pkg-tbot/kobuki_ros_interfaces' with build type 'ament_cmake'
[0.497s] INFO:colcon.colcon_cmake.task.cmake.build:Building CMake package in '/home/o2p9/ros_space/pkg-tbot/kobuki_ros_interfaces'
[0.500s] INFO:colcon.colcon_core.plugin_system:Skipping extension 'colcon_core.shell.bat': Not used on non-Windows systems
[0.501s] INFO:colcon.colcon_core.shell:Skip shell extension 'powershell' for command environment: Not usable outside of PowerShell
[0.501s] DEBUG:colcon.colcon_core.shell:Skip shell extension 'dsv' for command environment
[0.505s] INFO:colcon.colcon_ros.task.ament_cmake.build:Building ROS package in '/home/o2p9/ros_space/tutorial_pkg' with build type 'ament_cmake'
[0.506s] INFO:colcon.colcon_cmake.task.cmake.build:Building CMake package in '/home/o2p9/ros_space/tutorial_pkg'
[0.506s] INFO:colcon.colcon_core.shell:Skip shell extension 'powershell' for command environment: Not usable outside of PowerShell
[0.506s] DEBUG:colcon.colcon_core.shell:Skip shell extension 'dsv' for command environment
[0.520s] DEBUG:colcon.colcon_core.event_handler.log_command:Invoking command in '/home/o2p9/ros_space/build/kobuki_ros_interfaces': CMAKE_PREFIX_PATH=${CMAKE_PREFIX_PATH}:/opt/ros/iron /usr/bin/cmake --build /home/o2p9/ros_space/build/kobuki_ros_interfaces -- -j4 -l4
[0.527s] DEBUG:colcon.colcon_core.event_handler.log_command:Invoking command in '/home/o2p9/ros_space/build/tutorial_pkg': CMAKE_PREFIX_PATH=${CMAKE_PREFIX_PATH}:/opt/ros/iron /usr/bin/cmake --build /home/o2p9/ros_space/build/tutorial_pkg -- -j4 -l4
[0.573s] DEBUG:colcon.colcon_core.event_handler.log_command:Invoked command in '/home/o2p9/ros_space/build/tutorial_pkg' returned '0': CMAKE_PREFIX_PATH=${CMAKE_PREFIX_PATH}:/opt/ros/iron /usr/bin/cmake --build /home/o2p9/ros_space/build/tutorial_pkg -- -j4 -l4
[0.589s] DEBUG:colcon.colcon_core.event_handler.log_command:Invoking command in '/home/o2p9/ros_space/build/tutorial_pkg': CMAKE_PREFIX_PATH=${CMAKE_PREFIX_PATH}:/opt/ros/iron /usr/bin/cmake --install /home/o2p9/ros_space/build/tutorial_pkg
[0.604s] Level 1:colcon.colcon_core.environment:create_environment_scripts_only(tutorial_pkg)
[0.612s] Level 1:colcon.colcon_core.environment:checking '/home/o2p9/ros_space/install/tutorial_pkg' for CMake module files
[0.614s] DEBUG:colcon.colcon_core.event_handler.log_command:Invoked command in '/home/o2p9/ros_space/build/tutorial_pkg' returned '0': CMAKE_PREFIX_PATH=${CMAKE_PREFIX_PATH}:/opt/ros/iron /usr/bin/cmake --install /home/o2p9/ros_space/build/tutorial_pkg
[0.617s] Level 1:colcon.colcon_core.environment:checking '/home/o2p9/ros_space/install/tutorial_pkg' for CMake config files
[0.617s] Level 1:colcon.colcon_core.shell:create_environment_hook('tutorial_pkg', 'cmake_prefix_path')
[0.618s] INFO:colcon.colcon_core.shell:Creating environment hook '/home/o2p9/ros_space/install/tutorial_pkg/share/tutorial_pkg/hook/cmake_prefix_path.ps1'
[0.619s] INFO:colcon.colcon_core.shell:Creating environment descriptor '/home/o2p9/ros_space/install/tutorial_pkg/share/tutorial_pkg/hook/cmake_prefix_path.dsv'
[0.621s] INFO:colcon.colcon_core.shell:Creating environment hook '/home/o2p9/ros_space/install/tutorial_pkg/share/tutorial_pkg/hook/cmake_prefix_path.sh'
[0.623s] Level 1:colcon.colcon_core.environment:checking '/home/o2p9/ros_space/install/tutorial_pkg/lib'
[0.624s] Level 1:colcon.colcon_core.environment:checking '/home/o2p9/ros_space/install/tutorial_pkg/bin'
[0.624s] Level 1:colcon.colcon_core.environment:checking '/home/o2p9/ros_space/install/tutorial_pkg/lib/pkgconfig/tutorial_pkg.pc'
[0.624s] Level 1:colcon.colcon_core.environment:checking '/home/o2p9/ros_space/install/tutorial_pkg/lib/python3.10/site-packages'
[0.626s] Level 1:colcon.colcon_core.environment:checking '/home/o2p9/ros_space/install/tutorial_pkg/bin'
[0.628s] INFO:colcon.colcon_core.shell:Creating package script '/home/o2p9/ros_space/install/tutorial_pkg/share/tutorial_pkg/package.ps1'
[0.630s] INFO:colcon.colcon_core.shell:Creating package descriptor '/home/o2p9/ros_space/install/tutorial_pkg/share/tutorial_pkg/package.dsv'
[0.632s] INFO:colcon.colcon_core.shell:Creating package script '/home/o2p9/ros_space/install/tutorial_pkg/share/tutorial_pkg/package.sh'
[0.634s] INFO:colcon.colcon_core.shell:Creating package script '/home/o2p9/ros_space/install/tutorial_pkg/share/tutorial_pkg/package.bash'
[0.638s] INFO:colcon.colcon_core.shell:Creating package script '/home/o2p9/ros_space/install/tutorial_pkg/share/tutorial_pkg/package.zsh'
[0.640s] Level 1:colcon.colcon_core.environment:create_file_with_runtime_dependencies(/home/o2p9/ros_space/install/tutorial_pkg/share/colcon-core/packages/tutorial_pkg)
[0.641s] Level 1:colcon.colcon_core.environment:create_environment_scripts_only(tutorial_pkg)
[0.646s] Level 1:colcon.colcon_core.environment:checking '/home/o2p9/ros_space/install/tutorial_pkg' for CMake module files
[0.656s] Level 1:colcon.colcon_core.environment:checking '/home/o2p9/ros_space/install/tutorial_pkg' for CMake config files
[0.658s] Level 1:colcon.colcon_core.shell:create_environment_hook('tutorial_pkg', 'cmake_prefix_path')
[0.660s] INFO:colcon.colcon_core.shell:Creating environment hook '/home/o2p9/ros_space/install/tutorial_pkg/share/tutorial_pkg/hook/cmake_prefix_path.ps1'
[0.663s] INFO:colcon.colcon_core.shell:Creating environment descriptor '/home/o2p9/ros_space/install/tutorial_pkg/share/tutorial_pkg/hook/cmake_prefix_path.dsv'
[0.665s] INFO:colcon.colcon_core.shell:Creating environment hook '/home/o2p9/ros_space/install/tutorial_pkg/share/tutorial_pkg/hook/cmake_prefix_path.sh'
[0.668s] Level 1:colcon.colcon_core.environment:checking '/home/o2p9/ros_space/install/tutorial_pkg/lib'
[0.668s] Level 1:colcon.colcon_core.environment:checking '/home/o2p9/ros_space/install/tutorial_pkg/bin'
[0.669s] Level 1:colcon.colcon_core.environment:checking '/home/o2p9/ros_space/install/tutorial_pkg/lib/pkgconfig/tutorial_pkg.pc'
[0.670s] Level 1:colcon.colcon_core.environment:checking '/home/o2p9/ros_space/install/tutorial_pkg/lib/python3.10/site-packages'
[0.671s] Level 1:colcon.colcon_core.environment:checking '/home/o2p9/ros_space/install/tutorial_pkg/bin'
[0.672s] INFO:colcon.colcon_core.shell:Creating package script '/home/o2p9/ros_space/install/tutorial_pkg/share/tutorial_pkg/package.ps1'
[0.676s] INFO:colcon.colcon_core.shell:Creating package descriptor '/home/o2p9/ros_space/install/tutorial_pkg/share/tutorial_pkg/package.dsv'
[0.678s] INFO:colcon.colcon_core.shell:Creating package script '/home/o2p9/ros_space/install/tutorial_pkg/share/tutorial_pkg/package.sh'
[0.680s] INFO:colcon.colcon_core.shell:Creating package script '/home/o2p9/ros_space/install/tutorial_pkg/share/tutorial_pkg/package.bash'
[0.681s] INFO:colcon.colcon_core.shell:Creating package script '/home/o2p9/ros_space/install/tutorial_pkg/share/tutorial_pkg/package.zsh'
[0.682s] Level 1:colcon.colcon_core.environment:create_file_with_runtime_dependencies(/home/o2p9/ros_space/install/tutorial_pkg/share/colcon-core/packages/tutorial_pkg)
[1.474s] DEBUG:colcon.colcon_core.event_handler.log_command:Invoked command in '/home/o2p9/ros_space/build/kobuki_ros_interfaces' returned '0': CMAKE_PREFIX_PATH=${CMAKE_PREFIX_PATH}:/opt/ros/iron /usr/bin/cmake --build /home/o2p9/ros_space/build/kobuki_ros_interfaces -- -j4 -l4
[1.476s] DEBUG:colcon.colcon_core.event_handler.log_command:Invoking command in '/home/o2p9/ros_space/build/kobuki_ros_interfaces': CMAKE_PREFIX_PATH=${CMAKE_PREFIX_PATH}:/opt/ros/iron /usr/bin/cmake --install /home/o2p9/ros_space/build/kobuki_ros_interfaces
[1.575s] Level 1:colcon.colcon_core.environment:create_environment_scripts_only(kobuki_ros_interfaces)
[1.575s] Level 1:colcon.colcon_core.environment:checking '/home/o2p9/ros_space/install/kobuki_ros_interfaces' for CMake module files
[1.576s] DEBUG:colcon.colcon_core.event_handler.log_command:Invoked command in '/home/o2p9/ros_space/build/kobuki_ros_interfaces' returned '0': CMAKE_PREFIX_PATH=${CMAKE_PREFIX_PATH}:/opt/ros/iron /usr/bin/cmake --install /home/o2p9/ros_space/build/kobuki_ros_interfaces
[1.577s] Level 1:colcon.colcon_core.environment:checking '/home/o2p9/ros_space/install/kobuki_ros_interfaces' for CMake config files
[1.577s] Level 1:colcon.colcon_core.shell:create_environment_hook('kobuki_ros_interfaces', 'cmake_prefix_path')
[1.578s] INFO:colcon.colcon_core.shell:Creating environment hook '/home/o2p9/ros_space/install/kobuki_ros_interfaces/share/kobuki_ros_interfaces/hook/cmake_prefix_path.ps1'
[1.578s] INFO:colcon.colcon_core.shell:Creating environment descriptor '/home/o2p9/ros_space/install/kobuki_ros_interfaces/share/kobuki_ros_interfaces/hook/cmake_prefix_path.dsv'
[1.579s] INFO:colcon.colcon_core.shell:Creating environment hook '/home/o2p9/ros_space/install/kobuki_ros_interfaces/share/kobuki_ros_interfaces/hook/cmake_prefix_path.sh'
[1.580s] Level 1:colcon.colcon_core.environment:checking '/home/o2p9/ros_space/install/kobuki_ros_interfaces/lib'
[1.580s] Level 1:colcon.colcon_core.shell:create_environment_hook('kobuki_ros_interfaces', 'ld_library_path_lib')
[1.580s] INFO:colcon.colcon_core.shell:Creating environment hook '/home/o2p9/ros_space/install/kobuki_ros_interfaces/share/kobuki_ros_interfaces/hook/ld_library_path_lib.ps1'
[1.581s] INFO:colcon.colcon_core.shell:Creating environment descriptor '/home/o2p9/ros_space/install/kobuki_ros_interfaces/share/kobuki_ros_interfaces/hook/ld_library_path_lib.dsv'
[1.581s] INFO:colcon.colcon_core.shell:Creating environment hook '/home/o2p9/ros_space/install/kobuki_ros_interfaces/share/kobuki_ros_interfaces/hook/ld_library_path_lib.sh'
[1.582s] Level 1:colcon.colcon_core.environment:checking '/home/o2p9/ros_space/install/kobuki_ros_interfaces/bin'
[1.582s] Level 1:colcon.colcon_core.environment:checking '/home/o2p9/ros_space/install/kobuki_ros_interfaces/lib/pkgconfig/kobuki_ros_interfaces.pc'
[1.582s] Level 1:colcon.colcon_core.environment:checking '/home/o2p9/ros_space/install/kobuki_ros_interfaces/lib/python3.10/site-packages'
[1.582s] Level 1:colcon.colcon_core.shell:create_environment_hook('kobuki_ros_interfaces', 'pythonpath')
[1.583s] INFO:colcon.colcon_core.shell:Creating environment hook '/home/o2p9/ros_space/install/kobuki_ros_interfaces/share/kobuki_ros_interfaces/hook/pythonpath.ps1'
[1.583s] INFO:colcon.colcon_core.shell:Creating environment descriptor '/home/o2p9/ros_space/install/kobuki_ros_interfaces/share/kobuki_ros_interfaces/hook/pythonpath.dsv'
[1.584s] INFO:colcon.colcon_core.shell:Creating environment hook '/home/o2p9/ros_space/install/kobuki_ros_interfaces/share/kobuki_ros_interfaces/hook/pythonpath.sh'
[1.585s] Level 1:colcon.colcon_core.environment:checking '/home/o2p9/ros_space/install/kobuki_ros_interfaces/bin'
[1.585s] INFO:colcon.colcon_core.shell:Creating package script '/home/o2p9/ros_space/install/kobuki_ros_interfaces/share/kobuki_ros_interfaces/package.ps1'
[1.586s] INFO:colcon.colcon_core.shell:Creating package descriptor '/home/o2p9/ros_space/install/kobuki_ros_interfaces/share/kobuki_ros_interfaces/package.dsv'
[1.587s] INFO:colcon.colcon_core.shell:Creating package script '/home/o2p9/ros_space/install/kobuki_ros_interfaces/share/kobuki_ros_interfaces/package.sh'
[1.588s] INFO:colcon.colcon_core.shell:Creating package script '/home/o2p9/ros_space/install/kobuki_ros_interfaces/share/kobuki_ros_interfaces/package.bash'
[1.588s] INFO:colcon.colcon_core.shell:Creating package script '/home/o2p9/ros_space/install/kobuki_ros_interfaces/share/kobuki_ros_interfaces/package.zsh'
[1.589s] Level 1:colcon.colcon_core.environment:create_file_with_runtime_dependencies(/home/o2p9/ros_space/install/kobuki_ros_interfaces/share/colcon-core/packages/kobuki_ros_interfaces)
[1.590s] Level 1:colcon.colcon_core.environment:create_environment_scripts_only(kobuki_ros_interfaces)
[1.590s] Level 1:colcon.colcon_core.environment:checking '/home/o2p9/ros_space/install/kobuki_ros_interfaces' for CMake module files
[1.591s] Level 1:colcon.colcon_core.environment:checking '/home/o2p9/ros_space/install/kobuki_ros_interfaces' for CMake config files
[1.591s] Level 1:colcon.colcon_core.shell:create_environment_hook('kobuki_ros_interfaces', 'cmake_prefix_path')
[1.592s] INFO:colcon.colcon_core.shell:Creating environment hook '/home/o2p9/ros_space/install/kobuki_ros_interfaces/share/kobuki_ros_interfaces/hook/cmake_prefix_path.ps1'
[1.592s] INFO:colcon.colcon_core.shell:Creating environment descriptor '/home/o2p9/ros_space/install/kobuki_ros_interfaces/share/kobuki_ros_interfaces/hook/cmake_prefix_path.dsv'
[1.593s] INFO:colcon.colcon_core.shell:Creating environment hook '/home/o2p9/ros_space/install/kobuki_ros_interfaces/share/kobuki_ros_interfaces/hook/cmake_prefix_path.sh'
[1.594s] Level 1:colcon.colcon_core.environment:checking '/home/o2p9/ros_space/install/kobuki_ros_interfaces/lib'
[1.594s] Level 1:colcon.colcon_core.shell:create_environment_hook('kobuki_ros_interfaces', 'ld_library_path_lib')
[1.594s] INFO:colcon.colcon_core.shell:Creating environment hook '/home/o2p9/ros_space/install/kobuki_ros_interfaces/share/kobuki_ros_interfaces/hook/ld_library_path_lib.ps1'
[1.594s] INFO:colcon.colcon_core.shell:Creating environment descriptor '/home/o2p9/ros_space/install/kobuki_ros_interfaces/share/kobuki_ros_interfaces/hook/ld_library_path_lib.dsv'
[1.595s] INFO:colcon.colcon_core.shell:Creating environment hook '/home/o2p9/ros_space/install/kobuki_ros_interfaces/share/kobuki_ros_interfaces/hook/ld_library_path_lib.sh'
[1.595s] Level 1:colcon.colcon_core.environment:checking '/home/o2p9/ros_space/install/kobuki_ros_interfaces/bin'
[1.595s] Level 1:colcon.colcon_core.environment:checking '/home/o2p9/ros_space/install/kobuki_ros_interfaces/lib/pkgconfig/kobuki_ros_interfaces.pc'
[1.596s] Level 1:colcon.colcon_core.environment:checking '/home/o2p9/ros_space/install/kobuki_ros_interfaces/lib/python3.10/site-packages'
[1.596s] Level 1:colcon.colcon_core.shell:create_environment_hook('kobuki_ros_interfaces', 'pythonpath')
[1.596s] INFO:colcon.colcon_core.shell:Creating environment hook '/home/o2p9/ros_space/install/kobuki_ros_interfaces/share/kobuki_ros_interfaces/hook/pythonpath.ps1'
[1.597s] INFO:colcon.colcon_core.shell:Creating environment descriptor '/home/o2p9/ros_space/install/kobuki_ros_interfaces/share/kobuki_ros_interfaces/hook/pythonpath.dsv'
[1.597s] INFO:colcon.colcon_core.shell:Creating environment hook '/home/o2p9/ros_space/install/kobuki_ros_interfaces/share/kobuki_ros_interfaces/hook/pythonpath.sh'
[1.598s] Level 1:colcon.colcon_core.environment:checking '/home/o2p9/ros_space/install/kobuki_ros_interfaces/bin'
[1.598s] INFO:colcon.colcon_core.shell:Creating package script '/home/o2p9/ros_space/install/kobuki_ros_interfaces/share/kobuki_ros_interfaces/package.ps1'
[1.599s] INFO:colcon.colcon_core.shell:Creating package descriptor '/home/o2p9/ros_space/install/kobuki_ros_interfaces/share/kobuki_ros_interfaces/package.dsv'
[1.599s] INFO:colcon.colcon_core.shell:Creating package script '/home/o2p9/ros_space/install/kobuki_ros_interfaces/share/kobuki_ros_interfaces/package.sh'
[1.600s] INFO:colcon.colcon_core.shell:Creating package script '/home/o2p9/ros_space/install/kobuki_ros_interfaces/share/kobuki_ros_interfaces/package.bash'
[1.600s] INFO:colcon.colcon_core.shell:Creating package script '/home/o2p9/ros_space/install/kobuki_ros_interfaces/share/kobuki_ros_interfaces/package.zsh'
[1.601s] Level 1:colcon.colcon_core.environment:create_file_with_runtime_dependencies(/home/o2p9/ros_space/install/kobuki_ros_interfaces/share/colcon-core/packages/kobuki_ros_interfaces)
[1.601s] DEBUG:colcon.colcon_parallel_executor.executor.parallel:closing loop
[1.602s] DEBUG:colcon.colcon_parallel_executor.executor.parallel:loop closed
[1.602s] DEBUG:colcon.colcon_parallel_executor.executor.parallel:run_until_complete finished with '0'
[1.602s] DEBUG:colcon.colcon_core.event_reactor:joining thread
[1.608s] INFO:colcon.colcon_core.plugin_system:Skipping extension 'colcon_notification.desktop_notification.notify_send': Could not find 'notify-send'
[1.608s] INFO:colcon.colcon_core.plugin_system:Skipping extension 'colcon_notification.desktop_notification.terminal_notifier': Not used on non-Darwin systems
[1.608s] INFO:colcon.colcon_core.plugin_system:Skipping extension 'colcon_notification.desktop_notification.win32': Not used on non-Windows systems
[1.608s] INFO:colcon.colcon_notification.desktop_notification:Sending desktop notification using 'notify2'
[1.624s] DEBUG:colcon.colcon_core.event_reactor:joined thread
[1.625s] INFO:colcon.colcon_core.shell:Creating prefix script '/home/o2p9/ros_space/install/local_setup.ps1'
[1.626s] INFO:colcon.colcon_core.shell:Creating prefix util module '/home/o2p9/ros_space/install/_local_setup_util_ps1.py'
[1.644s] INFO:colcon.colcon_core.shell:Creating prefix chain script '/home/o2p9/ros_space/install/setup.ps1'
[1.651s] INFO:colcon.colcon_core.shell:Creating prefix script '/home/o2p9/ros_space/install/local_setup.sh'
[1.654s] INFO:colcon.colcon_core.shell:Creating prefix util module '/home/o2p9/ros_space/install/_local_setup_util_sh.py'
[1.657s] INFO:colcon.colcon_core.shell:Creating prefix chain script '/home/o2p9/ros_space/install/setup.sh'
[1.661s] INFO:colcon.colcon_core.shell:Creating prefix script '/home/o2p9/ros_space/install/local_setup.bash'
[1.664s] INFO:colcon.colcon_core.shell:Creating prefix chain script '/home/o2p9/ros_space/install/setup.bash'
[1.668s] INFO:colcon.colcon_core.shell:Creating prefix script '/home/o2p9/ros_space/install/local_setup.zsh'
[1.669s] INFO:colcon.colcon_core.shell:Creating prefix chain script '/home/o2p9/ros_space/install/setup.zsh'
