[0.014s] Invoking command in '/home/o2p9/ros_space/build/tutorial_pkg': CMAKE_PREFIX_PATH=/opt/ros/iron /usr/bin/cmake --build /home/o2p9/ros_space/build/tutorial_pkg -- -j4 -l4
[0.040s] -- Found ament_cmake: 2.0.7 (/opt/ros/iron/share/ament_cmake/cmake)
[0.213s] -- Found ament_lint_auto: 0.14.4 (/opt/ros/iron/share/ament_lint_auto/cmake)
[0.295s] -- Added test 'lint_cmake' to check CMake code style
[0.296s] -- Added test 'xmllint' to check XML markup files
[0.297s] -- Configuring done
[0.301s] -- Generating done
[0.303s] -- Build files have been written to: /home/o2p9/ros_space/build/tutorial_pkg
[0.330s] Invoked command in '/home/o2p9/ros_space/build/tutorial_pkg' returned '0': CMAKE_PREFIX_PATH=/opt/ros/iron /usr/bin/cmake --build /home/o2p9/ros_space/build/tutorial_pkg -- -j4 -l4
[0.341s] Invoking command in '/home/o2p9/ros_space/build/tutorial_pkg': CMAKE_PREFIX_PATH=/opt/ros/iron /usr/bin/cmake --install /home/o2p9/ros_space/build/tutorial_pkg
[0.351s] -- Install configuration: ""
[0.351s] -- Installing: /home/o2p9/ros_space/install/tutorial_pkg/share/ament_index/resource_index/package_run_dependencies/tutorial_pkg
[0.351s] -- Up-to-date: /home/o2p9/ros_space/install/tutorial_pkg/share/ament_index/resource_index/parent_prefix_path/tutorial_pkg
[0.351s] -- Up-to-date: /home/o2p9/ros_space/install/tutorial_pkg/share/tutorial_pkg/environment/ament_prefix_path.sh
[0.352s] -- Up-to-date: /home/o2p9/ros_space/install/tutorial_pkg/share/tutorial_pkg/environment/ament_prefix_path.dsv
[0.352s] -- Up-to-date: /home/o2p9/ros_space/install/tutorial_pkg/share/tutorial_pkg/environment/path.sh
[0.352s] -- Up-to-date: /home/o2p9/ros_space/install/tutorial_pkg/share/tutorial_pkg/environment/path.dsv
[0.352s] -- Up-to-date: /home/o2p9/ros_space/install/tutorial_pkg/share/tutorial_pkg/local_setup.bash
[0.352s] -- Up-to-date: /home/o2p9/ros_space/install/tutorial_pkg/share/tutorial_pkg/local_setup.sh
[0.352s] -- Up-to-date: /home/o2p9/ros_space/install/tutorial_pkg/share/tutorial_pkg/local_setup.zsh
[0.353s] -- Up-to-date: /home/o2p9/ros_space/install/tutorial_pkg/share/tutorial_pkg/local_setup.dsv
[0.353s] -- Up-to-date: /home/o2p9/ros_space/install/tutorial_pkg/share/tutorial_pkg/package.dsv
[0.353s] -- Up-to-date: /home/o2p9/ros_space/install/tutorial_pkg/share/ament_index/resource_index/packages/tutorial_pkg
[0.353s] -- Up-to-date: /home/o2p9/ros_space/install/tutorial_pkg/share/tutorial_pkg/cmake/tutorial_pkgConfig.cmake
[0.353s] -- Up-to-date: /home/o2p9/ros_space/install/tutorial_pkg/share/tutorial_pkg/cmake/tutorial_pkgConfig-version.cmake
[0.353s] -- Installing: /home/o2p9/ros_space/install/tutorial_pkg/share/tutorial_pkg/package.xml
[0.353s] -- Installing: /home/o2p9/ros_space/install/tutorial_pkg/lib/tutorial_pkg/test_move
[0.356s] Invoked command in '/home/o2p9/ros_space/build/tutorial_pkg' returned '0': CMAKE_PREFIX_PATH=/opt/ros/iron /usr/bin/cmake --install /home/o2p9/ros_space/build/tutorial_pkg
