[0.133s] DEBUG:colcon:Command line arguments: ['/usr/bin/colcon', 'build']
[0.133s] DEBUG:colcon:Parsed command line arguments: Namespace(log_base=None, log_level=None, verb_name='build', build_base='build', install_base='install', merge_install=False, symlink_install=False, test_result_base=None, continue_on_error=False, executor='parallel', parallel_workers=4, event_handlers=None, ignore_user_meta=False, metas=['./colcon.meta'], base_paths=['.'], packages_ignore=None, packages_ignore_regex=None, paths=None, packages_up_to=None, packages_up_to_regex=None, packages_above=None, packages_above_and_dependencies=None, packages_above_depth=None, packages_select_by_dep=None, packages_skip_by_dep=None, packages_skip_up_to=None, packages_select_build_failed=False, packages_skip_build_finished=False, packages_select_test_failures=False, packages_skip_test_passed=False, packages_select=None, packages_skip=None, packages_select_regex=None, packages_skip_regex=None, packages_start=None, packages_end=None, allow_overriding=[], cmake_args=None, cmake_target=None, cmake_target_skip_unavailable=False, cmake_clean_cache=False, cmake_clean_first=False, cmake_force_configure=False, ament_cmake_args=None, catkin_cmake_args=None, catkin_skip_building_tests=False, mixin_files=None, mixin=None, verb_parser=<colcon_mixin.mixin.mixin_argument.MixinArgumentDecorator object at 0x71ca310fbaf0>, verb_extension=<colcon_core.verb.build.BuildVerb object at 0x71ca31290df0>, main=<bound method BuildVerb.main of <colcon_core.verb.build.BuildVerb object at 0x71ca31290df0>>, mixin_verb=('build',))
[0.371s] Level 1:colcon.colcon_core.package_discovery:discover_packages(colcon_meta) check parameters
[0.371s] Level 1:colcon.colcon_core.package_discovery:discover_packages(recursive) check parameters
[0.371s] Level 1:colcon.colcon_core.package_discovery:discover_packages(ignore) check parameters
[0.371s] Level 1:colcon.colcon_core.package_discovery:discover_packages(path) check parameters
[0.371s] Level 1:colcon.colcon_core.package_discovery:discover_packages(colcon_meta) discover
[0.371s] Level 1:colcon.colcon_core.package_discovery:discover_packages(recursive) discover
[0.371s] INFO:colcon.colcon_core.package_discovery:Crawling recursively for packages in '/home/o2p9/ros_space'
[0.371s] Level 1:colcon.colcon_core.package_identification:_identify(.) by extensions ['ignore', 'ignore_ament_install']
[0.371s] Level 1:colcon.colcon_core.package_identification:_identify(.) by extension 'ignore'
[0.372s] Level 1:colcon.colcon_core.package_identification:_identify(.) by extension 'ignore_ament_install'
[0.372s] Level 1:colcon.colcon_core.package_identification:_identify(.) by extensions ['colcon_pkg']
[0.372s] Level 1:colcon.colcon_core.package_identification:_identify(.) by extension 'colcon_pkg'
[0.372s] Level 1:colcon.colcon_core.package_identification:_identify(.) by extensions ['colcon_meta']
[0.372s] Level 1:colcon.colcon_core.package_identification:_identify(.) by extension 'colcon_meta'
[0.372s] Level 1:colcon.colcon_core.package_identification:_identify(.) by extensions ['ros']
[0.372s] Level 1:colcon.colcon_core.package_identification:_identify(.) by extension 'ros'
[0.397s] Level 1:colcon.colcon_core.package_identification:_identify(.) by extensions ['cmake', 'python']
[0.397s] Level 1:colcon.colcon_core.package_identification:_identify(.) by extension 'cmake'
[0.398s] Level 1:colcon.colcon_core.package_identification:_identify(.) by extension 'python'
[0.398s] Level 1:colcon.colcon_core.package_identification:_identify(.) by extensions ['python_setup_py']
[0.398s] Level 1:colcon.colcon_core.package_identification:_identify(.) by extension 'python_setup_py'
[0.398s] Level 1:colcon.colcon_core.package_identification:_identify(build) by extensions ['ignore', 'ignore_ament_install']
[0.398s] Level 1:colcon.colcon_core.package_identification:_identify(build) by extension 'ignore'
[0.398s] Level 1:colcon.colcon_core.package_identification:_identify(build) ignored
[0.398s] Level 1:colcon.colcon_core.package_identification:_identify(install) by extensions ['ignore', 'ignore_ament_install']
[0.398s] Level 1:colcon.colcon_core.package_identification:_identify(install) by extension 'ignore'
[0.398s] Level 1:colcon.colcon_core.package_identification:_identify(install) ignored
[0.398s] Level 1:colcon.colcon_core.package_identification:_identify(log) by extensions ['ignore', 'ignore_ament_install']
[0.399s] Level 1:colcon.colcon_core.package_identification:_identify(log) by extension 'ignore'
[0.399s] Level 1:colcon.colcon_core.package_identification:_identify(log) ignored
[0.399s] Level 1:colcon.colcon_core.package_identification:_identify(pkg-tbot) by extensions ['ignore', 'ignore_ament_install']
[0.399s] Level 1:colcon.colcon_core.package_identification:_identify(pkg-tbot) by extension 'ignore'
[0.399s] Level 1:colcon.colcon_core.package_identification:_identify(pkg-tbot) by extension 'ignore_ament_install'
[0.399s] Level 1:colcon.colcon_core.package_identification:_identify(pkg-tbot) by extensions ['colcon_pkg']
[0.399s] Level 1:colcon.colcon_core.package_identification:_identify(pkg-tbot) by extension 'colcon_pkg'
[0.399s] Level 1:colcon.colcon_core.package_identification:_identify(pkg-tbot) by extensions ['colcon_meta']
[0.399s] Level 1:colcon.colcon_core.package_identification:_identify(pkg-tbot) by extension 'colcon_meta'
[0.399s] Level 1:colcon.colcon_core.package_identification:_identify(pkg-tbot) by extensions ['ros']
[0.399s] Level 1:colcon.colcon_core.package_identification:_identify(pkg-tbot) by extension 'ros'
[0.399s] Level 1:colcon.colcon_core.package_identification:_identify(pkg-tbot) by extensions ['cmake', 'python']
[0.399s] Level 1:colcon.colcon_core.package_identification:_identify(pkg-tbot) by extension 'cmake'
[0.399s] Level 1:colcon.colcon_core.package_identification:_identify(pkg-tbot) by extension 'python'
[0.399s] Level 1:colcon.colcon_core.package_identification:_identify(pkg-tbot) by extensions ['python_setup_py']
[0.399s] Level 1:colcon.colcon_core.package_identification:_identify(pkg-tbot) by extension 'python_setup_py'
[0.399s] Level 1:colcon.colcon_core.package_identification:_identify(pkg-tbot/bin) by extensions ['ignore', 'ignore_ament_install']
[0.400s] Level 1:colcon.colcon_core.package_identification:_identify(pkg-tbot/bin) by extension 'ignore'
[0.400s] Level 1:colcon.colcon_core.package_identification:_identify(pkg-tbot/bin) by extension 'ignore_ament_install'
[0.400s] Level 1:colcon.colcon_core.package_identification:_identify(pkg-tbot/bin) by extensions ['colcon_pkg']
[0.400s] Level 1:colcon.colcon_core.package_identification:_identify(pkg-tbot/bin) by extension 'colcon_pkg'
[0.400s] Level 1:colcon.colcon_core.package_identification:_identify(pkg-tbot/bin) by extensions ['colcon_meta']
[0.400s] Level 1:colcon.colcon_core.package_identification:_identify(pkg-tbot/bin) by extension 'colcon_meta'
[0.400s] Level 1:colcon.colcon_core.package_identification:_identify(pkg-tbot/bin) by extensions ['ros']
[0.400s] Level 1:colcon.colcon_core.package_identification:_identify(pkg-tbot/bin) by extension 'ros'
[0.400s] Level 1:colcon.colcon_core.package_identification:_identify(pkg-tbot/bin) by extensions ['cmake', 'python']
[0.400s] Level 1:colcon.colcon_core.package_identification:_identify(pkg-tbot/bin) by extension 'cmake'
[0.400s] Level 1:colcon.colcon_core.package_identification:_identify(pkg-tbot/bin) by extension 'python'
[0.400s] Level 1:colcon.colcon_core.package_identification:_identify(pkg-tbot/bin) by extensions ['python_setup_py']
[0.400s] Level 1:colcon.colcon_core.package_identification:_identify(pkg-tbot/bin) by extension 'python_setup_py'
[0.400s] Level 1:colcon.colcon_core.package_identification:_identify(pkg-tbot/diy) by extensions ['ignore', 'ignore_ament_install']
[0.400s] Level 1:colcon.colcon_core.package_identification:_identify(pkg-tbot/diy) by extension 'ignore'
[0.400s] Level 1:colcon.colcon_core.package_identification:_identify(pkg-tbot/diy) by extension 'ignore_ament_install'
[0.400s] Level 1:colcon.colcon_core.package_identification:_identify(pkg-tbot/diy) by extensions ['colcon_pkg']
[0.401s] Level 1:colcon.colcon_core.package_identification:_identify(pkg-tbot/diy) by extension 'colcon_pkg'
[0.401s] Level 1:colcon.colcon_core.package_identification:_identify(pkg-tbot/diy) by extensions ['colcon_meta']
[0.401s] Level 1:colcon.colcon_core.package_identification:_identify(pkg-tbot/diy) by extension 'colcon_meta'
[0.401s] Level 1:colcon.colcon_core.package_identification:_identify(pkg-tbot/diy) by extensions ['ros']
[0.401s] Level 1:colcon.colcon_core.package_identification:_identify(pkg-tbot/diy) by extension 'ros'
[0.401s] Level 1:colcon.colcon_core.package_identification:_identify(pkg-tbot/diy) by extensions ['cmake', 'python']
[0.401s] Level 1:colcon.colcon_core.package_identification:_identify(pkg-tbot/diy) by extension 'cmake'
[0.401s] Level 1:colcon.colcon_core.package_identification:_identify(pkg-tbot/diy) by extension 'python'
[0.401s] Level 1:colcon.colcon_core.package_identification:_identify(pkg-tbot/diy) by extensions ['python_setup_py']
[0.401s] Level 1:colcon.colcon_core.package_identification:_identify(pkg-tbot/diy) by extension 'python_setup_py'
[0.401s] Level 1:colcon.colcon_core.package_identification:_identify(pkg-tbot/kobuki_ros_interfaces) by extensions ['ignore', 'ignore_ament_install']
[0.401s] Level 1:colcon.colcon_core.package_identification:_identify(pkg-tbot/kobuki_ros_interfaces) by extension 'ignore'
[0.401s] Level 1:colcon.colcon_core.package_identification:_identify(pkg-tbot/kobuki_ros_interfaces) by extension 'ignore_ament_install'
[0.401s] Level 1:colcon.colcon_core.package_identification:_identify(pkg-tbot/kobuki_ros_interfaces) by extensions ['colcon_pkg']
[0.401s] Level 1:colcon.colcon_core.package_identification:_identify(pkg-tbot/kobuki_ros_interfaces) by extension 'colcon_pkg'
[0.401s] Level 1:colcon.colcon_core.package_identification:_identify(pkg-tbot/kobuki_ros_interfaces) by extensions ['colcon_meta']
[0.401s] Level 1:colcon.colcon_core.package_identification:_identify(pkg-tbot/kobuki_ros_interfaces) by extension 'colcon_meta'
[0.401s] Level 1:colcon.colcon_core.package_identification:_identify(pkg-tbot/kobuki_ros_interfaces) by extensions ['ros']
[0.401s] Level 1:colcon.colcon_core.package_identification:_identify(pkg-tbot/kobuki_ros_interfaces) by extension 'ros'
[0.404s] DEBUG:colcon.colcon_core.package_identification:Package 'pkg-tbot/kobuki_ros_interfaces' with type 'ros.ament_cmake' and name 'kobuki_ros_interfaces'
[0.405s] Level 1:colcon.colcon_core.package_identification:_identify(tutorial_pkg) by extensions ['ignore', 'ignore_ament_install']
[0.405s] Level 1:colcon.colcon_core.package_identification:_identify(tutorial_pkg) by extension 'ignore'
[0.405s] Level 1:colcon.colcon_core.package_identification:_identify(tutorial_pkg) by extension 'ignore_ament_install'
[0.405s] Level 1:colcon.colcon_core.package_identification:_identify(tutorial_pkg) by extensions ['colcon_pkg']
[0.405s] Level 1:colcon.colcon_core.package_identification:_identify(tutorial_pkg) by extension 'colcon_pkg'
[0.405s] Level 1:colcon.colcon_core.package_identification:_identify(tutorial_pkg) by extensions ['colcon_meta']
[0.405s] Level 1:colcon.colcon_core.package_identification:_identify(tutorial_pkg) by extension 'colcon_meta'
[0.405s] Level 1:colcon.colcon_core.package_identification:_identify(tutorial_pkg) by extensions ['ros']
[0.405s] Level 1:colcon.colcon_core.package_identification:_identify(tutorial_pkg) by extension 'ros'
[0.406s] DEBUG:colcon.colcon_core.package_identification:Package 'tutorial_pkg' with type 'ros.ament_cmake' and name 'tutorial_pkg'
[0.406s] Level 1:colcon.colcon_core.package_discovery:discover_packages(recursive) using defaults
[0.406s] Level 1:colcon.colcon_core.package_discovery:discover_packages(ignore) discover
[0.406s] Level 1:colcon.colcon_core.package_discovery:discover_packages(ignore) using defaults
[0.406s] Level 1:colcon.colcon_core.package_discovery:discover_packages(path) discover
[0.406s] Level 1:colcon.colcon_core.package_discovery:discover_packages(path) using defaults
[0.429s] Level 1:colcon.colcon_core.package_discovery:discover_packages(prefix_path) check parameters
[0.429s] Level 1:colcon.colcon_core.package_discovery:discover_packages(prefix_path) discover
[0.431s] DEBUG:colcon.colcon_installed_package_information.package_discovery:Found 2 installed packages in /home/o2p9/ros_space/install
[0.433s] DEBUG:colcon.colcon_installed_package_information.package_discovery:Found 366 installed packages in /opt/ros/iron
[0.435s] Level 1:colcon.colcon_core.package_discovery:discover_packages(prefix_path) using defaults
[0.492s] Level 5:colcon.colcon_core.verb:set package 'kobuki_ros_interfaces' build argument 'cmake_args' from command line to 'None'
[0.492s] Level 5:colcon.colcon_core.verb:set package 'kobuki_ros_interfaces' build argument 'cmake_target' from command line to 'None'
[0.492s] Level 5:colcon.colcon_core.verb:set package 'kobuki_ros_interfaces' build argument 'cmake_target_skip_unavailable' from command line to 'False'
[0.493s] Level 5:colcon.colcon_core.verb:set package 'kobuki_ros_interfaces' build argument 'cmake_clean_cache' from command line to 'False'
[0.493s] Level 5:colcon.colcon_core.verb:set package 'kobuki_ros_interfaces' build argument 'cmake_clean_first' from command line to 'False'
[0.493s] Level 5:colcon.colcon_core.verb:set package 'kobuki_ros_interfaces' build argument 'cmake_force_configure' from command line to 'False'
[0.493s] Level 5:colcon.colcon_core.verb:set package 'kobuki_ros_interfaces' build argument 'ament_cmake_args' from command line to 'None'
[0.493s] Level 5:colcon.colcon_core.verb:set package 'kobuki_ros_interfaces' build argument 'catkin_cmake_args' from command line to 'None'
[0.493s] Level 5:colcon.colcon_core.verb:set package 'kobuki_ros_interfaces' build argument 'catkin_skip_building_tests' from command line to 'False'
[0.493s] DEBUG:colcon.colcon_core.verb:Building package 'kobuki_ros_interfaces' with the following arguments: {'ament_cmake_args': None, 'build_base': '/home/o2p9/ros_space/build/kobuki_ros_interfaces', 'catkin_cmake_args': None, 'catkin_skip_building_tests': False, 'cmake_args': None, 'cmake_clean_cache': False, 'cmake_clean_first': False, 'cmake_force_configure': False, 'cmake_target': None, 'cmake_target_skip_unavailable': False, 'install_base': '/home/o2p9/ros_space/install/kobuki_ros_interfaces', 'merge_install': False, 'path': '/home/o2p9/ros_space/pkg-tbot/kobuki_ros_interfaces', 'symlink_install': False, 'test_result_base': None}
[0.493s] Level 5:colcon.colcon_core.verb:set package 'tutorial_pkg' build argument 'cmake_args' from command line to 'None'
[0.493s] Level 5:colcon.colcon_core.verb:set package 'tutorial_pkg' build argument 'cmake_target' from command line to 'None'
[0.493s] Level 5:colcon.colcon_core.verb:set package 'tutorial_pkg' build argument 'cmake_target_skip_unavailable' from command line to 'False'
[0.493s] Level 5:colcon.colcon_core.verb:set package 'tutorial_pkg' build argument 'cmake_clean_cache' from command line to 'False'
[0.493s] Level 5:colcon.colcon_core.verb:set package 'tutorial_pkg' build argument 'cmake_clean_first' from command line to 'False'
[0.493s] Level 5:colcon.colcon_core.verb:set package 'tutorial_pkg' build argument 'cmake_force_configure' from command line to 'False'
[0.493s] Level 5:colcon.colcon_core.verb:set package 'tutorial_pkg' build argument 'ament_cmake_args' from command line to 'None'
[0.493s] Level 5:colcon.colcon_core.verb:set package 'tutorial_pkg' build argument 'catkin_cmake_args' from command line to 'None'
[0.493s] Level 5:colcon.colcon_core.verb:set package 'tutorial_pkg' build argument 'catkin_skip_building_tests' from command line to 'False'
[0.493s] DEBUG:colcon.colcon_core.verb:Building package 'tutorial_pkg' with the following arguments: {'ament_cmake_args': None, 'build_base': '/home/o2p9/ros_space/build/tutorial_pkg', 'catkin_cmake_args': None, 'catkin_skip_building_tests': False, 'cmake_args': None, 'cmake_clean_cache': False, 'cmake_clean_first': False, 'cmake_force_configure': False, 'cmake_target': None, 'cmake_target_skip_unavailable': False, 'install_base': '/home/o2p9/ros_space/install/tutorial_pkg', 'merge_install': False, 'path': '/home/o2p9/ros_space/tutorial_pkg', 'symlink_install': False, 'test_result_base': None}
[0.494s] INFO:colcon.colcon_core.executor:Executing jobs using 'parallel' executor
[0.495s] DEBUG:colcon.colcon_parallel_executor.executor.parallel:run_until_complete
[0.495s] INFO:colcon.colcon_ros.task.ament_cmake.build:Building ROS package in '/home/o2p9/ros_space/pkg-tbot/kobuki_ros_interfaces' with build type 'ament_cmake'
[0.496s] INFO:colcon.colcon_cmake.task.cmake.build:Building CMake package in '/home/o2p9/ros_space/pkg-tbot/kobuki_ros_interfaces'
[0.498s] INFO:colcon.colcon_core.plugin_system:Skipping extension 'colcon_core.shell.bat': Not used on non-Windows systems
[0.499s] INFO:colcon.colcon_core.shell:Skip shell extension 'powershell' for command environment: Not usable outside of PowerShell
[0.499s] DEBUG:colcon.colcon_core.shell:Skip shell extension 'dsv' for command environment
[0.504s] INFO:colcon.colcon_ros.task.ament_cmake.build:Building ROS package in '/home/o2p9/ros_space/tutorial_pkg' with build type 'ament_cmake'
[0.505s] INFO:colcon.colcon_cmake.task.cmake.build:Building CMake package in '/home/o2p9/ros_space/tutorial_pkg'
[0.506s] INFO:colcon.colcon_core.shell:Skip shell extension 'powershell' for command environment: Not usable outside of PowerShell
[0.506s] DEBUG:colcon.colcon_core.shell:Skip shell extension 'dsv' for command environment
[0.519s] DEBUG:colcon.colcon_core.event_handler.log_command:Invoking command in '/home/o2p9/ros_space/build/kobuki_ros_interfaces': CMAKE_PREFIX_PATH=${CMAKE_PREFIX_PATH}:/opt/ros/iron /usr/bin/cmake --build /home/o2p9/ros_space/build/kobuki_ros_interfaces -- -j4 -l4
[0.529s] DEBUG:colcon.colcon_core.event_handler.log_command:Invoking command in '/home/o2p9/ros_space/build/tutorial_pkg': CMAKE_PREFIX_PATH=${CMAKE_PREFIX_PATH}:/opt/ros/iron /usr/bin/cmake --build /home/o2p9/ros_space/build/tutorial_pkg -- -j4 -l4
[0.578s] DEBUG:colcon.colcon_core.event_handler.log_command:Invoked command in '/home/o2p9/ros_space/build/tutorial_pkg' returned '0': CMAKE_PREFIX_PATH=${CMAKE_PREFIX_PATH}:/opt/ros/iron /usr/bin/cmake --build /home/o2p9/ros_space/build/tutorial_pkg -- -j4 -l4
[0.593s] DEBUG:colcon.colcon_core.event_handler.log_command:Invoking command in '/home/o2p9/ros_space/build/tutorial_pkg': CMAKE_PREFIX_PATH=${CMAKE_PREFIX_PATH}:/opt/ros/iron /usr/bin/cmake --install /home/o2p9/ros_space/build/tutorial_pkg
[0.609s] Level 1:colcon.colcon_core.environment:create_environment_scripts_only(tutorial_pkg)
[0.613s] Level 1:colcon.colcon_core.environment:checking '/home/o2p9/ros_space/install/tutorial_pkg' for CMake module files
[0.614s] Level 1:colcon.colcon_core.environment:checking '/home/o2p9/ros_space/install/tutorial_pkg' for CMake config files
[0.615s] DEBUG:colcon.colcon_core.event_handler.log_command:Invoked command in '/home/o2p9/ros_space/build/tutorial_pkg' returned '0': CMAKE_PREFIX_PATH=${CMAKE_PREFIX_PATH}:/opt/ros/iron /usr/bin/cmake --install /home/o2p9/ros_space/build/tutorial_pkg
[0.616s] Level 1:colcon.colcon_core.shell:create_environment_hook('tutorial_pkg', 'cmake_prefix_path')
[0.616s] INFO:colcon.colcon_core.shell:Creating environment hook '/home/o2p9/ros_space/install/tutorial_pkg/share/tutorial_pkg/hook/cmake_prefix_path.ps1'
[0.618s] INFO:colcon.colcon_core.shell:Creating environment descriptor '/home/o2p9/ros_space/install/tutorial_pkg/share/tutorial_pkg/hook/cmake_prefix_path.dsv'
[0.619s] INFO:colcon.colcon_core.shell:Creating environment hook '/home/o2p9/ros_space/install/tutorial_pkg/share/tutorial_pkg/hook/cmake_prefix_path.sh'
[0.621s] Level 1:colcon.colcon_core.environment:checking '/home/o2p9/ros_space/install/tutorial_pkg/lib'
[0.622s] Level 1:colcon.colcon_core.environment:checking '/home/o2p9/ros_space/install/tutorial_pkg/bin'
[0.623s] Level 1:colcon.colcon_core.environment:checking '/home/o2p9/ros_space/install/tutorial_pkg/lib/pkgconfig/tutorial_pkg.pc'
[0.623s] Level 1:colcon.colcon_core.environment:checking '/home/o2p9/ros_space/install/tutorial_pkg/lib/python3.10/site-packages'
[0.623s] Level 1:colcon.colcon_core.environment:checking '/home/o2p9/ros_space/install/tutorial_pkg/bin'
[0.624s] INFO:colcon.colcon_core.shell:Creating package script '/home/o2p9/ros_space/install/tutorial_pkg/share/tutorial_pkg/package.ps1'
[0.640s] INFO:colcon.colcon_core.shell:Creating package descriptor '/home/o2p9/ros_space/install/tutorial_pkg/share/tutorial_pkg/package.dsv'
[0.645s] INFO:colcon.colcon_core.shell:Creating package script '/home/o2p9/ros_space/install/tutorial_pkg/share/tutorial_pkg/package.sh'
[0.650s] INFO:colcon.colcon_core.shell:Creating package script '/home/o2p9/ros_space/install/tutorial_pkg/share/tutorial_pkg/package.bash'
[0.653s] INFO:colcon.colcon_core.shell:Creating package script '/home/o2p9/ros_space/install/tutorial_pkg/share/tutorial_pkg/package.zsh'
[0.656s] Level 1:colcon.colcon_core.environment:create_file_with_runtime_dependencies(/home/o2p9/ros_space/install/tutorial_pkg/share/colcon-core/packages/tutorial_pkg)
[0.658s] Level 1:colcon.colcon_core.environment:create_environment_scripts_only(tutorial_pkg)
[0.659s] Level 1:colcon.colcon_core.environment:checking '/home/o2p9/ros_space/install/tutorial_pkg' for CMake module files
[0.660s] Level 1:colcon.colcon_core.environment:checking '/home/o2p9/ros_space/install/tutorial_pkg' for CMake config files
[0.661s] Level 1:colcon.colcon_core.shell:create_environment_hook('tutorial_pkg', 'cmake_prefix_path')
[0.661s] INFO:colcon.colcon_core.shell:Creating environment hook '/home/o2p9/ros_space/install/tutorial_pkg/share/tutorial_pkg/hook/cmake_prefix_path.ps1'
[0.663s] INFO:colcon.colcon_core.shell:Creating environment descriptor '/home/o2p9/ros_space/install/tutorial_pkg/share/tutorial_pkg/hook/cmake_prefix_path.dsv'
[0.664s] INFO:colcon.colcon_core.shell:Creating environment hook '/home/o2p9/ros_space/install/tutorial_pkg/share/tutorial_pkg/hook/cmake_prefix_path.sh'
[0.665s] Level 1:colcon.colcon_core.environment:checking '/home/o2p9/ros_space/install/tutorial_pkg/lib'
[0.666s] Level 1:colcon.colcon_core.environment:checking '/home/o2p9/ros_space/install/tutorial_pkg/bin'
[0.666s] Level 1:colcon.colcon_core.environment:checking '/home/o2p9/ros_space/install/tutorial_pkg/lib/pkgconfig/tutorial_pkg.pc'
[0.666s] Level 1:colcon.colcon_core.environment:checking '/home/o2p9/ros_space/install/tutorial_pkg/lib/python3.10/site-packages'
[0.667s] Level 1:colcon.colcon_core.environment:checking '/home/o2p9/ros_space/install/tutorial_pkg/bin'
[0.668s] INFO:colcon.colcon_core.shell:Creating package script '/home/o2p9/ros_space/install/tutorial_pkg/share/tutorial_pkg/package.ps1'
[0.669s] INFO:colcon.colcon_core.shell:Creating package descriptor '/home/o2p9/ros_space/install/tutorial_pkg/share/tutorial_pkg/package.dsv'
[0.670s] INFO:colcon.colcon_core.shell:Creating package script '/home/o2p9/ros_space/install/tutorial_pkg/share/tutorial_pkg/package.sh'
[0.671s] INFO:colcon.colcon_core.shell:Creating package script '/home/o2p9/ros_space/install/tutorial_pkg/share/tutorial_pkg/package.bash'
[0.672s] INFO:colcon.colcon_core.shell:Creating package script '/home/o2p9/ros_space/install/tutorial_pkg/share/tutorial_pkg/package.zsh'
[0.673s] Level 1:colcon.colcon_core.environment:create_file_with_runtime_dependencies(/home/o2p9/ros_space/install/tutorial_pkg/share/colcon-core/packages/tutorial_pkg)
[1.985s] DEBUG:colcon.colcon_core.event_handler.log_command:Invoked command in '/home/o2p9/ros_space/build/kobuki_ros_interfaces' returned '0': CMAKE_PREFIX_PATH=${CMAKE_PREFIX_PATH}:/opt/ros/iron /usr/bin/cmake --build /home/o2p9/ros_space/build/kobuki_ros_interfaces -- -j4 -l4
[1.988s] DEBUG:colcon.colcon_core.event_handler.log_command:Invoking command in '/home/o2p9/ros_space/build/kobuki_ros_interfaces': CMAKE_PREFIX_PATH=${CMAKE_PREFIX_PATH}:/opt/ros/iron /usr/bin/cmake --install /home/o2p9/ros_space/build/kobuki_ros_interfaces
[2.084s] Level 1:colcon.colcon_core.environment:create_environment_scripts_only(kobuki_ros_interfaces)
[2.085s] Level 1:colcon.colcon_core.environment:checking '/home/o2p9/ros_space/install/kobuki_ros_interfaces' for CMake module files
[2.086s] DEBUG:colcon.colcon_core.event_handler.log_command:Invoked command in '/home/o2p9/ros_space/build/kobuki_ros_interfaces' returned '0': CMAKE_PREFIX_PATH=${CMAKE_PREFIX_PATH}:/opt/ros/iron /usr/bin/cmake --install /home/o2p9/ros_space/build/kobuki_ros_interfaces
[2.086s] Level 1:colcon.colcon_core.environment:checking '/home/o2p9/ros_space/install/kobuki_ros_interfaces' for CMake config files
[2.087s] Level 1:colcon.colcon_core.shell:create_environment_hook('kobuki_ros_interfaces', 'cmake_prefix_path')
[2.087s] INFO:colcon.colcon_core.shell:Creating environment hook '/home/o2p9/ros_space/install/kobuki_ros_interfaces/share/kobuki_ros_interfaces/hook/cmake_prefix_path.ps1'
[2.088s] INFO:colcon.colcon_core.shell:Creating environment descriptor '/home/o2p9/ros_space/install/kobuki_ros_interfaces/share/kobuki_ros_interfaces/hook/cmake_prefix_path.dsv'
[2.088s] INFO:colcon.colcon_core.shell:Creating environment hook '/home/o2p9/ros_space/install/kobuki_ros_interfaces/share/kobuki_ros_interfaces/hook/cmake_prefix_path.sh'
[2.089s] Level 1:colcon.colcon_core.environment:checking '/home/o2p9/ros_space/install/kobuki_ros_interfaces/lib'
[2.089s] Level 1:colcon.colcon_core.shell:create_environment_hook('kobuki_ros_interfaces', 'ld_library_path_lib')
[2.090s] INFO:colcon.colcon_core.shell:Creating environment hook '/home/o2p9/ros_space/install/kobuki_ros_interfaces/share/kobuki_ros_interfaces/hook/ld_library_path_lib.ps1'
[2.090s] INFO:colcon.colcon_core.shell:Creating environment descriptor '/home/o2p9/ros_space/install/kobuki_ros_interfaces/share/kobuki_ros_interfaces/hook/ld_library_path_lib.dsv'
[2.091s] INFO:colcon.colcon_core.shell:Creating environment hook '/home/o2p9/ros_space/install/kobuki_ros_interfaces/share/kobuki_ros_interfaces/hook/ld_library_path_lib.sh'
[2.091s] Level 1:colcon.colcon_core.environment:checking '/home/o2p9/ros_space/install/kobuki_ros_interfaces/bin'
[2.091s] Level 1:colcon.colcon_core.environment:checking '/home/o2p9/ros_space/install/kobuki_ros_interfaces/lib/pkgconfig/kobuki_ros_interfaces.pc'
[2.092s] Level 1:colcon.colcon_core.environment:checking '/home/o2p9/ros_space/install/kobuki_ros_interfaces/lib/python3.10/site-packages'
[2.092s] Level 1:colcon.colcon_core.shell:create_environment_hook('kobuki_ros_interfaces', 'pythonpath')
[2.092s] INFO:colcon.colcon_core.shell:Creating environment hook '/home/o2p9/ros_space/install/kobuki_ros_interfaces/share/kobuki_ros_interfaces/hook/pythonpath.ps1'
[2.093s] INFO:colcon.colcon_core.shell:Creating environment descriptor '/home/o2p9/ros_space/install/kobuki_ros_interfaces/share/kobuki_ros_interfaces/hook/pythonpath.dsv'
[2.093s] INFO:colcon.colcon_core.shell:Creating environment hook '/home/o2p9/ros_space/install/kobuki_ros_interfaces/share/kobuki_ros_interfaces/hook/pythonpath.sh'
[2.094s] Level 1:colcon.colcon_core.environment:checking '/home/o2p9/ros_space/install/kobuki_ros_interfaces/bin'
[2.095s] INFO:colcon.colcon_core.shell:Creating package script '/home/o2p9/ros_space/install/kobuki_ros_interfaces/share/kobuki_ros_interfaces/package.ps1'
[2.096s] INFO:colcon.colcon_core.shell:Creating package descriptor '/home/o2p9/ros_space/install/kobuki_ros_interfaces/share/kobuki_ros_interfaces/package.dsv'
[2.097s] INFO:colcon.colcon_core.shell:Creating package script '/home/o2p9/ros_space/install/kobuki_ros_interfaces/share/kobuki_ros_interfaces/package.sh'
[2.097s] INFO:colcon.colcon_core.shell:Creating package script '/home/o2p9/ros_space/install/kobuki_ros_interfaces/share/kobuki_ros_interfaces/package.bash'
[2.098s] INFO:colcon.colcon_core.shell:Creating package script '/home/o2p9/ros_space/install/kobuki_ros_interfaces/share/kobuki_ros_interfaces/package.zsh'
[2.098s] Level 1:colcon.colcon_core.environment:create_file_with_runtime_dependencies(/home/o2p9/ros_space/install/kobuki_ros_interfaces/share/colcon-core/packages/kobuki_ros_interfaces)
[2.099s] Level 1:colcon.colcon_core.environment:create_environment_scripts_only(kobuki_ros_interfaces)
[2.100s] Level 1:colcon.colcon_core.environment:checking '/home/o2p9/ros_space/install/kobuki_ros_interfaces' for CMake module files
[2.101s] Level 1:colcon.colcon_core.environment:checking '/home/o2p9/ros_space/install/kobuki_ros_interfaces' for CMake config files
[2.101s] Level 1:colcon.colcon_core.shell:create_environment_hook('kobuki_ros_interfaces', 'cmake_prefix_path')
[2.101s] INFO:colcon.colcon_core.shell:Creating environment hook '/home/o2p9/ros_space/install/kobuki_ros_interfaces/share/kobuki_ros_interfaces/hook/cmake_prefix_path.ps1'
[2.102s] INFO:colcon.colcon_core.shell:Creating environment descriptor '/home/o2p9/ros_space/install/kobuki_ros_interfaces/share/kobuki_ros_interfaces/hook/cmake_prefix_path.dsv'
[2.102s] INFO:colcon.colcon_core.shell:Creating environment hook '/home/o2p9/ros_space/install/kobuki_ros_interfaces/share/kobuki_ros_interfaces/hook/cmake_prefix_path.sh'
[2.103s] Level 1:colcon.colcon_core.environment:checking '/home/o2p9/ros_space/install/kobuki_ros_interfaces/lib'
[2.103s] Level 1:colcon.colcon_core.shell:create_environment_hook('kobuki_ros_interfaces', 'ld_library_path_lib')
[2.104s] INFO:colcon.colcon_core.shell:Creating environment hook '/home/o2p9/ros_space/install/kobuki_ros_interfaces/share/kobuki_ros_interfaces/hook/ld_library_path_lib.ps1'
[2.104s] INFO:colcon.colcon_core.shell:Creating environment descriptor '/home/o2p9/ros_space/install/kobuki_ros_interfaces/share/kobuki_ros_interfaces/hook/ld_library_path_lib.dsv'
[2.105s] INFO:colcon.colcon_core.shell:Creating environment hook '/home/o2p9/ros_space/install/kobuki_ros_interfaces/share/kobuki_ros_interfaces/hook/ld_library_path_lib.sh'
[2.106s] Level 1:colcon.colcon_core.environment:checking '/home/o2p9/ros_space/install/kobuki_ros_interfaces/bin'
[2.106s] Level 1:colcon.colcon_core.environment:checking '/home/o2p9/ros_space/install/kobuki_ros_interfaces/lib/pkgconfig/kobuki_ros_interfaces.pc'
[2.106s] Level 1:colcon.colcon_core.environment:checking '/home/o2p9/ros_space/install/kobuki_ros_interfaces/lib/python3.10/site-packages'
[2.106s] Level 1:colcon.colcon_core.shell:create_environment_hook('kobuki_ros_interfaces', 'pythonpath')
[2.106s] INFO:colcon.colcon_core.shell:Creating environment hook '/home/o2p9/ros_space/install/kobuki_ros_interfaces/share/kobuki_ros_interfaces/hook/pythonpath.ps1'
[2.107s] INFO:colcon.colcon_core.shell:Creating environment descriptor '/home/o2p9/ros_space/install/kobuki_ros_interfaces/share/kobuki_ros_interfaces/hook/pythonpath.dsv'
[2.107s] INFO:colcon.colcon_core.shell:Creating environment hook '/home/o2p9/ros_space/install/kobuki_ros_interfaces/share/kobuki_ros_interfaces/hook/pythonpath.sh'
[2.108s] Level 1:colcon.colcon_core.environment:checking '/home/o2p9/ros_space/install/kobuki_ros_interfaces/bin'
[2.108s] INFO:colcon.colcon_core.shell:Creating package script '/home/o2p9/ros_space/install/kobuki_ros_interfaces/share/kobuki_ros_interfaces/package.ps1'
[2.109s] INFO:colcon.colcon_core.shell:Creating package descriptor '/home/o2p9/ros_space/install/kobuki_ros_interfaces/share/kobuki_ros_interfaces/package.dsv'
[2.109s] INFO:colcon.colcon_core.shell:Creating package script '/home/o2p9/ros_space/install/kobuki_ros_interfaces/share/kobuki_ros_interfaces/package.sh'
[2.110s] INFO:colcon.colcon_core.shell:Creating package script '/home/o2p9/ros_space/install/kobuki_ros_interfaces/share/kobuki_ros_interfaces/package.bash'
[2.111s] INFO:colcon.colcon_core.shell:Creating package script '/home/o2p9/ros_space/install/kobuki_ros_interfaces/share/kobuki_ros_interfaces/package.zsh'
[2.111s] Level 1:colcon.colcon_core.environment:create_file_with_runtime_dependencies(/home/o2p9/ros_space/install/kobuki_ros_interfaces/share/colcon-core/packages/kobuki_ros_interfaces)
[2.112s] DEBUG:colcon.colcon_parallel_executor.executor.parallel:closing loop
[2.112s] DEBUG:colcon.colcon_parallel_executor.executor.parallel:loop closed
[2.112s] DEBUG:colcon.colcon_parallel_executor.executor.parallel:run_until_complete finished with '0'
[2.112s] DEBUG:colcon.colcon_core.event_reactor:joining thread
[2.121s] INFO:colcon.colcon_core.plugin_system:Skipping extension 'colcon_notification.desktop_notification.notify_send': Could not find 'notify-send'
[2.122s] INFO:colcon.colcon_core.plugin_system:Skipping extension 'colcon_notification.desktop_notification.terminal_notifier': Not used on non-Darwin systems
[2.122s] INFO:colcon.colcon_core.plugin_system:Skipping extension 'colcon_notification.desktop_notification.win32': Not used on non-Windows systems
[2.122s] INFO:colcon.colcon_notification.desktop_notification:Sending desktop notification using 'notify2'
[2.136s] DEBUG:colcon.colcon_core.event_reactor:joined thread
[2.137s] INFO:colcon.colcon_core.shell:Creating prefix script '/home/o2p9/ros_space/install/local_setup.ps1'
[2.139s] INFO:colcon.colcon_core.shell:Creating prefix util module '/home/o2p9/ros_space/install/_local_setup_util_ps1.py'
[2.141s] INFO:colcon.colcon_core.shell:Creating prefix chain script '/home/o2p9/ros_space/install/setup.ps1'
[2.144s] INFO:colcon.colcon_core.shell:Creating prefix script '/home/o2p9/ros_space/install/local_setup.sh'
[2.145s] INFO:colcon.colcon_core.shell:Creating prefix util module '/home/o2p9/ros_space/install/_local_setup_util_sh.py'
[2.146s] INFO:colcon.colcon_core.shell:Creating prefix chain script '/home/o2p9/ros_space/install/setup.sh'
[2.148s] INFO:colcon.colcon_core.shell:Creating prefix script '/home/o2p9/ros_space/install/local_setup.bash'
[2.149s] INFO:colcon.colcon_core.shell:Creating prefix chain script '/home/o2p9/ros_space/install/setup.bash'
[2.150s] INFO:colcon.colcon_core.shell:Creating prefix script '/home/o2p9/ros_space/install/local_setup.zsh'
[2.150s] INFO:colcon.colcon_core.shell:Creating prefix chain script '/home/o2p9/ros_space/install/setup.zsh'
